[2018-02-12 11:50:09,449] - loggin.py] - INFO: ------用户信息管理模块测试用例开始------
[2018-02-12 11:50:19,786] - loggin.py] - INFO: ------测试用户新增------
[2018-02-12 11:50:19,792] - loggin.py] - INFO: ------输入登录用户名------
[2018-02-12 11:50:20,041] - loggin.py] - INFO: ------输入登录密码------
[2018-02-12 11:50:26,899] - loggin.py] - INFO: ------测试用例结束------
[2018-02-12 11:52:31,501] - loggin.py] - INFO: ------输入登录用户名------
[2018-02-12 11:52:31,631] - loggin.py] - INFO: ------输入登录密码------
[2018-02-12 11:52:35,407] - loggin.py] - INFO: ------新增用户------
[2018-02-12 11:54:10,719] - loggin.py] - INFO: ------用户信息管理模块测试用例开始------
[2018-02-12 11:54:17,384] - loggin.py] - INFO: ------进入网站------
[2018-02-12 11:54:17,386] - loggin.py] - INFO: ------输入登录用户名------
[2018-02-12 11:54:17,587] - loggin.py] - INFO: ------输入登录密码------
[2018-02-12 11:54:17,795] - loggin.py] - INFO: ------测试用户新增------
[2018-02-12 11:54:20,159] - loggin.py] - INFO: ------新增用户------
[2018-02-12 11:54:23,260] - loggin.py] - INFO: ------测试用例结束------
[2018-02-12 11:55:30,697] - loggin.py] - INFO: ------用户信息管理模块测试用例开始------
[2018-02-12 11:55:37,361] - loggin.py] - INFO: ------进入网站------
[2018-02-12 11:55:37,362] - loggin.py] - INFO: ------输入登录用户名------
[2018-02-12 11:55:37,655] - loggin.py] - INFO: ------输入登录密码------
[2018-02-12 11:55:37,856] - loggin.py] - INFO: ------测试用户新增------
[2018-02-12 11:55:43,356] - loggin.py] - INFO: ------测试用例结束------
[2018-02-12 11:56:24,030] - loggin.py] - INFO: ------用户信息管理模块测试用例开始------
[2018-02-12 11:56:31,092] - loggin.py] - INFO: ------进入网站------
[2018-02-12 11:56:31,094] - loggin.py] - INFO: ------输入登录用户名------
[2018-02-12 11:56:31,362] - loggin.py] - INFO: ------输入登录密码------
[2018-02-12 11:56:31,547] - loggin.py] - INFO: ------测试用户新增------
[2018-02-12 11:56:33,758] - loggin.py] - INFO: ------新增用户------
[2018-02-12 11:56:36,822] - loggin.py] - INFO: ------测试用例结束------
[2018-02-12 11:58:57,315] - loggin.py] - INFO: ------用户信息管理模块测试用例开始------
[2018-02-12 11:59:05,106] - loggin.py] - INFO: ------进入网站------
[2018-02-12 11:59:05,107] - loggin.py] - INFO: ------输入登录用户名------
[2018-02-12 11:59:05,321] - loggin.py] - INFO: ------输入登录密码------
[2018-02-12 11:59:05,531] - loggin.py] - INFO: ------测试用户新增------
[2018-02-12 11:59:07,963] - loggin.py] - INFO: ------新增用户------
[2018-02-12 11:59:11,032] - loggin.py] - INFO: ------测试用例结束------
[2018-02-12 12:00:30,756] - loggin.py] - INFO: ------用户信息管理模块测试用例开始------
[2018-02-12 12:00:37,996] - loggin.py] - INFO: ------进入网站------
[2018-02-12 12:00:37,998] - loggin.py] - INFO: ------输入登录用户名------
[2018-02-12 12:00:38,249] - loggin.py] - INFO: ------输入登录密码------
[2018-02-12 12:00:38,484] - loggin.py] - INFO: ------测试用户新增------
[2018-02-12 12:00:40,882] - loggin.py] - INFO: ------新增用户------
[2018-02-12 12:00:43,987] - loggin.py] - INFO: ------测试用例结束------
[2018-02-12 12:00:57,842] - loggin.py] - INFO: ------输入登录用户名------
[2018-02-12 12:00:58,033] - loggin.py] - INFO: ------输入登录密码------
[2018-02-12 12:01:02,104] - loggin.py] - INFO: ------新增用户------
[2018-02-12 12:01:04,699] - loggin.py] - INFO: ------绑定的员工工号为05033------
[2018-02-12 12:01:05,167] - loggin.py] - INFO: ------查询用户------
[2018-02-12 13:32:10,702] - loggin.py] - INFO: ------输入登录用户名------
[2018-02-12 13:32:10,859] - loggin.py] - INFO: ------输入登录密码------
[2018-02-12 13:32:34,830] - loggin.py] - INFO: ------输入登录用户名------
[2018-02-12 13:32:34,977] - loggin.py] - INFO: ------输入登录密码------
[2018-02-12 13:33:39,968] - loggin.py] - INFO: ------输入登录用户名------
[2018-02-12 13:33:40,125] - loggin.py] - INFO: ------输入登录密码------
[2018-02-12 13:33:44,383] - loggin.py] - INFO: ------新增用户------
[2018-02-12 13:35:52,315] - loggin.py] - INFO: ------输入登录用户名------
[2018-02-12 13:35:52,460] - loggin.py] - INFO: ------输入登录密码------
[2018-02-12 13:35:56,320] - loggin.py] - INFO: ------新增用户------
[2018-02-12 13:37:23,823] - loggin.py] - INFO: ------输入登录用户名------
[2018-02-12 13:37:23,953] - loggin.py] - INFO: ------输入登录密码------
[2018-02-12 13:37:27,588] - loggin.py] - INFO: ------新增用户------
[2018-02-12 13:44:37,051] - loggin.py] - INFO: ------用户信息管理模块测试用例------
[2018-02-12 13:44:44,729] - loggin.py] - INFO: ------进入网站------
[2018-02-12 13:44:44,731] - loggin.py] - INFO: ------输入登录用户名------
[2018-02-12 13:44:45,043] - loggin.py] - INFO: ------输入登录密码------
[2018-02-12 13:44:45,315] - loggin.py] - INFO: ------测试用户新增------
[2018-02-12 13:44:51,059] - loggin.py] - INFO: ------测试用例结束------
[2018-02-12 13:45:34,104] - loggin.py] - INFO: ------用户信息管理模块测试用例------
[2018-02-12 13:45:40,950] - loggin.py] - INFO: ------进入网站------
[2018-02-12 13:45:40,951] - loggin.py] - INFO: ------输入登录用户名------
[2018-02-12 13:45:41,290] - loggin.py] - INFO: ------输入登录密码------
[2018-02-12 13:45:41,570] - loggin.py] - INFO: ------测试用户新增------
[2018-02-12 13:45:44,597] - loggin.py] - INFO: ------新增用户------
[2018-02-12 13:45:47,672] - loggin.py] - INFO: ------测试用例结束------
[2018-02-12 13:46:27,584] - loggin.py] - INFO: ------用户信息管理模块测试用例------
[2018-02-12 13:46:34,271] - loggin.py] - INFO: ------进入网站------
[2018-02-12 13:46:34,273] - loggin.py] - INFO: ------输入登录用户名------
[2018-02-12 13:46:34,577] - loggin.py] - INFO: ------输入登录密码------
[2018-02-12 13:46:35,033] - loggin.py] - INFO: ------测试用户新增------
[2018-02-12 13:46:37,809] - loggin.py] - INFO: ------新增用户------
[2018-02-12 13:46:40,951] - loggin.py] - INFO: ------测试用例结束------
[2018-02-12 13:46:53,004] - loggin.py] - INFO: ------用户信息管理模块测试用例------
[2018-02-12 13:47:00,289] - loggin.py] - INFO: ------进入网站------
[2018-02-12 13:47:00,291] - loggin.py] - INFO: ------输入登录用户名------
[2018-02-12 13:47:00,605] - loggin.py] - INFO: ------输入登录密码------
[2018-02-12 13:47:00,993] - loggin.py] - INFO: ------测试用户新增------
[2018-02-12 13:47:03,798] - loggin.py] - INFO: ------新增用户------
[2018-02-12 13:47:07,133] - loggin.py] - INFO: ------测试用例结束------
[2018-02-12 13:52:28,892] - loggin.py] - INFO: ------用户信息管理模块测试用例------
[2018-02-12 13:52:35,602] - loggin.py] - INFO: ------进入网站------
[2018-02-12 13:52:35,617] - loggin.py] - INFO: ------输入登录用户名------
[2018-02-12 13:52:35,827] - loggin.py] - INFO: ------输入登录密码------
[2018-02-12 13:52:36,044] - loggin.py] - INFO: ------测试用户新增------
[2018-02-12 13:52:38,637] - loggin.py] - INFO: ------新增用户------
[2018-02-12 13:52:41,843] - loggin.py] - INFO: ------测试用例结束------
[2018-02-12 13:54:42,022] - loggin.py] - INFO: ------用户信息管理模块测试用例------
[2018-02-12 13:54:48,751] - loggin.py] - INFO: ------进入网站------
[2018-02-12 13:54:48,752] - loggin.py] - INFO: ------输入登录用户名------
[2018-02-12 13:54:49,005] - loggin.py] - INFO: ------输入登录密码------
[2018-02-12 13:54:49,196] - loggin.py] - INFO: ------测试用户新增------
[2018-02-12 13:54:54,288] - loggin.py] - INFO: ------测试用例结束------
[2018-02-12 13:55:26,661] - loggin.py] - INFO: ------用户信息管理模块测试用例------
[2018-02-12 13:55:33,410] - loggin.py] - INFO: ------进入网站------
[2018-02-12 13:55:33,411] - loggin.py] - INFO: ------输入登录用户名------
[2018-02-12 13:55:33,800] - loggin.py] - INFO: ------输入登录密码------
[2018-02-12 13:55:34,174] - loggin.py] - INFO: ------测试用户新增------
[2018-02-12 13:55:36,523] - loggin.py] - INFO: ------新增用户------
[2018-02-12 13:55:40,176] - loggin.py] - INFO: ------测试用例结束------
[2018-02-12 13:56:23,392] - loggin.py] - INFO: ------用户信息管理模块测试用例------
[2018-02-12 13:56:29,884] - loggin.py] - INFO: ------进入网站------
[2018-02-12 13:56:29,886] - loggin.py] - INFO: ------输入登录用户名------
[2018-02-12 13:56:30,200] - loggin.py] - INFO: ------输入登录密码------
[2018-02-12 13:56:30,422] - loggin.py] - INFO: ------测试用户新增------
[2018-02-12 13:56:32,634] - loggin.py] - INFO: ------新增用户------
[2018-02-12 13:56:35,295] - loggin.py] - INFO: ------绑定的员工工号为07164------
[2018-02-12 13:56:38,714] - loggin.py] - INFO: ------测试用例结束------
[2018-02-12 14:18:38,118] - loggin.py] - INFO: ------用户信息管理模块测试用例------
[2018-02-12 14:18:50,518] - loggin.py] - INFO: ------用户信息管理模块测试用例------
[2018-02-12 14:18:56,783] - loggin.py] - INFO: ------进入网站------
[2018-02-12 14:18:56,784] - loggin.py] - INFO: ------输入登录用户名------
[2018-02-12 14:18:57,055] - loggin.py] - INFO: ------输入登录密码------
[2018-02-12 14:18:57,282] - loggin.py] - INFO: ------用户新增------
[2018-02-12 14:19:07,535] - loggin.py] - INFO: -----查询用户------
[2018-02-12 14:19:07,537] - loggin.py] - INFO: ------查询用户------
[2018-02-12 14:19:16,569] - loggin.py] - INFO: ------测试用例结束------
[2018-02-12 14:19:59,296] - loggin.py] - INFO: ------用户信息管理模块测试用例------
[2018-02-12 14:20:05,471] - loggin.py] - INFO: ------进入网站------
[2018-02-12 14:20:05,472] - loggin.py] - INFO: ------输入登录用户名------
[2018-02-12 14:20:05,690] - loggin.py] - INFO: ------输入登录密码------
[2018-02-12 14:20:05,886] - loggin.py] - INFO: ------用户新增------
[2018-02-12 14:20:08,434] - loggin.py] - INFO: ------新增用户------
[2018-02-12 14:20:10,954] - loggin.py] - INFO: ------绑定的员工工号为07369------
[2018-02-12 14:20:11,401] - loggin.py] - INFO: -----查询用户------
[2018-02-12 14:20:11,401] - loggin.py] - INFO: ------查询用户------
[2018-02-12 14:20:16,814] - loggin.py] - INFO: ------测试用例结束------
[2018-02-12 14:20:35,089] - loggin.py] - INFO: ------用户信息管理模块测试用例------
[2018-02-12 14:20:41,546] - loggin.py] - INFO: ------进入网站------
[2018-02-12 14:20:41,548] - loggin.py] - INFO: ------输入登录用户名------
[2018-02-12 14:20:41,871] - loggin.py] - INFO: ------输入登录密码------
[2018-02-12 14:20:42,123] - loggin.py] - INFO: ------用户新增------
[2018-02-12 14:20:52,387] - loggin.py] - INFO: -----查询用户------
[2018-02-12 14:20:52,390] - loggin.py] - INFO: ------查询用户------
[2018-02-12 14:21:07,717] - loggin.py] - INFO: ------测试用例结束------
[2018-02-12 14:28:07,467] - loggin.py] - INFO: ------用户信息管理模块测试用例------
[2018-02-12 14:29:12,204] - loggin.py] - INFO: ------用户信息管理模块测试用例------
[2018-02-12 14:29:18,600] - loggin.py] - INFO: ------进入网站------
[2018-02-12 14:29:18,601] - loggin.py] - INFO: ------输入登录用户名------
[2018-02-12 14:29:18,919] - loggin.py] - INFO: ------输入登录密码------
[2018-02-12 14:29:19,166] - loggin.py] - INFO: ------用户新增------
[2018-02-12 14:29:58,541] - loggin.py] - INFO: ------用户信息管理模块测试用例------
[2018-02-12 14:30:03,900] - loggin.py] - INFO: ------进入网站------
[2018-02-12 14:30:03,901] - loggin.py] - INFO: ------输入登录用户名------
[2018-02-12 14:30:04,053] - loggin.py] - INFO: ------输入登录密码------
[2018-02-12 14:30:05,427] - loggin.py] - INFO: ------用户新增------
[2018-02-12 14:30:15,717] - loggin.py] - INFO: -----查询用户------
[2018-02-12 14:30:15,718] - loggin.py] - INFO: ------查询用户------
[2018-02-12 14:30:17,720] - loggin.py] - INFO: ------查询用户为：123456789------
[2018-02-12 14:30:31,101] - loggin.py] - INFO: ------测试用例结束------
[2018-02-12 14:36:33,192] - loggin.py] - INFO: ------用户信息管理模块测试用例------
[2018-02-12 14:36:38,538] - loggin.py] - INFO: ------进入网站------
[2018-02-12 14:36:38,541] - loggin.py] - INFO: ------输入登录用户名------
[2018-02-12 14:36:38,721] - loggin.py] - INFO: ------输入登录密码------
[2018-02-12 14:36:40,093] - loggin.py] - INFO: ------用户新增------
[2018-02-12 14:36:50,137] - loggin.py] - INFO: -----查询用户------
[2018-02-12 14:36:50,139] - loggin.py] - INFO: ------查询用户------
[2018-02-12 14:36:52,140] - loggin.py] - INFO: ------查询用户为：123456789------
[2018-02-12 14:37:56,699] - loggin.py] - INFO: ------用户信息管理模块测试用例------
[2018-02-12 14:38:04,087] - loggin.py] - INFO: ------进入网站------
[2018-02-12 14:38:04,088] - loggin.py] - INFO: ------输入登录用户名------
[2018-02-12 14:38:04,355] - loggin.py] - INFO: ------输入登录密码------
[2018-02-12 14:38:05,870] - loggin.py] - INFO: ------用户新增------
[2018-02-12 14:38:15,998] - loggin.py] - INFO: -----查询用户------
[2018-02-12 14:38:17,999] - loggin.py] - INFO: ------查询用户为：123456789------
[2018-02-12 14:38:31,379] - loggin.py] - INFO: ------测试用例结束------
[2018-02-12 14:38:56,468] - loggin.py] - INFO: ------用户信息管理模块测试用例------
[2018-02-12 14:39:02,987] - loggin.py] - INFO: ------进入网站------
[2018-02-12 14:39:02,989] - loggin.py] - INFO: ------输入登录用户名------
[2018-02-12 14:39:03,225] - loggin.py] - INFO: ------输入登录密码------
[2018-02-12 14:39:04,711] - loggin.py] - INFO: ------用户新增------
[2018-02-12 14:39:14,714] - loggin.py] - INFO: -----查询用户------
[2018-02-12 14:39:16,715] - loggin.py] - INFO: ------查询用户为：123456789------
[2018-02-12 14:39:30,067] - loggin.py] - INFO: ------测试用例结束------
[2018-02-12 14:42:16,079] - loggin.py] - INFO: ------用户信息管理模块测试用例------
[2018-02-12 14:42:22,564] - loggin.py] - INFO: ------进入网站------
[2018-02-12 14:42:22,568] - loggin.py] - INFO: ------输入登录用户名------
[2018-02-12 14:42:22,727] - loggin.py] - INFO: ------输入登录密码------
[2018-02-12 14:42:24,353] - loggin.py] - INFO: ------用户新增------
[2018-02-12 14:42:25,968] - loggin.py] - INFO: ------新增用户------
[2018-02-12 14:42:27,993] - loggin.py] - INFO: ------绑定的员工工号为07393------
[2018-02-12 14:42:28,342] - loggin.py] - INFO: -----查询用户------
[2018-02-12 14:42:30,344] - loggin.py] - INFO: ------查询用户为：123456789------
[2018-02-12 14:42:31,813] - loggin.py] - INFO: ------查询出页面有1条信息------
[2018-02-12 14:42:31,870] - loggin.py] - INFO: ------用户查询数据异常已截图------
[2018-02-12 14:42:35,143] - loggin.py] - INFO: ------测试用例结束------
[2018-02-12 14:44:11,097] - loggin.py] - INFO: ------用户信息管理模块测试用例------
[2018-02-12 14:44:16,326] - loggin.py] - INFO: ------进入网站------
[2018-02-12 14:44:16,330] - loggin.py] - INFO: ------输入登录用户名------
[2018-02-12 14:44:16,538] - loggin.py] - INFO: ------输入登录密码------
[2018-02-12 14:44:18,092] - loggin.py] - INFO: ------用户新增------
[2018-02-12 14:44:19,494] - loggin.py] - INFO: ------新增用户------
[2018-02-12 14:44:21,500] - loggin.py] - INFO: ------绑定的员工工号为05194------
[2018-02-12 14:44:21,879] - loggin.py] - INFO: -----查询用户------
[2018-02-12 14:44:23,881] - loggin.py] - INFO: ------查询用户为：123456789------
[2018-02-12 14:44:27,379] - loggin.py] - INFO: ------测试用例结束------
[2018-02-12 14:57:22,633] - loggin.py] - INFO: ------用户信息管理模块测试用例------
[2018-02-12 14:57:27,847] - loggin.py] - INFO: ------进入网站------
[2018-02-12 14:57:27,851] - loggin.py] - INFO: ------输入登录用户名------
[2018-02-12 14:57:28,020] - loggin.py] - INFO: ------输入登录密码------
[2018-02-12 14:57:29,405] - loggin.py] - INFO: ------用户新增------
[2018-02-12 14:57:30,921] - loggin.py] - INFO: ------新增用户------
[2018-02-12 14:57:33,024] - loggin.py] - INFO: ------绑定的员工工号为07354------
[2018-02-12 14:57:33,381] - loggin.py] - INFO: -----查询用户------
[2018-02-12 14:57:35,384] - loggin.py] - INFO: ------查询用户为：123456789------
[2018-02-12 14:57:36,890] - loggin.py] - INFO: ------查询出页面有1条信息------
[2018-02-12 14:58:51,663] - loggin.py] - INFO: ------用户信息管理模块测试用例------
[2018-02-12 14:58:56,978] - loggin.py] - INFO: ------进入网站------
[2018-02-12 14:58:56,983] - loggin.py] - INFO: ------输入登录用户名------
[2018-02-12 14:58:57,106] - loggin.py] - INFO: ------输入登录密码------
[2018-02-12 14:58:58,526] - loggin.py] - INFO: ------用户新增------
[2018-02-12 14:59:00,227] - loggin.py] - INFO: ------新增用户------
[2018-02-12 14:59:02,307] - loggin.py] - INFO: ------绑定的员工工号为06866------
[2018-02-12 14:59:02,659] - loggin.py] - INFO: -----查询用户------
[2018-02-12 14:59:04,661] - loggin.py] - INFO: ------查询用户为：123456789------
[2018-02-12 14:59:06,142] - loggin.py] - INFO: ------查询出页面有1条信息------
[2018-02-12 15:00:06,381] - loggin.py] - INFO: ------删除账户为：123456789的信息------
[2018-02-12 15:00:44,569] - loggin.py] - INFO: ------测试用例结束------
[2018-02-12 15:14:14,048] - loggin.py] - INFO: ------用户信息管理模块测试用例------
[2018-02-12 15:14:19,249] - loggin.py] - INFO: ------进入网站------
[2018-02-12 15:14:19,251] - loggin.py] - INFO: ------输入登录用户名------
[2018-02-12 15:14:19,407] - loggin.py] - INFO: ------输入登录密码------
[2018-02-12 15:14:20,835] - loggin.py] - INFO: ------测试用户新增------
[2018-02-12 15:14:22,339] - loggin.py] - INFO: ------新增用户------
[2018-02-12 15:14:24,300] - loggin.py] - INFO: ------绑定的员工工号为07300------
[2018-02-12 15:14:24,659] - loggin.py] - INFO: -----测试查询用户------
[2018-02-12 15:14:26,661] - loggin.py] - INFO: ------查询用户为：123456789------
[2018-02-12 15:14:28,128] - loggin.py] - INFO: ------查询得出页面有1条信息------
[2018-02-12 15:14:28,341] - loggin.py] - INFO: ------删除账户为：123456789的信息------
[2018-02-12 15:14:28,554] - loggin.py] - INFO: ------测试导出所选项，默认勾选第一页全部------
[2018-02-12 15:14:54,204] - loggin.py] - INFO: ------有10条信息,即将导出------
[2018-02-12 15:37:43,582] - loggin.py] - INFO: ------测试用例结束------
[2018-02-12 15:50:58,272] - loggin.py] - INFO: ------用户信息管理模块测试用例------
[2018-02-12 15:51:03,737] - loggin.py] - INFO: ------用户信息管理模块测试用例------
[2018-02-12 15:51:10,648] - loggin.py] - INFO: ------进入网站------
[2018-02-12 15:51:10,649] - loggin.py] - INFO: ------输入登录用户名------
[2018-02-12 15:51:10,830] - loggin.py] - INFO: ------输入登录密码------
[2018-02-12 15:51:12,275] - loggin.py] - INFO: ------测试导出全部------
[2018-02-12 15:51:22,756] - loggin.py] - INFO: ------测试用户新增------
[2018-02-12 15:51:23,972] - loggin.py] - INFO: ------新增用户------
[2018-02-12 15:51:28,974] - loggin.py] - INFO: ------用户信息管理模块测试用例------
[2018-02-12 15:51:35,233] - loggin.py] - INFO: ------进入网站------
[2018-02-12 15:51:35,236] - loggin.py] - INFO: ------输入登录用户名------
[2018-02-12 15:51:35,363] - loggin.py] - INFO: ------输入登录密码------
[2018-02-12 15:51:36,761] - loggin.py] - INFO: ------测试导出全部------
[2018-02-12 15:51:52,870] - loggin.py] - INFO: ------用户信息管理模块测试用例------
[2018-02-12 15:51:59,026] - loggin.py] - INFO: ------进入网站------
[2018-02-12 15:51:59,026] - loggin.py] - INFO: ------输入登录用户名------
[2018-02-12 15:51:59,203] - loggin.py] - INFO: ------输入登录密码------
[2018-02-12 15:52:00,664] - loggin.py] - INFO: ------测试用户新增------
[2018-02-12 15:52:02,633] - loggin.py] - INFO: ------新增用户------
[2018-02-12 15:52:04,841] - loggin.py] - INFO: ------绑定的员工工号为07400------
[2018-02-12 15:52:05,148] - loggin.py] - INFO: -----测试查询用户------
[2018-02-12 15:52:07,148] - loggin.py] - INFO: ------查询用户为：123456789------
[2018-02-12 15:52:08,625] - loggin.py] - INFO: ------查询得出页面有1条信息------
[2018-02-12 15:52:08,875] - loggin.py] - INFO: ------删除账户为：123456789的信息------
[2018-02-12 15:52:09,070] - loggin.py] - INFO: ------测试导出所选项，默认勾选第一页全部------
[2018-02-12 15:52:09,715] - loggin.py] - INFO: ------有10条信息,即将导出------
[2018-02-12 15:52:09,785] - loggin.py] - INFO: ------测试导出全部------
[2018-02-12 15:52:15,226] - loggin.py] - INFO: ------测试用例结束------
[2018-02-12 15:53:13,470] - loggin.py] - INFO: ------用户信息管理模块测试用例------
[2018-02-12 15:53:19,403] - loggin.py] - INFO: ------进入网站------
[2018-02-12 15:53:19,409] - loggin.py] - INFO: ------输入登录用户名------
[2018-02-12 15:53:19,545] - loggin.py] - INFO: ------输入登录密码------
[2018-02-12 15:53:20,977] - loggin.py] - INFO: ------测试用户新增------
[2018-02-12 15:53:22,636] - loggin.py] - INFO: ------新增用户------
[2018-02-12 15:53:24,970] - loggin.py] - INFO: ------绑定的员工工号为07394------
[2018-02-12 15:53:25,473] - loggin.py] - INFO: -----测试查询用户------
[2018-02-12 15:53:27,475] - loggin.py] - INFO: ------查询用户为：123456789------
[2018-02-12 15:53:28,972] - loggin.py] - INFO: ------查询得出页面有1条信息------
[2018-02-12 15:53:29,199] - loggin.py] - INFO: ------删除账户为：123456789的信息------
[2018-02-12 15:53:29,411] - loggin.py] - INFO: ------测试导出所选项，默认勾选第一页全部------
[2018-02-12 15:53:30,102] - loggin.py] - INFO: ------有10条信息,即将导出------
[2018-02-12 15:54:14,052] - loggin.py] - INFO: ------用户信息管理模块测试用例------
[2018-02-12 15:54:20,024] - loggin.py] - INFO: ------进入网站------
[2018-02-12 15:54:20,028] - loggin.py] - INFO: ------输入登录用户名------
[2018-02-12 15:54:20,158] - loggin.py] - INFO: ------输入登录密码------
[2018-02-12 15:54:21,553] - loggin.py] - INFO: ------测试用户新增------
[2018-02-12 15:54:23,075] - loggin.py] - INFO: ------新增用户------
[2018-02-12 15:54:25,088] - loggin.py] - INFO: ------绑定的员工工号为07300------
[2018-02-12 15:54:25,433] - loggin.py] - INFO: -----测试查询用户------
[2018-02-12 15:54:27,438] - loggin.py] - INFO: ------查询用户为：123456789------
[2018-02-12 15:54:28,872] - loggin.py] - INFO: ------查询得出页面有1条信息------
[2018-02-12 15:54:29,144] - loggin.py] - INFO: ------删除账户为：123456789的信息------
[2018-02-12 15:54:29,363] - loggin.py] - INFO: ------测试导出所选项，默认勾选第一页全部------
[2018-02-12 15:54:30,073] - loggin.py] - INFO: ------有10条信息,即将导出------
[2018-02-12 15:56:47,482] - loggin.py] - INFO: ------用户信息管理模块测试用例------
[2018-02-12 15:56:52,599] - loggin.py] - INFO: ------进入网站------
[2018-02-12 15:56:52,601] - loggin.py] - INFO: ------输入登录用户名------
[2018-02-12 15:56:52,781] - loggin.py] - INFO: ------输入登录密码------
[2018-02-12 15:56:54,199] - loggin.py] - INFO: ------测试用户新增------
[2018-02-12 15:56:55,780] - loggin.py] - INFO: ------新增用户------
[2018-02-12 15:56:58,229] - loggin.py] - INFO: ------绑定的员工工号为07321------
[2018-02-12 15:56:58,567] - loggin.py] - INFO: -----测试查询用户------
[2018-02-12 15:57:00,570] - loggin.py] - INFO: ------查询用户为：123456789------
[2018-02-12 15:57:02,011] - loggin.py] - INFO: ------查询得出页面有1条信息------
[2018-02-12 15:57:02,228] - loggin.py] - INFO: ------删除账户为：123456789的信息------
[2018-02-12 15:57:02,431] - loggin.py] - INFO: ------测试导出所选项，默认勾选第一页全部------
[2018-02-12 15:57:03,083] - loggin.py] - INFO: ------有10条信息,即将导出------
[2018-02-12 15:58:07,263] - loggin.py] - INFO: ------用户信息管理模块测试用例------
[2018-02-12 15:58:12,564] - loggin.py] - INFO: ------进入网站------
[2018-02-12 15:58:12,565] - loggin.py] - INFO: ------输入登录用户名------
[2018-02-12 15:58:12,729] - loggin.py] - INFO: ------输入登录密码------
[2018-02-12 15:58:40,360] - loggin.py] - INFO: ------用户信息管理模块测试用例------
[2018-02-12 15:58:46,300] - loggin.py] - INFO: ------进入网站------
[2018-02-12 15:58:46,303] - loggin.py] - INFO: ------输入登录用户名------
[2018-02-12 15:58:46,422] - loggin.py] - INFO: ------输入登录密码------
[2018-02-12 15:58:47,818] - loggin.py] - INFO: ------测试用户新增------
[2018-02-12 15:58:49,324] - loggin.py] - INFO: ------新增用户------
[2018-02-12 15:58:51,552] - loggin.py] - INFO: ------绑定的员工工号为07368------
[2018-02-12 15:58:51,925] - loggin.py] - INFO: -----测试查询用户------
[2018-02-12 15:58:53,928] - loggin.py] - INFO: ------查询用户为：123456789------
[2018-02-12 15:58:55,355] - loggin.py] - INFO: ------查询得出页面有1条信息------
[2018-02-12 15:58:55,566] - loggin.py] - INFO: ------删除账户为：123456789的信息------
[2018-02-12 15:58:55,848] - loggin.py] - INFO: ------测试导出所选项，默认勾选第一页全部------
[2018-02-12 15:58:56,463] - loggin.py] - INFO: ------有10条信息,即将导出------
[2018-02-12 16:08:27,504] - loggin.py] - INFO: ------用户信息管理模块测试用例------
[2018-02-12 16:08:33,115] - loggin.py] - INFO: ------进入网站------
[2018-02-12 16:08:33,117] - loggin.py] - INFO: ------输入登录用户名------
[2018-02-12 16:08:33,291] - loggin.py] - INFO: ------输入登录密码------
[2018-02-12 16:08:34,664] - loggin.py] - INFO: ------测试用户新增------
[2018-02-12 16:08:36,148] - loggin.py] - INFO: ------新增用户------
[2018-02-12 16:08:38,181] - loggin.py] - INFO: ------绑定的员工工号为07335------
[2018-02-12 16:08:38,567] - loggin.py] - INFO: -----测试查询用户------
[2018-02-12 16:08:40,569] - loggin.py] - INFO: ------查询用户为：123456789------
[2018-02-12 16:08:42,016] - loggin.py] - INFO: ------查询得出页面有1条信息------
[2018-02-12 16:08:42,228] - loggin.py] - INFO: ------删除账户为：123456789的信息------
[2018-02-12 16:08:42,442] - loggin.py] - INFO: ------测试导出所选项，默认勾选第一页全部------
[2018-02-12 16:08:43,128] - loggin.py] - INFO: ------有10条信息,即将导出------
[2018-02-12 16:08:43,140] - loggin.py] - INFO: ------测试导出全部------
[2018-02-12 16:08:48,488] - loggin.py] - INFO: ------测试用例结束------
[2018-02-12 16:10:21,579] - loggin.py] - INFO: ------用户信息管理模块测试用例------
[2018-02-12 16:10:27,433] - loggin.py] - INFO: ------进入网站------
[2018-02-12 16:10:27,435] - loggin.py] - INFO: ------输入登录用户名------
[2018-02-12 16:10:27,611] - loggin.py] - INFO: ------输入登录密码------
[2018-02-12 16:10:29,077] - loggin.py] - INFO: ------测试用户新增------
[2018-02-12 16:10:30,686] - loggin.py] - INFO: ------新增用户------
[2018-02-12 16:10:33,144] - loggin.py] - INFO: ------绑定的员工工号为07397------
[2018-02-12 16:10:33,578] - loggin.py] - INFO: -----测试查询用户------
[2018-02-12 16:10:35,580] - loggin.py] - INFO: ------查询用户为：123456789------
[2018-02-12 16:10:37,056] - loggin.py] - INFO: ------查询得出页面有1条信息------
[2018-02-12 16:10:37,293] - loggin.py] - INFO: ------删除账户为：123456789的信息------
[2018-02-12 16:10:37,621] - loggin.py] - INFO: ------测试导出所选项，默认勾选第一页全部------
[2018-02-12 16:10:38,421] - loggin.py] - INFO: ------有10条信息,即将导出------
[2018-02-12 16:10:38,433] - loggin.py] - INFO: ------测试导出全部------
[2018-02-12 16:10:43,885] - loggin.py] - INFO: ------测试用例结束------
[2018-02-12 16:11:51,824] - loggin.py] - INFO: ------用户信息管理模块测试用例------
[2018-02-12 16:11:57,720] - loggin.py] - INFO: ------进入网站------
[2018-02-12 16:11:57,723] - loggin.py] - INFO: ------输入登录用户名------
[2018-02-12 16:11:57,884] - loggin.py] - INFO: ------输入登录密码------
[2018-02-12 16:11:59,305] - loggin.py] - INFO: ------测试用户新增------
[2018-02-12 16:12:01,032] - loggin.py] - INFO: ------新增用户------
[2018-02-12 16:12:03,589] - loggin.py] - INFO: ------绑定的员工工号为06839------
[2018-02-12 16:12:03,971] - loggin.py] - INFO: -----测试查询用户------
[2018-02-12 16:12:05,976] - loggin.py] - INFO: ------查询用户为：123456789------
[2018-02-12 16:12:07,496] - loggin.py] - INFO: ------查询得出页面有1条信息------
[2018-02-12 16:12:08,044] - loggin.py] - INFO: ------删除账户为：123456789的信息------
[2018-02-12 16:12:08,375] - loggin.py] - INFO: ------测试导出所选项，默认勾选第一页全部------
[2018-02-12 16:12:09,224] - loggin.py] - INFO: ------有10条信息,即将导出------
[2018-02-12 16:12:48,236] - loggin.py] - INFO: ------导出所选项excel行数与列表数量一致------
[2018-02-12 16:12:56,724] - loggin.py] - INFO: ------测试导出全部------
[2018-02-12 16:13:30,205] - loggin.py] - INFO: ------用户信息管理模块测试用例------
[2018-02-12 16:13:35,691] - loggin.py] - INFO: ------进入网站------
[2018-02-12 16:13:35,693] - loggin.py] - INFO: ------输入登录用户名------
[2018-02-12 16:13:35,816] - loggin.py] - INFO: ------输入登录密码------
[2018-02-12 16:13:37,259] - loggin.py] - INFO: ------测试用户新增------
[2018-02-12 16:13:39,205] - loggin.py] - INFO: ------新增用户------
[2018-02-12 16:13:41,845] - loggin.py] - INFO: ------绑定的员工工号为07312------
[2018-02-12 16:13:42,187] - loggin.py] - INFO: -----测试查询用户------
[2018-02-12 16:13:44,192] - loggin.py] - INFO: ------查询用户为：123456789------
[2018-02-12 16:13:45,714] - loggin.py] - INFO: ------查询得出页面有1条信息------
[2018-02-12 16:13:45,897] - loggin.py] - INFO: ------删除账户为：123456789的信息------
[2018-02-12 16:13:46,176] - loggin.py] - INFO: ------测试导出所选项，默认勾选第一页全部------
[2018-02-12 16:14:43,045] - loggin.py] - INFO: ------用户信息管理模块测试用例------
[2018-02-12 16:14:48,296] - loggin.py] - INFO: ------进入网站------
[2018-02-12 16:14:48,298] - loggin.py] - INFO: ------输入登录用户名------
[2018-02-12 16:14:48,448] - loggin.py] - INFO: ------输入登录密码------
[2018-02-12 16:14:49,896] - loggin.py] - INFO: ------测试用户新增------
[2018-02-12 16:14:51,523] - loggin.py] - INFO: ------新增用户------
[2018-02-12 16:14:53,655] - loggin.py] - INFO: ------绑定的员工工号为07297------
[2018-02-12 16:14:53,987] - loggin.py] - INFO: -----测试查询用户------
[2018-02-12 16:14:55,990] - loggin.py] - INFO: ------查询用户为：123456789------
[2018-02-12 16:14:57,451] - loggin.py] - INFO: ------查询得出页面有1条信息------
[2018-02-12 16:14:57,773] - loggin.py] - INFO: ------删除账户为：123456789的信息------
[2018-02-12 16:14:58,090] - loggin.py] - INFO: ------测试导出所选项，默认勾选第一页全部------
[2018-02-12 16:15:26,526] - loggin.py] - INFO: ------有10条信息,即将导出------
[2018-02-12 16:15:36,691] - loggin.py] - INFO: ------导出所选项excel行数与列表数量一致------
[2018-02-12 16:15:36,694] - loggin.py] - INFO: ------测试导出全部------
[2018-02-12 16:15:45,140] - loggin.py] - INFO: ------测试用例结束------
[2018-02-12 16:16:47,339] - loggin.py] - INFO: ------用户信息管理模块测试用例------
[2018-02-12 16:16:52,501] - loggin.py] - INFO: ------进入网站------
[2018-02-12 16:16:52,504] - loggin.py] - INFO: ------输入登录用户名------
[2018-02-12 16:16:52,671] - loggin.py] - INFO: ------输入登录密码------
[2018-02-12 16:16:54,095] - loggin.py] - INFO: ------测试用户新增------
[2018-02-12 16:16:55,849] - loggin.py] - INFO: ------新增用户------
[2018-02-12 16:16:58,340] - loggin.py] - INFO: ------绑定的员工工号为07407------
[2018-02-12 16:16:58,696] - loggin.py] - INFO: -----测试查询用户------
[2018-02-12 16:17:00,697] - loggin.py] - INFO: ------查询用户为：123456789------
[2018-02-12 16:17:02,207] - loggin.py] - INFO: ------查询得出页面有1条信息------
[2018-02-12 16:17:02,436] - loggin.py] - INFO: ------删除账户为：123456789的信息------
[2018-02-12 16:17:02,697] - loggin.py] - INFO: ------测试导出所选项，默认勾选第一页全部------
[2018-02-12 16:17:07,855] - loggin.py] - INFO: ------有10条信息,即将导出------
[2018-02-12 16:17:10,621] - loggin.py] - INFO: ------导出所选项excel行数与列表数量一致------
[2018-02-12 16:17:10,622] - loggin.py] - INFO: ------测试导出全部------
[2018-02-12 16:17:14,607] - loggin.py] - INFO: ------导出全部excel行数与列表数量一致------
[2018-02-12 16:17:17,735] - loggin.py] - INFO: ------测试用例结束------
[2018-02-12 16:28:03,364] - loggin.py] - INFO: ------用户信息管理模块测试用例------
[2018-02-12 16:28:13,394] - loggin.py] - INFO: ------进入网站------
[2018-02-12 16:28:13,395] - loggin.py] - INFO: ------输入登录用户名------
[2018-02-12 16:28:13,796] - loggin.py] - INFO: ------输入登录密码------
[2018-02-12 16:28:15,329] - loggin.py] - INFO: ------测试用户新增------
[2018-02-12 16:28:17,330] - loggin.py] - INFO: ------新增用户------
[2018-02-12 16:28:19,719] - loggin.py] - INFO: ------绑定的员工工号为07406------
[2018-02-12 16:28:20,159] - loggin.py] - INFO: -----测试查询用户------
[2018-02-12 16:28:22,160] - loggin.py] - INFO: ------查询用户为：123456789------
[2018-02-12 16:28:23,923] - loggin.py] - INFO: ------查询得出页面有1条信息------
[2018-02-12 16:28:24,383] - loggin.py] - INFO: ------删除账户为：123456789的信息------
[2018-02-12 16:28:24,929] - loggin.py] - INFO: ------测试导出所选项，默认勾选第一页全部------
[2018-02-12 16:28:26,266] - loggin.py] - INFO: ------有10条信息,即将导出------
[2018-02-12 16:28:26,275] - loggin.py] - INFO: ------导出所选项excel行数与列表数量一致------
[2018-02-12 16:28:26,276] - loggin.py] - INFO: ------测试导出全部------
[2018-02-12 16:28:30,781] - loggin.py] - INFO: ------导出全部excel行数与列表数量一致------
[2018-02-12 16:28:33,952] - loggin.py] - INFO: ------测试用例结束------
[2018-02-12 16:28:33,953] - loggin.py] - INFO: ------清理下载的附件所有附件------
[2018-02-12 16:46:24,200] - loggin.py] - INFO: ------用户信息管理模块测试用例------
[2018-02-12 16:46:30,864] - loggin.py] - INFO: ------进入网站------
[2018-02-12 16:46:30,866] - loggin.py] - INFO: ------输入登录用户名------
[2018-02-12 16:46:31,001] - loggin.py] - INFO: ------输入登录密码------
[2018-02-12 16:46:32,399] - loggin.py] - INFO: ------测试用户新增------
[2018-02-12 16:46:34,008] - loggin.py] - INFO: ------新增用户------
[2018-02-12 16:46:36,363] - loggin.py] - INFO: ------绑定的员工工号为07360------
[2018-02-12 16:46:36,940] - loggin.py] - INFO: -----测试查询用户------
[2018-02-12 16:46:38,942] - loggin.py] - INFO: ------查询用户为：123456789------
[2018-02-12 16:46:40,497] - loggin.py] - INFO: ------查询得出页面有1条信息------
[2018-02-12 16:46:40,763] - loggin.py] - INFO: ------删除账户为：123456789的信息------
[2018-02-12 16:46:41,074] - loggin.py] - INFO: ------测试导出所选项，默认勾选第一页全部------
[2018-02-12 16:46:41,971] - loggin.py] - INFO: ------有10条信息,即将导出------
[2018-02-12 16:46:41,980] - loggin.py] - INFO: ------导出所选项excel行数与列表数量一致------
[2018-02-12 16:46:41,981] - loggin.py] - INFO: ------测试导出全部------
[2018-02-12 16:46:45,831] - loggin.py] - INFO: ------导出全部excel行数与列表数量一致------
[2018-02-12 16:46:48,908] - loggin.py] - INFO: ------测试用例结束------
[2018-02-12 16:46:48,910] - loggin.py] - INFO: ------清理下载的附件所有附件------
[2018-02-12 16:55:19,175] - loggin.py] - INFO: ------用户信息管理模块测试用例------
[2018-02-12 16:55:25,794] - loggin.py] - INFO: ------进入网站------
[2018-02-12 16:55:25,795] - loggin.py] - INFO: ------输入登录用户名------
[2018-02-12 16:55:25,973] - loggin.py] - INFO: ------输入登录密码------
[2018-02-12 16:55:27,431] - loggin.py] - INFO: ------测试用户新增------
[2018-02-12 16:55:28,865] - loggin.py] - INFO: ------新增用户------
[2018-02-12 16:55:30,793] - loggin.py] - INFO: ------绑定的员工工号为07393------
[2018-02-12 16:55:31,131] - loggin.py] - INFO: -----测试查询用户------
[2018-02-12 16:55:33,132] - loggin.py] - INFO: ------查询用户为：123456789------
[2018-02-12 16:55:34,496] - loggin.py] - INFO: ------查询得出页面有1条信息------
[2018-02-12 16:55:34,768] - loggin.py] - INFO: ------删除账户为：123456789的信息------
[2018-02-12 16:55:35,138] - loggin.py] - INFO: ------测试导出所选项，默认勾选第一页全部------
[2018-02-12 16:55:36,120] - loggin.py] - INFO: ------有10条信息,即将导出------
[2018-02-12 16:55:36,130] - loggin.py] - INFO: ------导出所选项excel行数与列表数量一致------
[2018-02-12 16:55:36,131] - loggin.py] - INFO: ------测试导出全部------
[2018-02-12 16:55:40,301] - loggin.py] - INFO: ------导出全部excel行数与列表数量一致------
[2018-02-12 16:55:43,382] - loggin.py] - INFO: ------测试用例结束------
[2018-02-12 16:55:43,383] - loggin.py] - INFO: ------清理下载的附件所有附件------
[2018-02-12 17:25:29,087] - loggin.py] - INFO: ------用户信息管理模块测试用例------
[2018-02-12 17:25:35,174] - loggin.py] - INFO: ------进入网站------
[2018-02-12 17:25:35,176] - loggin.py] - INFO: ------输入登录用户名------
[2018-02-12 17:25:35,325] - loggin.py] - INFO: ------输入登录密码------
[2018-02-12 17:25:36,745] - loggin.py] - INFO: ------测试用户新增------
[2018-02-12 17:25:38,580] - loggin.py] - INFO: ------新增用户------
[2018-02-12 17:25:41,185] - loggin.py] - INFO: ------绑定的员工工号为07226------
[2018-02-12 17:25:41,496] - loggin.py] - INFO: -----测试查询用户------
[2018-02-12 17:25:43,497] - loggin.py] - INFO: ------查询用户为：123456789------
[2018-02-12 17:25:44,936] - loggin.py] - INFO: ------查询得出页面有1条信息------
[2018-02-12 17:25:45,126] - loggin.py] - INFO: ------删除账户为：123456789的信息------
[2018-02-12 17:25:45,384] - loggin.py] - INFO: ------测试导出所选项，默认勾选第一页全部------
[2018-02-12 17:25:46,217] - loggin.py] - INFO: ------有10条信息,即将导出------
[2018-02-12 17:25:46,222] - loggin.py] - INFO: ------导出所选项excel行数与列表数量一致------
[2018-02-12 17:25:46,223] - loggin.py] - INFO: ------测试导出全部------
[2018-02-12 17:25:50,221] - loggin.py] - INFO: ------导出全部excel行数与列表数量一致------
[2018-02-12 17:25:53,345] - loggin.py] - INFO: ------测试用例结束------
[2018-02-12 17:25:53,346] - loggin.py] - INFO: ------清理下载的附件所有附件------
[2018-02-12 17:26:22,797] - loggin.py] - INFO: ------用户信息管理模块测试用例------
[2018-02-12 17:26:38,960] - loggin.py] - INFO: ------用户信息管理模块测试用例------
[2018-02-12 17:26:44,405] - loggin.py] - INFO: ------进入网站------
[2018-02-12 17:26:44,408] - loggin.py] - INFO: ------输入登录用户名------
[2018-02-12 17:26:44,537] - loggin.py] - INFO: ------输入登录密码------
[2018-02-12 17:26:45,923] - loggin.py] - INFO: ------测试用户新增------
[2018-02-12 17:26:47,583] - loggin.py] - INFO: ------新增用户------
[2018-02-12 17:26:49,568] - loggin.py] - INFO: ------绑定的员工工号为07373------
[2018-02-12 17:26:49,969] - loggin.py] - INFO: -----测试查询用户------
[2018-02-12 17:26:51,970] - loggin.py] - INFO: ------查询用户为：123456789------
[2018-02-12 17:26:53,381] - loggin.py] - INFO: ------查询得出页面有1条信息------
[2018-02-12 17:26:53,650] - loggin.py] - INFO: ------删除账户为：123456789的信息------
[2018-02-12 17:26:53,888] - loggin.py] - INFO: ------测试导出所选项，默认勾选第一页全部------
[2018-02-12 17:26:54,732] - loggin.py] - INFO: ------有10条信息,即将导出------
[2018-02-12 17:26:54,745] - loggin.py] - INFO: ------导出所选项excel行数与列表数量一致------
[2018-02-12 17:26:54,748] - loggin.py] - INFO: ------测试导出全部------
[2018-02-12 17:27:01,770] - loggin.py] - INFO: ------测试用例结束------
[2018-02-12 17:32:57,296] - loggin.py] - INFO: ------用户信息管理模块测试用例------
[2018-02-12 17:33:03,267] - loggin.py] - INFO: ------进入网站------
[2018-02-12 17:33:03,269] - loggin.py] - INFO: ------输入登录用户名------
[2018-02-12 17:33:03,383] - loggin.py] - INFO: ------输入登录密码------
[2018-02-12 17:33:04,782] - loggin.py] - INFO: ------测试用户新增------
[2018-02-12 17:33:06,265] - loggin.py] - INFO: ------新增用户------
[2018-02-12 17:33:08,502] - loggin.py] - INFO: ------绑定的员工工号为07406------
[2018-02-12 17:33:08,864] - loggin.py] - INFO: -----测试查询用户------
[2018-02-12 17:33:10,866] - loggin.py] - INFO: ------查询用户为：123456789------
[2018-02-12 17:33:12,259] - loggin.py] - INFO: ------查询得出页面有1条信息------
[2018-02-12 17:33:12,519] - loggin.py] - INFO: ------删除账户为：123456789的信息------
[2018-02-12 17:33:12,742] - loggin.py] - INFO: ------测试导出所选项，默认勾选第一页全部------
[2018-02-12 17:33:13,570] - loggin.py] - INFO: ------有10条信息,即将导出------
[2018-02-12 17:33:13,585] - loggin.py] - INFO: ------导出所选项excel行数与列表数量一致------
[2018-02-12 17:33:13,587] - loggin.py] - INFO: ------测试导出全部------
[2018-02-12 17:36:46,943] - loggin.py] - INFO: ------用户信息管理模块测试用例------
[2018-02-12 17:36:52,382] - loggin.py] - INFO: ------进入网站------
[2018-02-12 17:36:52,383] - loggin.py] - INFO: ------输入登录用户名------
[2018-02-12 17:36:52,514] - loggin.py] - INFO: ------输入登录密码------
[2018-02-12 17:36:53,922] - loggin.py] - INFO: ------测试用户新增------
[2018-02-12 17:36:55,326] - loggin.py] - INFO: ------新增用户------
[2018-02-12 17:36:57,220] - loggin.py] - INFO: ------绑定的员工工号为07365------
[2018-02-12 17:36:57,575] - loggin.py] - INFO: -----测试查询用户------
[2018-02-12 17:36:59,577] - loggin.py] - INFO: ------查询用户为：123456789------
[2018-02-12 17:37:01,012] - loggin.py] - INFO: ------查询得出页面有1条信息------
[2018-02-12 17:37:01,236] - loggin.py] - INFO: ------删除账户为：123456789的信息------
[2018-02-12 17:37:01,416] - loggin.py] - INFO: ------测试导出所选项，默认勾选第一页全部------
[2018-02-12 17:37:02,224] - loggin.py] - INFO: ------有10条信息,即将导出------
[2018-02-12 17:37:02,229] - loggin.py] - INFO: ------导出所选项excel行数与列表数量一致------
[2018-02-12 17:37:02,230] - loggin.py] - INFO: ------测试导出全部------
[2018-02-12 17:37:09,179] - loggin.py] - INFO: ------测试用例结束------
[2018-02-12 17:37:09,180] - loggin.py] - INFO: ------清理下载的附件所有附件------
[2018-02-12 17:40:11,931] - loggin.py] - INFO: ------用户信息管理模块测试用例------
[2018-02-12 17:40:17,082] - loggin.py] - INFO: ------进入网站------
[2018-02-12 17:40:17,084] - loggin.py] - INFO: ------输入登录用户名------
[2018-02-12 17:40:17,256] - loggin.py] - INFO: ------输入登录密码------
[2018-02-12 17:40:18,642] - loggin.py] - INFO: ------测试用户新增------
[2018-02-12 17:40:20,148] - loggin.py] - INFO: ------新增用户------
[2018-02-12 17:40:22,313] - loggin.py] - INFO: ------绑定的员工工号为07365------
[2018-02-12 17:40:22,770] - loggin.py] - INFO: -----测试查询用户------
[2018-02-12 17:40:24,771] - loggin.py] - INFO: ------查询用户为：123456789------
[2018-02-12 17:40:26,219] - loggin.py] - INFO: ------查询得出页面有1条信息------
[2018-02-12 17:40:26,467] - loggin.py] - INFO: ------删除账户为：123456789的信息------
[2018-02-12 17:40:26,686] - loggin.py] - INFO: ------测试导出所选项，默认勾选第一页全部------
[2018-02-12 17:40:27,565] - loggin.py] - INFO: ------有10条信息,即将导出------
[2018-02-12 17:40:27,569] - loggin.py] - INFO: ------导出所选项excel行数与列表数量一致------
[2018-02-12 17:40:27,570] - loggin.py] - INFO: ------测试导出全部------
[2018-02-12 17:40:34,595] - loggin.py] - INFO: ------测试用例结束------
[2018-02-12 17:40:34,596] - loggin.py] - INFO: ------清理下载的附件所有附件------
[2018-02-12 17:41:52,247] - loggin.py] - INFO: ------用户信息管理模块测试用例------
[2018-02-12 17:41:57,523] - loggin.py] - INFO: ------进入网站------
[2018-02-12 17:41:57,525] - loggin.py] - INFO: ------输入登录用户名------
[2018-02-12 17:41:57,658] - loggin.py] - INFO: ------输入登录密码------
[2018-02-12 17:41:59,100] - loggin.py] - INFO: ------测试用户新增------
[2018-02-12 17:42:00,548] - loggin.py] - INFO: ------新增用户------
[2018-02-12 17:42:02,539] - loggin.py] - INFO: ------绑定的员工工号为07331------
[2018-02-12 17:42:02,925] - loggin.py] - INFO: -----测试查询用户------
[2018-02-12 17:42:04,927] - loggin.py] - INFO: ------查询用户为：123456789------
[2018-02-12 17:42:06,417] - loggin.py] - INFO: ------查询得出页面有1条信息------
[2018-02-12 17:42:06,733] - loggin.py] - INFO: ------删除账户为：123456789的信息------
[2018-02-12 17:42:07,030] - loggin.py] - INFO: ------测试导出所选项，默认勾选第一页全部------
[2018-02-12 17:42:08,107] - loggin.py] - INFO: ------有10条信息,即将导出------
[2018-02-12 17:42:08,114] - loggin.py] - INFO: ------导出所选项excel行数与列表数量一致------
[2018-02-12 17:42:08,115] - loggin.py] - INFO: ------测试导出全部------
[2018-02-12 17:42:15,016] - loggin.py] - INFO: ------测试用例结束------
[2018-02-12 17:42:15,016] - loggin.py] - INFO: ------清理下载的附件所有附件------
[2018-02-12 17:42:32,045] - loggin.py] - INFO: ------用户信息管理模块测试用例------
[2018-02-12 17:42:37,255] - loggin.py] - INFO: ------进入网站------
[2018-02-12 17:42:37,257] - loggin.py] - INFO: ------输入登录用户名------
[2018-02-12 17:42:37,411] - loggin.py] - INFO: ------输入登录密码------
[2018-02-12 17:42:38,792] - loggin.py] - INFO: ------测试用户新增------
[2018-02-12 17:42:43,613] - loggin.py] - INFO: -----测试查询用户------
[2018-02-12 17:42:45,613] - loggin.py] - INFO: ------查询用户为：123456789------
[2018-02-12 17:42:47,560] - loggin.py] - INFO: ------用户信息管理模块测试用例------
[2018-02-12 17:42:48,679] - loggin.py] - INFO: ------用户信息管理模块测试用例------
[2018-02-12 17:42:53,736] - loggin.py] - INFO: ------进入网站------
[2018-02-12 17:42:53,737] - loggin.py] - INFO: ------输入登录用户名------
[2018-02-12 17:42:53,871] - loggin.py] - INFO: ------输入登录密码------
[2018-02-12 17:42:55,224] - loggin.py] - INFO: ------测试用户新增------
[2018-02-12 17:42:57,034] - loggin.py] - INFO: ------新增用户------
[2018-02-12 17:42:59,108] - loggin.py] - INFO: ------绑定的员工工号为07409------
[2018-02-12 17:42:59,445] - loggin.py] - INFO: -----测试查询用户------
[2018-02-12 17:43:01,446] - loggin.py] - INFO: ------查询用户为：123456789------
[2018-02-12 17:43:02,918] - loggin.py] - INFO: ------查询得出页面有1条信息------
[2018-02-12 17:43:03,141] - loggin.py] - INFO: ------删除账户为：123456789的信息------
[2018-02-12 17:43:03,341] - loggin.py] - INFO: ------测试导出所选项，默认勾选第一页全部------
[2018-02-12 17:43:04,166] - loggin.py] - INFO: ------有10条信息,即将导出------
[2018-02-12 17:43:04,172] - loggin.py] - INFO: ------导出所选项excel行数与列表数量一致------
[2018-02-12 17:43:04,174] - loggin.py] - INFO: ------测试导出全部------
[2018-02-12 17:43:08,313] - loggin.py] - INFO: ------导出全部excel行数与列表数量一致------
[2018-02-12 17:43:11,414] - loggin.py] - INFO: ------测试用例结束------
[2018-02-12 17:43:11,415] - loggin.py] - INFO: ------清理下载的附件所有附件------
[2018-02-12 17:43:47,500] - loggin.py] - INFO: ------用户信息管理模块测试用例------
[2018-02-12 17:44:04,130] - loggin.py] - INFO: ------用户信息管理模块测试用例------
[2018-02-12 17:44:09,586] - loggin.py] - INFO: ------进入网站------
[2018-02-12 17:44:09,588] - loggin.py] - INFO: ------输入登录用户名------
[2018-02-12 17:44:09,794] - loggin.py] - INFO: ------输入登录密码------
[2018-02-12 17:44:11,194] - loggin.py] - INFO: ------测试用户新增------
[2018-02-12 17:44:12,575] - loggin.py] - INFO: ------新增用户------
[2018-02-12 17:44:15,025] - loggin.py] - INFO: ------绑定的员工工号为07092------
[2018-02-12 17:44:15,351] - loggin.py] - INFO: -----测试查询用户------
[2018-02-12 17:44:17,353] - loggin.py] - INFO: ------查询用户为：123456789------
[2018-02-12 17:44:18,803] - loggin.py] - INFO: ------查询得出页面有1条信息------
[2018-02-12 17:44:19,053] - loggin.py] - INFO: ------删除账户为：123456789的信息------
[2018-02-12 17:44:19,267] - loggin.py] - INFO: ------测试导出所选项，默认勾选第一页全部------
[2018-02-12 17:44:20,086] - loggin.py] - INFO: ------有10条信息,即将导出------
[2018-02-12 17:44:20,091] - loggin.py] - INFO: ------导出所选项excel行数与列表数量一致------
[2018-02-12 17:44:20,092] - loggin.py] - INFO: ------测试导出全部------
[2018-02-12 17:44:23,933] - loggin.py] - INFO: ------导出全部excel行数与列表数量一致------
[2018-02-12 17:44:26,994] - loggin.py] - INFO: ------测试用例结束------
[2018-02-12 17:44:26,995] - loggin.py] - INFO: ------清理下载的附件所有附件------
[2018-02-12 17:44:26,996] - loggin.py] - INFO: ------清理下载的附件d:\\GoogleFile\用户信息导出 (1).xls------
[2018-02-12 17:44:26,998] - loggin.py] - INFO: ------清理下载的附件d:\\GoogleFile\用户信息导出.xls------
[2018-02-12 17:46:50,730] - loggin.py] - INFO: ------用户信息管理模块测试用例------
[2018-02-12 17:46:55,947] - loggin.py] - INFO: ------进入网站------
[2018-02-12 17:46:55,948] - loggin.py] - INFO: ------输入登录用户名------
[2018-02-12 17:46:56,108] - loggin.py] - INFO: ------输入登录密码------
[2018-02-12 17:46:57,524] - loggin.py] - INFO: ------测试用户新增------
[2018-02-12 17:46:59,001] - loggin.py] - INFO: ------新增用户------
[2018-02-12 17:47:01,176] - loggin.py] - INFO: ------绑定的员工工号为05194------
[2018-02-12 17:47:01,535] - loggin.py] - INFO: -----测试查询用户------
[2018-02-12 17:47:03,537] - loggin.py] - INFO: ------查询用户为：123456789------
[2018-02-12 17:47:04,943] - loggin.py] - INFO: ------查询得出页面有1条信息------
[2018-02-12 17:47:05,155] - loggin.py] - INFO: ------删除账户为：123456789的信息------
[2018-02-12 17:47:05,377] - loggin.py] - INFO: ------测试导出所选项，默认勾选第一页全部------
[2018-02-12 17:47:06,205] - loggin.py] - INFO: ------有10条信息,即将导出------
[2018-02-12 17:47:06,209] - loggin.py] - INFO: ------导出所选项excel行数与列表数量一致------
[2018-02-12 17:47:06,211] - loggin.py] - INFO: ------测试导出全部------
[2018-02-12 17:47:09,918] - loggin.py] - INFO: ------导出全部excel行数与列表数量一致------
[2018-02-12 17:47:12,980] - loggin.py] - INFO: ------测试用例结束------
[2018-02-12 17:47:12,982] - loggin.py] - INFO: ------清理下载的附件所有附件------
[2018-02-12 17:47:12,983] - loggin.py] - INFO: ------清理下载的附件d:\\GoogleFile\用户信息导出 (1).xls------
[2018-02-12 17:47:12,985] - loggin.py] - INFO: ------清理下载的附件d:\\GoogleFile\用户信息导出.xls------
[2018-02-12 18:22:03,730] - loggin.py] - INFO: ------用户信息管理模块测试用例------
[2018-02-12 18:22:10,428] - loggin.py] - INFO: ------进入网站------
[2018-02-12 18:22:10,436] - loggin.py] - INFO: ------输入登录用户名------
[2018-02-12 18:22:10,805] - loggin.py] - INFO: ------输入登录密码------
[2018-02-12 18:22:12,223] - loggin.py] - INFO: -----测试查询用户------
[2018-02-12 18:22:15,410] - loggin.py] - INFO: ------测试用例结束------
[2018-02-12 18:22:15,411] - loggin.py] - INFO: ------清理下载的附件所有附件------
[2018-02-12 18:22:44,078] - loggin.py] - INFO: ------用户信息管理模块测试用例------
[2018-02-12 18:22:50,413] - loggin.py] - INFO: ------进入网站------
[2018-02-12 18:22:50,415] - loggin.py] - INFO: ------输入登录用户名------
[2018-02-12 18:22:50,590] - loggin.py] - INFO: ------输入登录密码------
[2018-02-12 18:22:51,977] - loggin.py] - INFO: -----测试查询用户------
[2018-02-12 18:22:53,979] - loggin.py] - INFO: ------查询用户为：123456789------
[2018-02-12 18:23:07,481] - loggin.py] - INFO: ------测试用例结束------
[2018-02-12 18:23:07,482] - loggin.py] - INFO: ------清理下载的附件所有附件------
[2018-02-12 18:23:13,455] - loggin.py] - INFO: ------用户信息管理模块测试用例------
[2018-02-12 18:23:19,176] - loggin.py] - INFO: ------进入网站------
[2018-02-12 18:23:19,177] - loggin.py] - INFO: ------输入登录用户名------
[2018-02-12 18:23:19,371] - loggin.py] - INFO: ------输入登录密码------
[2018-02-12 18:23:58,662] - loggin.py] - INFO: ------用户信息管理模块测试用例------
[2018-02-12 18:24:04,377] - loggin.py] - INFO: ------进入网站------
[2018-02-12 18:24:04,379] - loggin.py] - INFO: ------输入登录用户名------
[2018-02-12 18:24:04,653] - loggin.py] - INFO: ------输入登录密码------
[2018-02-12 18:24:06,098] - loggin.py] - INFO: ------测试用户新增------
[2018-02-12 18:24:07,840] - loggin.py] - INFO: ------新增用户------
[2018-02-12 18:24:10,032] - loggin.py] - INFO: ------绑定的员工工号为07291------
[2018-02-12 18:24:10,410] - loggin.py] - INFO: -----测试查询用户------
[2018-02-12 18:24:12,412] - loggin.py] - INFO: ------查询用户为：10------
[2018-02-12 18:24:13,877] - loggin.py] - INFO: ------查询得出页面有1条信息------
[2018-02-12 18:24:14,097] - loggin.py] - INFO: ------删除账户为：10的信息------
[2018-02-12 18:24:14,472] - loggin.py] - INFO: ------测试导出所选项，默认勾选第一页全部------
[2018-02-12 18:24:15,209] - loggin.py] - INFO: ------有10条信息,即将导出------
[2018-02-12 18:24:15,224] - loggin.py] - INFO: ------导出所选项excel行数与列表数量一致------
[2018-02-12 18:24:15,225] - loggin.py] - INFO: ------测试导出全部------
[2018-02-12 18:24:19,004] - loggin.py] - INFO: ------导出全部excel行数与列表数量一致------
[2018-02-12 18:24:22,121] - loggin.py] - INFO: ------测试用例结束------
[2018-02-12 18:24:22,122] - loggin.py] - INFO: ------清理下载的附件所有附件------
[2018-02-12 18:24:22,123] - loggin.py] - INFO: ------清理下载的附件d:\\GoogleFile\用户信息导出 (1).xls------
[2018-02-12 18:24:22,192] - loggin.py] - INFO: ------清理下载的附件d:\\GoogleFile\用户信息导出.xls------
[2018-02-12 18:25:13,972] - loggin.py] - INFO: ------用户信息管理模块测试用例------
[2018-02-12 18:25:19,879] - loggin.py] - INFO: ------进入网站------
[2018-02-12 18:25:19,885] - loggin.py] - INFO: ------输入登录用户名------
[2018-02-12 18:25:20,046] - loggin.py] - INFO: ------输入登录密码------
[2018-02-12 18:25:21,441] - loggin.py] - INFO: ------测试用户新增------
[2018-02-12 18:25:23,134] - loggin.py] - INFO: ------新增用户------
[2018-02-12 18:25:25,197] - loggin.py] - INFO: ------绑定的员工工号为05033------
[2018-02-12 18:25:25,653] - loggin.py] - INFO: -----测试查询用户------
[2018-02-12 18:25:27,655] - loggin.py] - INFO: ------查询用户为：2------
[2018-02-12 18:25:29,111] - loggin.py] - INFO: ------查询得出页面有10条信息------
[2018-02-12 18:25:29,336] - loggin.py] - INFO: ------删除账户为：2的信息------
[2018-02-12 18:25:29,622] - loggin.py] - INFO: ------测试导出所选项，默认勾选第一页全部------
[2018-02-12 18:25:30,533] - loggin.py] - INFO: ------有10条信息,即将导出------
[2018-02-12 18:25:30,539] - loggin.py] - INFO: ------导出所选项excel行数与列表数量一致------
[2018-02-12 18:25:30,541] - loggin.py] - INFO: ------测试导出全部------
[2018-02-12 18:25:34,329] - loggin.py] - INFO: ------导出全部excel行数与列表数量一致------
[2018-02-12 18:25:37,483] - loggin.py] - INFO: ------测试用例结束------
[2018-02-12 18:25:37,484] - loggin.py] - INFO: ------清理下载的附件所有附件------
[2018-02-12 18:25:37,485] - loggin.py] - INFO: ------清理下载的附件d:\\GoogleFile\用户信息导出 (1).xls------
[2018-02-12 18:25:37,487] - loggin.py] - INFO: ------清理下载的附件d:\\GoogleFile\用户信息导出.xls------
