[2018-02-09 14:49:21,314] - loggin.py] - INFO: ------输入登录用户名------
[2018-02-09 14:49:21,455] - loggin.py] - INFO: ------输入登录密码------
[2018-02-09 14:49:22,845] - loggin.py] - INFO: ------新增用户------
[2018-02-09 14:49:34,154] - loggin.py] - INFO: ------绑定的员工工号为07238------
[2018-02-09 14:49:34,458] - loggin.py] - INFO: ------查询用户------
[2018-02-09 14:49:39,938] - loggin.py] - INFO: ------页面有10条信息------
[2018-02-09 14:54:29,563] - loggin.py] - INFO: ------输入登录用户名------
[2018-02-09 14:54:29,709] - loggin.py] - INFO: ------输入登录密码------
[2018-02-09 14:54:31,039] - loggin.py] - INFO: ------新增用户------
[2018-02-09 14:54:34,348] - loggin.py] - INFO: ------绑定的员工工号为07335------
[2018-02-09 14:54:34,657] - loggin.py] - INFO: ------查询用户------
[2018-02-09 14:54:41,040] - loggin.py] - INFO: ------页面有2条信息------
[2018-02-09 14:58:46,840] - loggin.py] - INFO: ------输入登录用户名------
[2018-02-09 14:58:46,966] - loggin.py] - INFO: ------输入登录密码------
[2018-02-09 14:58:48,326] - loggin.py] - INFO: ------新增用户------
[2018-02-09 14:58:51,807] - loggin.py] - INFO: ------绑定的员工工号为07291------
[2018-02-09 14:58:52,105] - loggin.py] - INFO: ------查询用户------
[2018-02-09 14:58:58,446] - loggin.py] - INFO: ------页面有2条信息------
[2018-02-09 14:59:40,789] - loggin.py] - INFO: ------输入登录用户名------
[2018-02-09 14:59:40,912] - loggin.py] - INFO: ------输入登录密码------
[2018-02-09 14:59:42,335] - loggin.py] - INFO: ------新增用户------
[2018-02-09 14:59:45,693] - loggin.py] - INFO: ------绑定的员工工号为07191------
[2018-02-09 14:59:46,042] - loggin.py] - INFO: ------查询用户------
[2018-02-09 14:59:52,343] - loggin.py] - INFO: ------页面有2条信息------
[2018-02-09 15:02:23,898] - loggin.py] - INFO: ------输入登录用户名------
[2018-02-09 15:02:24,076] - loggin.py] - INFO: ------输入登录密码------
[2018-02-09 15:02:25,470] - loggin.py] - INFO: ------新增用户------
[2018-02-09 15:03:33,598] - loggin.py] - INFO: ------输入登录用户名------
[2018-02-09 15:03:33,773] - loggin.py] - INFO: ------输入登录密码------
[2018-02-09 15:03:35,193] - loggin.py] - INFO: ------新增用户------
[2018-02-09 15:03:39,269] - loggin.py] - INFO: ------绑定的员工工号为07357------
[2018-02-09 15:03:39,631] - loggin.py] - INFO: ------查询用户------
[2018-02-09 15:03:45,971] - loggin.py] - INFO: ------页面有2条信息------
[2018-02-09 15:04:30,337] - loggin.py] - INFO: ------输入登录用户名------
[2018-02-09 15:04:30,486] - loggin.py] - INFO: ------输入登录密码------
[2018-02-09 15:04:31,862] - loggin.py] - INFO: ------新增用户------
[2018-02-09 15:04:35,573] - loggin.py] - INFO: ------绑定的员工工号为07252------
[2018-02-09 15:04:35,892] - loggin.py] - INFO: ------查询用户------
[2018-02-09 15:04:49,975] - loggin.py] - INFO: ------输入登录用户名------
[2018-02-09 15:04:50,109] - loggin.py] - INFO: ------输入登录密码------
[2018-02-09 15:04:51,462] - loggin.py] - INFO: ------新增用户------
[2018-02-09 15:04:55,192] - loggin.py] - INFO: ------绑定的员工工号为07221------
[2018-02-09 15:04:55,523] - loggin.py] - INFO: ------查询用户------
[2018-02-09 15:05:01,846] - loggin.py] - INFO: ------页面有1条信息------
[2018-02-09 15:06:52,667] - loggin.py] - INFO: ------输入登录用户名------
[2018-02-09 15:06:52,819] - loggin.py] - INFO: ------输入登录密码------
[2018-02-09 15:06:54,178] - loggin.py] - INFO: ------新增用户------
[2018-02-09 15:06:57,963] - loggin.py] - INFO: ------绑定的员工工号为07406------
[2018-02-09 15:06:58,280] - loggin.py] - INFO: ------查询用户------
[2018-02-09 15:07:04,650] - loggin.py] - INFO: ------页面有1条信息------
[2018-02-09 15:08:07,742] - loggin.py] - INFO: ------输入登录用户名------
[2018-02-09 15:08:07,903] - loggin.py] - INFO: ------输入登录密码------
[2018-02-09 15:08:09,271] - loggin.py] - INFO: ------新增用户------
[2018-02-09 15:08:12,659] - loggin.py] - INFO: ------绑定的员工工号为06839------
[2018-02-09 15:08:13,045] - loggin.py] - INFO: ------查询用户------
[2018-02-09 15:08:19,410] - loggin.py] - INFO: ------页面有1条信息------
[2018-02-09 15:09:45,712] - loggin.py] - INFO: ------输入登录用户名------
[2018-02-09 15:09:45,867] - loggin.py] - INFO: ------输入登录密码------
[2018-02-09 15:09:47,489] - loggin.py] - INFO: ------新增用户------
[2018-02-09 15:09:50,946] - loggin.py] - INFO: ------绑定的员工工号为07089------
[2018-02-09 15:09:51,310] - loggin.py] - INFO: ------查询用户------
[2018-02-09 15:09:57,637] - loggin.py] - INFO: ------页面有1条信息------
[2018-02-09 15:10:41,087] - loggin.py] - INFO: ------输入登录用户名------
[2018-02-09 15:10:41,211] - loggin.py] - INFO: ------输入登录密码------
[2018-02-09 15:10:42,593] - loggin.py] - INFO: ------新增用户------
[2018-02-09 15:10:45,886] - loggin.py] - INFO: ------绑定的员工工号为07347------
[2018-02-09 15:10:46,235] - loggin.py] - INFO: ------查询用户------
[2018-02-09 15:10:49,606] - loggin.py] - INFO: ------页面有1条信息------
[2018-02-09 15:16:00,859] - loggin.py] - INFO: ------输入登录用户名------
[2018-02-09 15:16:00,976] - loggin.py] - INFO: ------输入登录密码------
[2018-02-09 15:16:02,448] - loggin.py] - INFO: ------新增用户------
[2018-02-09 15:16:06,747] - loggin.py] - INFO: ------绑定的员工工号为07325------
[2018-02-09 15:16:07,073] - loggin.py] - INFO: ------查询用户------
[2018-02-09 15:16:10,510] - loggin.py] - INFO: ------页面有2条信息------
[2018-02-09 15:16:55,010] - loggin.py] - INFO: ------输入登录用户名------
[2018-02-09 15:16:55,132] - loggin.py] - INFO: ------输入登录密码------
[2018-02-09 15:16:56,510] - loggin.py] - INFO: ------新增用户------
[2018-02-09 15:17:00,007] - loggin.py] - INFO: ------绑定的员工工号为07305------
[2018-02-09 15:17:00,344] - loggin.py] - INFO: ------查询用户------
[2018-02-09 15:17:03,734] - loggin.py] - INFO: ------页面有2条信息------
[2018-02-09 15:17:49,339] - loggin.py] - INFO: ------输入登录用户名------
[2018-02-09 15:17:49,478] - loggin.py] - INFO: ------输入登录密码------
[2018-02-09 15:17:50,826] - loggin.py] - INFO: ------新增用户------
[2018-02-09 15:17:54,278] - loggin.py] - INFO: ------绑定的员工工号为07236------
[2018-02-09 15:17:54,617] - loggin.py] - INFO: ------查询用户------
[2018-02-09 15:17:58,039] - loggin.py] - INFO: ------页面有2条信息------
[2018-02-09 15:18:47,633] - loggin.py] - INFO: ------输入登录用户名------
[2018-02-09 15:18:47,772] - loggin.py] - INFO: ------输入登录密码------
[2018-02-09 15:18:49,155] - loggin.py] - INFO: ------新增用户------
[2018-02-09 15:18:52,620] - loggin.py] - INFO: ------绑定的员工工号为07339------
[2018-02-09 15:18:52,929] - loggin.py] - INFO: ------查询用户------
[2018-02-09 15:19:05,474] - loggin.py] - INFO: ------输入登录用户名------
[2018-02-09 15:19:05,628] - loggin.py] - INFO: ------输入登录密码------
[2018-02-09 15:19:07,013] - loggin.py] - INFO: ------新增用户------
[2018-02-09 15:19:10,396] - loggin.py] - INFO: ------绑定的员工工号为07320------
[2018-02-09 15:19:10,714] - loggin.py] - INFO: ------查询用户------
[2018-02-09 15:19:14,041] - loggin.py] - INFO: ------页面有2条信息------
[2018-02-09 15:23:32,244] - loggin.py] - INFO: ------输入登录用户名------
[2018-02-09 15:23:32,397] - loggin.py] - INFO: ------输入登录密码------
[2018-02-09 15:23:33,815] - loggin.py] - INFO: ------新增用户------
[2018-02-09 15:23:37,296] - loggin.py] - INFO: ------绑定的员工工号为07408------
[2018-02-09 15:23:37,616] - loggin.py] - INFO: ------查询用户------
[2018-02-09 15:23:40,987] - loggin.py] - INFO: ------页面有2条信息------
[2018-02-09 15:24:10,596] - loggin.py] - INFO: ------输入登录用户名------
[2018-02-09 15:24:10,730] - loggin.py] - INFO: ------输入登录密码------
[2018-02-09 15:24:12,095] - loggin.py] - INFO: ------新增用户------
[2018-02-09 15:24:15,820] - loggin.py] - INFO: ------绑定的员工工号为07266------
[2018-02-09 15:24:16,172] - loggin.py] - INFO: ------查询用户------
[2018-02-09 15:24:19,585] - loggin.py] - INFO: ------页面有2条信息------
[2018-02-09 15:25:36,917] - loggin.py] - INFO: ------输入登录用户名------
[2018-02-09 15:25:37,046] - loggin.py] - INFO: ------输入登录密码------
[2018-02-09 15:25:38,450] - loggin.py] - INFO: ------新增用户------
[2018-02-09 15:25:42,326] - loggin.py] - INFO: ------绑定的员工工号为07375------
[2018-02-09 15:25:42,659] - loggin.py] - INFO: ------查询用户------
[2018-02-09 15:25:46,096] - loggin.py] - INFO: ------页面有2条信息------
[2018-02-09 15:42:06,345] - loggin.py] - INFO: ------输入登录用户名------
[2018-02-09 15:42:06,478] - loggin.py] - INFO: ------输入登录密码------
[2018-02-09 15:42:07,849] - loggin.py] - INFO: ------新增用户------
[2018-02-09 15:58:54,214] - loggin.py] - INFO: ------输入登录用户名------
[2018-02-09 15:58:54,365] - loggin.py] - INFO: ------输入登录密码------
[2018-02-09 15:58:55,736] - loggin.py] - INFO: ------新增用户------
[2018-02-09 15:58:59,099] - loggin.py] - INFO: ------绑定的员工工号为05027------
[2018-02-09 15:58:59,428] - loggin.py] - INFO: ------查询用户------
[2018-02-09 15:59:02,846] - loggin.py] - INFO: ------页面有2条信息------
[2018-02-09 15:59:24,098] - loggin.py] - INFO: ------输入登录用户名------
[2018-02-09 15:59:24,236] - loggin.py] - INFO: ------输入登录密码------
[2018-02-09 15:59:25,603] - loggin.py] - INFO: ------新增用户------
[2018-02-09 15:59:29,483] - loggin.py] - INFO: ------绑定的员工工号为07346------
[2018-02-09 15:59:29,849] - loggin.py] - INFO: ------查询用户------
[2018-02-09 15:59:33,273] - loggin.py] - INFO: ------页面有1条信息------
[2018-02-09 16:00:08,355] - loggin.py] - INFO: ------输入登录用户名------
[2018-02-09 16:00:08,489] - loggin.py] - INFO: ------输入登录密码------
[2018-02-09 16:00:09,869] - loggin.py] - INFO: ------新增用户------
[2018-02-09 16:02:42,242] - loggin.py] - INFO: ------输入登录用户名------
[2018-02-09 16:02:42,395] - loggin.py] - INFO: ------输入登录密码------
[2018-02-09 16:02:43,730] - loggin.py] - INFO: ------新增用户------
[2018-02-09 16:02:47,672] - loggin.py] - INFO: ------绑定的员工工号为07225------
[2018-02-09 16:02:48,113] - loggin.py] - INFO: ------查询用户------
[2018-02-09 16:02:51,448] - loggin.py] - INFO: ------页面有1条信息------
[2018-02-09 16:03:53,359] - loggin.py] - INFO: ------输入登录用户名------
[2018-02-09 16:03:53,516] - loggin.py] - INFO: ------输入登录密码------
[2018-02-09 16:03:54,917] - loggin.py] - INFO: ------新增用户------
[2018-02-09 16:03:58,474] - loggin.py] - INFO: ------绑定的员工工号为07291------
[2018-02-09 16:03:58,808] - loggin.py] - INFO: ------查询用户------
[2018-02-09 16:04:02,377] - loggin.py] - INFO: ------页面有1条信息------
[2018-02-09 16:05:06,035] - loggin.py] - INFO: ------输入登录用户名------
[2018-02-09 16:05:06,216] - loggin.py] - INFO: ------输入登录密码------
[2018-02-09 16:05:07,810] - loggin.py] - INFO: ------新增用户------
[2018-02-09 16:05:12,258] - loggin.py] - INFO: ------绑定的员工工号为07220------
[2018-02-09 16:05:12,583] - loggin.py] - INFO: ------查询用户------
[2018-02-09 16:05:16,036] - loggin.py] - INFO: ------页面有1条信息------
[2018-02-09 16:06:16,764] - loggin.py] - INFO: ------输入登录用户名------
[2018-02-09 16:06:16,895] - loggin.py] - INFO: ------输入登录密码------
[2018-02-09 16:06:18,525] - loggin.py] - INFO: ------新增用户------
[2018-02-09 16:06:22,749] - loggin.py] - INFO: ------绑定的员工工号为07338------
[2018-02-09 16:06:23,262] - loggin.py] - INFO: ------查询用户------
[2018-02-09 16:06:26,870] - loggin.py] - INFO: ------页面有1条信息------
[2018-02-09 16:10:16,838] - loggin.py] - INFO: ------输入登录用户名------
[2018-02-09 16:10:16,978] - loggin.py] - INFO: ------输入登录密码------
[2018-02-09 16:10:18,373] - loggin.py] - INFO: ------新增用户------
[2018-02-09 16:10:21,735] - loggin.py] - INFO: ------绑定的员工工号为07337------
[2018-02-09 16:10:22,081] - loggin.py] - INFO: ------查询用户------
[2018-02-09 16:10:25,491] - loggin.py] - INFO: ------页面有3条信息------
[2018-02-09 16:10:57,787] - loggin.py] - INFO: ------输入登录用户名------
[2018-02-09 16:10:57,907] - loggin.py] - INFO: ------输入登录密码------
[2018-02-09 16:11:08,519] - loggin.py] - INFO: ------输入登录用户名------
[2018-02-09 16:11:08,701] - loggin.py] - INFO: ------输入登录密码------
[2018-02-09 16:11:10,051] - loggin.py] - INFO: ------新增用户------
[2018-02-09 16:11:13,701] - loggin.py] - INFO: ------绑定的员工工号为07317------
[2018-02-09 16:11:14,019] - loggin.py] - INFO: ------查询用户------
[2018-02-09 16:11:17,533] - loggin.py] - INFO: ------页面有3条信息------
[2018-02-09 16:12:14,443] - loggin.py] - INFO: ------输入登录用户名------
[2018-02-09 16:12:14,680] - loggin.py] - INFO: ------输入登录密码------
[2018-02-09 16:12:16,216] - loggin.py] - INFO: ------新增用户------
[2018-02-09 16:12:19,799] - loggin.py] - INFO: ------绑定的员工工号为07392------
[2018-02-09 16:12:20,114] - loggin.py] - INFO: ------查询用户------
[2018-02-09 16:12:41,130] - loggin.py] - INFO: ------输入登录用户名------
[2018-02-09 16:12:41,294] - loggin.py] - INFO: ------输入登录密码------
[2018-02-09 16:12:42,751] - loggin.py] - INFO: ------新增用户------
[2018-02-09 16:12:46,262] - loggin.py] - INFO: ------绑定的员工工号为07330------
[2018-02-09 16:12:46,667] - loggin.py] - INFO: ------查询用户------
[2018-02-09 16:12:50,085] - loggin.py] - INFO: ------页面有1条信息------
[2018-02-09 16:14:26,601] - loggin.py] - INFO: ------输入登录用户名------
[2018-02-09 16:14:26,733] - loggin.py] - INFO: ------输入登录密码------
[2018-02-09 16:14:28,267] - loggin.py] - INFO: ------新增用户------
[2018-02-09 16:14:31,964] - loggin.py] - INFO: ------绑定的员工工号为07171------
[2018-02-09 16:14:32,377] - loggin.py] - INFO: ------查询用户------
[2018-02-09 16:14:35,767] - loggin.py] - INFO: ------页面有1条信息------
[2018-02-09 16:22:22,294] - loggin.py] - INFO: ------输入登录用户名------
[2018-02-09 16:22:22,465] - loggin.py] - INFO: ------输入登录密码------
[2018-02-09 16:22:23,831] - loggin.py] - INFO: ------新增用户------
[2018-02-09 16:22:27,257] - loggin.py] - INFO: ------绑定的员工工号为07327------
[2018-02-09 16:22:27,589] - loggin.py] - INFO: ------查询用户------
[2018-02-09 16:22:30,966] - loggin.py] - INFO: ------页面有1条信息------
[2018-02-09 16:22:31,586] - loggin.py] - INFO: ------已删除数据112------
[2018-02-09 16:26:39,421] - loggin.py] - INFO: ------输入登录用户名------
[2018-02-09 16:26:39,556] - loggin.py] - INFO: ------输入登录密码------
[2018-02-09 16:26:40,968] - loggin.py] - INFO: ------新增用户------
[2018-02-09 16:26:44,704] - loggin.py] - INFO: ------绑定的员工工号为07225------
[2018-02-09 16:26:45,046] - loggin.py] - INFO: ------查询用户------
[2018-02-09 16:26:48,431] - loggin.py] - INFO: ------页面有1条信息------
[2018-02-09 16:27:36,871] - loggin.py] - INFO: ------输入登录用户名------
[2018-02-09 16:27:36,996] - loggin.py] - INFO: ------输入登录密码------
[2018-02-09 16:27:38,369] - loggin.py] - INFO: ------新增用户------
[2018-02-09 16:27:41,910] - loggin.py] - INFO: ------绑定的员工工号为07222------
[2018-02-09 16:27:42,287] - loggin.py] - INFO: ------查询用户------
[2018-02-09 16:27:45,782] - loggin.py] - INFO: ------页面有1条信息------
[2018-02-09 16:27:46,422] - loggin.py] - INFO: ------已删除用户账户为：112的数据------
[2018-02-09 17:04:47,381] - loggin.py] - INFO: ------输入登录用户名------
[2018-02-09 17:04:47,555] - loggin.py] - INFO: ------输入登录密码------
[2018-02-09 17:04:48,945] - loggin.py] - INFO: ------新增用户------
[2018-02-09 17:04:52,380] - loggin.py] - INFO: ------绑定的员工工号为07397------
[2018-02-09 17:04:52,739] - loggin.py] - INFO: ------查询用户------
[2018-02-09 17:04:56,120] - loggin.py] - INFO: ------页面有1条信息------
[2018-02-09 17:04:56,590] - loggin.py] - INFO: ------已删除用户账户为：112的数据------
[2018-02-09 17:05:31,402] - loggin.py] - INFO: ------输入登录用户名------
[2018-02-09 17:05:31,573] - loggin.py] - INFO: ------输入登录密码------
[2018-02-09 17:05:33,019] - loggin.py] - INFO: ------新增用户------
[2018-02-09 17:05:36,487] - loggin.py] - INFO: ------绑定的员工工号为07213------
[2018-02-09 17:05:36,864] - loggin.py] - INFO: ------查询用户------
[2018-02-09 17:05:40,274] - loggin.py] - INFO: ------页面有1条信息------
[2018-02-09 17:05:40,768] - loggin.py] - INFO: ------已删除用户账户为：112的数据------
[2018-02-09 17:05:51,550] - loggin.py] - INFO: ------页面有10条信息,即将导出------
[2018-02-09 17:06:56,841] - loggin.py] - INFO: ------输入登录用户名------
[2018-02-09 17:06:56,990] - loggin.py] - INFO: ------输入登录密码------
[2018-02-09 17:06:58,456] - loggin.py] - INFO: ------新增用户------
[2018-02-09 17:07:02,854] - loggin.py] - INFO: ------绑定的员工工号为07394------
[2018-02-09 17:07:03,205] - loggin.py] - INFO: ------查询用户------
[2018-02-09 17:07:06,690] - loggin.py] - INFO: ------页面有1条信息------
[2018-02-09 17:08:02,354] - loggin.py] - INFO: ------输入登录用户名------
[2018-02-09 17:08:02,502] - loggin.py] - INFO: ------输入登录密码------
[2018-02-09 17:08:03,901] - loggin.py] - INFO: ------新增用户------
[2018-02-09 17:08:07,528] - loggin.py] - INFO: ------绑定的员工工号为07358------
[2018-02-09 17:08:07,938] - loggin.py] - INFO: ------查询用户------
[2018-02-09 17:08:11,364] - loggin.py] - INFO: ------页面有1条信息------
[2018-02-09 17:08:12,002] - loggin.py] - INFO: ------已删除用户账户为：112的数据------
[2018-02-09 17:08:12,662] - loggin.py] - INFO: ------页面有10条信息,即将导出------
[2018-02-09 17:09:57,867] - loggin.py] - INFO: ------输入登录用户名------
[2018-02-09 17:09:58,066] - loggin.py] - INFO: ------输入登录密码------
[2018-02-09 17:09:59,556] - loggin.py] - INFO: ------新增用户------
[2018-02-09 17:10:03,803] - loggin.py] - INFO: ------绑定的员工工号为07354------
[2018-02-09 17:10:04,445] - loggin.py] - INFO: ------查询用户------
[2018-02-09 17:10:07,874] - loggin.py] - INFO: ------页面有1条信息------
[2018-02-09 17:10:08,625] - loggin.py] - INFO: ------已删除用户账户为：112的数据------
[2018-02-09 17:10:19,404] - loggin.py] - INFO: ------页面有10条信息,即将导出------
[2018-02-09 17:10:44,639] - loggin.py] - INFO: ------输入登录用户名------
[2018-02-09 17:10:44,762] - loggin.py] - INFO: ------输入登录密码------
[2018-02-09 17:10:46,363] - loggin.py] - INFO: ------新增用户------
[2018-02-09 17:10:52,254] - loggin.py] - INFO: ------绑定的员工工号为07366------
[2018-02-09 17:10:52,640] - loggin.py] - INFO: ------查询用户------
[2018-02-09 17:10:56,016] - loggin.py] - INFO: ------页面有1条信息------
[2018-02-09 17:10:56,527] - loggin.py] - INFO: ------已删除用户账户为：112的数据------
[2018-02-09 17:10:57,245] - loggin.py] - INFO: ------页面有10条信息,即将导出------
[2018-02-09 17:29:06,607] - loggin.py] - INFO: ------输入登录用户名------
[2018-02-09 17:29:06,780] - loggin.py] - INFO: ------输入登录密码------
[2018-02-09 17:29:08,202] - loggin.py] - INFO: ------新增用户------
[2018-02-09 17:29:11,770] - loggin.py] - INFO: ------绑定的员工工号为07318------
[2018-02-09 17:29:12,139] - loggin.py] - INFO: ------查询用户------
[2018-02-09 17:29:15,582] - loggin.py] - INFO: ------页面有1条信息------
[2018-02-09 17:29:16,078] - loggin.py] - INFO: ------已删除用户账户为：112的数据------
[2018-02-09 17:29:16,885] - loggin.py] - INFO: ------页面有10条信息,即将导出------
[2018-02-09 17:30:35,428] - loggin.py] - INFO: ------输入登录用户名------
[2018-02-09 17:30:35,577] - loggin.py] - INFO: ------输入登录密码------
[2018-02-09 17:30:36,983] - loggin.py] - INFO: ------新增用户------
[2018-02-09 17:30:40,654] - loggin.py] - INFO: ------绑定的员工工号为07368------
[2018-02-09 17:30:41,035] - loggin.py] - INFO: ------查询用户------
[2018-02-09 17:30:44,530] - loggin.py] - INFO: ------页面有1条信息------
[2018-02-09 17:30:45,038] - loggin.py] - INFO: ------已删除用户账户为：112的数据------
[2018-02-09 17:30:45,718] - loggin.py] - INFO: ------页面有10条信息,即将导出------
[2018-02-09 17:39:24,959] - loggin.py] - INFO: ------输入登录用户名------
[2018-02-09 17:39:25,106] - loggin.py] - INFO: ------输入登录密码------
[2018-02-09 17:39:26,537] - loggin.py] - INFO: ------新增用户------
[2018-02-09 17:39:30,655] - loggin.py] - INFO: ------绑定的员工工号为07374------
[2018-02-09 17:39:31,186] - loggin.py] - INFO: ------查询用户------
[2018-02-09 17:39:34,612] - loggin.py] - INFO: ------页面有1条信息------
[2018-02-09 17:40:21,059] - loggin.py] - INFO: ------输入登录用户名------
[2018-02-09 17:40:21,226] - loggin.py] - INFO: ------输入登录密码------
[2018-02-09 17:40:22,720] - loggin.py] - INFO: ------新增用户------
[2018-02-09 17:40:26,555] - loggin.py] - INFO: ------绑定的员工工号为07324------
[2018-02-09 17:40:26,961] - loggin.py] - INFO: ------查询用户------
[2018-02-09 17:40:30,417] - loggin.py] - INFO: ------页面有1条信息------
[2018-02-09 17:40:31,623] - loggin.py] - INFO: ------页面有10条信息,即将导出------
[2018-02-09 17:48:01,339] - loggin.py] - INFO: ------输入登录用户名------
[2018-02-09 17:48:01,527] - loggin.py] - INFO: ------输入登录密码------
[2018-02-09 17:48:21,573] - loggin.py] - INFO: ------输入登录用户名------
[2018-02-09 17:48:21,754] - loggin.py] - INFO: ------输入登录密码------
[2018-02-09 17:48:23,172] - loggin.py] - INFO: ------新增用户------
[2018-02-09 17:48:26,626] - loggin.py] - INFO: ------绑定的员工工号为07337------
[2018-02-09 17:48:26,997] - loggin.py] - INFO: ------查询用户------
[2018-02-09 17:48:30,410] - loggin.py] - INFO: ------页面有1条信息------
[2018-02-09 17:48:30,633] - loggin.py] - INFO: ------删除账户为：112的信息------
[2018-02-09 17:48:31,688] - loggin.py] - INFO: ------有10条信息,即将导出------
[2018-02-09 17:51:03,900] - loggin.py] - INFO: ------输入登录用户名------
[2018-02-09 17:51:04,011] - loggin.py] - INFO: ------输入登录密码------
[2018-02-09 17:51:05,423] - loggin.py] - INFO: ------新增用户------
[2018-02-09 17:51:09,272] - loggin.py] - INFO: ------绑定的员工工号为07195------
[2018-02-09 17:51:09,706] - loggin.py] - INFO: ------查询用户------
[2018-02-09 17:51:13,130] - loggin.py] - INFO: ------页面有1条信息------
[2018-02-09 17:51:13,403] - loggin.py] - INFO: ------删除账户为：112的信息------
[2018-02-09 17:51:14,385] - loggin.py] - INFO: ------有10条信息,即将导出------
[2018-02-09 17:52:07,075] - loggin.py] - INFO: ------输入登录用户名------
[2018-02-09 17:52:07,225] - loggin.py] - INFO: ------输入登录密码------
[2018-02-09 17:52:08,646] - loggin.py] - INFO: ------新增用户------
[2018-02-09 17:52:12,993] - loggin.py] - INFO: ------绑定的员工工号为07279------
[2018-02-09 17:52:13,413] - loggin.py] - INFO: ------查询用户------
[2018-02-09 17:52:16,848] - loggin.py] - INFO: ------页面有1条信息------
[2018-02-09 17:52:17,086] - loggin.py] - INFO: ------删除账户为：112的信息------
[2018-02-09 17:52:18,096] - loggin.py] - INFO: ------有10条信息,即将导出------
[2018-02-09 17:55:17,574] - loggin.py] - INFO: ------输入登录用户名------
[2018-02-09 17:55:17,703] - loggin.py] - INFO: ------输入登录密码------
[2018-02-09 17:55:19,118] - loggin.py] - INFO: ------新增用户------
[2018-02-09 17:55:23,048] - loggin.py] - INFO: ------绑定的员工工号为07383------
[2018-02-09 17:55:23,401] - loggin.py] - INFO: ------查询用户------
[2018-02-09 17:55:26,838] - loggin.py] - INFO: ------页面有1条信息------
[2018-02-09 17:56:21,112] - loggin.py] - INFO: ------输入登录用户名------
[2018-02-09 17:56:21,293] - loggin.py] - INFO: ------输入登录密码------
[2018-02-09 17:56:22,692] - loggin.py] - INFO: ------新增用户------
[2018-02-09 17:56:26,196] - loggin.py] - INFO: ------绑定的员工工号为07319------
[2018-02-09 17:56:26,641] - loggin.py] - INFO: ------查询用户------
[2018-02-09 17:56:52,885] - loggin.py] - INFO: ------输入登录用户名------
[2018-02-09 17:56:53,006] - loggin.py] - INFO: ------输入登录密码------
[2018-02-09 17:56:54,394] - loggin.py] - INFO: ------新增用户------
[2018-02-09 17:56:58,313] - loggin.py] - INFO: ------绑定的员工工号为07401------
[2018-02-09 17:56:58,703] - loggin.py] - INFO: ------查询用户------
[2018-02-09 17:57:02,169] - loggin.py] - INFO: ------页面有1条信息------
[2018-02-09 17:57:02,388] - loggin.py] - INFO: ------删除账户为：222的信息------
[2018-02-09 17:57:03,274] - loggin.py] - INFO: ------有10条信息,即将导出------
[2018-02-09 17:58:56,757] - loggin.py] - INFO: ------输入登录用户名------
[2018-02-09 17:58:56,913] - loggin.py] - INFO: ------输入登录密码------
[2018-02-09 17:58:58,324] - loggin.py] - INFO: ------新增用户------
[2018-02-09 17:59:01,853] - loggin.py] - INFO: ------绑定的员工工号为06839------
[2018-02-09 17:59:02,280] - loggin.py] - INFO: ------查询用户------
[2018-02-09 17:59:05,714] - loggin.py] - INFO: ------页面有1条信息------
[2018-02-09 17:59:05,960] - loggin.py] - INFO: ------删除账户为：222的信息------
[2018-02-09 17:59:06,859] - loggin.py] - INFO: ------有10条信息,即将导出------
[2018-02-09 17:59:50,804] - loggin.py] - INFO: ------输入登录用户名------
[2018-02-09 17:59:50,976] - loggin.py] - INFO: ------输入登录密码------
[2018-02-09 17:59:52,398] - loggin.py] - INFO: ------新增用户------
[2018-02-09 17:59:55,959] - loggin.py] - INFO: ------绑定的员工工号为07355------
[2018-02-09 17:59:56,441] - loggin.py] - INFO: ------查询用户------
[2018-02-09 17:59:59,762] - loggin.py] - INFO: ------页面有1条信息------
[2018-02-09 17:59:59,994] - loggin.py] - INFO: ------删除账户为：222的信息------
[2018-02-09 18:00:00,950] - loggin.py] - INFO: ------有10条信息,即将导出------
[2018-02-09 18:00:43,000] - loggin.py] - INFO: ------输入登录用户名------
[2018-02-09 18:00:43,173] - loggin.py] - INFO: ------输入登录密码------
[2018-02-09 18:00:44,535] - loggin.py] - INFO: ------新增用户------
[2018-02-09 18:00:48,198] - loggin.py] - INFO: ------绑定的员工工号为07266------
[2018-02-09 18:00:48,552] - loggin.py] - INFO: ------查询用户------
[2018-02-09 18:00:51,996] - loggin.py] - INFO: ------页面有1条信息------
[2018-02-09 18:00:52,222] - loggin.py] - INFO: ------删除账户为：222的信息------
[2018-02-09 18:00:53,148] - loggin.py] - INFO: ------有10条信息,即将导出------
[2018-02-09 18:01:53,535] - loggin.py] - INFO: ------输入登录用户名------
[2018-02-09 18:01:53,688] - loggin.py] - INFO: ------输入登录密码------
[2018-02-09 18:01:55,104] - loggin.py] - INFO: ------新增用户------
[2018-02-09 18:01:59,474] - loggin.py] - INFO: ------绑定的员工工号为07187------
[2018-02-09 18:01:59,856] - loggin.py] - INFO: ------查询用户------
[2018-02-09 18:02:03,292] - loggin.py] - INFO: ------页面有1条信息------
[2018-02-09 18:02:03,541] - loggin.py] - INFO: ------删除账户为：222的信息------
[2018-02-09 18:02:04,556] - loggin.py] - INFO: ------有10条信息,即将导出------
[2018-02-09 18:03:49,139] - loggin.py] - INFO: ------输入登录用户名------
[2018-02-09 18:03:49,354] - loggin.py] - INFO: ------输入登录密码------
[2018-02-09 18:03:50,779] - loggin.py] - INFO: ------新增用户------
[2018-02-09 18:03:54,611] - loggin.py] - INFO: ------绑定的员工工号为07091------
[2018-02-09 18:03:54,978] - loggin.py] - INFO: ------查询用户------
[2018-02-09 18:03:58,401] - loggin.py] - INFO: ------页面有1条信息------
[2018-02-09 18:03:58,667] - loggin.py] - INFO: ------删除账户为：222的信息------
[2018-02-09 18:03:59,660] - loggin.py] - INFO: ------有10条信息,即将导出------
[2018-02-09 18:05:17,325] - loggin.py] - INFO: ------输入登录用户名------
[2018-02-09 18:05:17,482] - loggin.py] - INFO: ------输入登录密码------
[2018-02-09 18:05:18,842] - loggin.py] - INFO: ------新增用户------
[2018-02-09 18:05:22,544] - loggin.py] - INFO: ------绑定的员工工号为06865------
[2018-02-09 18:05:23,076] - loggin.py] - INFO: ------查询用户------
[2018-02-09 18:05:26,496] - loggin.py] - INFO: ------页面有1条信息------
[2018-02-09 18:05:26,723] - loggin.py] - INFO: ------删除账户为：222的信息------
[2018-02-09 18:05:27,676] - loggin.py] - INFO: ------有10条信息,即将导出------
[2018-02-09 18:05:27,874] - loggin.py] - INFO: ------excel行数与列表数量一致------
[2018-02-09 18:11:05,369] - loggin.py] - INFO: ------输入登录用户名------
[2018-02-09 18:11:05,521] - loggin.py] - INFO: ------输入登录密码------
[2018-02-09 18:11:06,989] - loggin.py] - INFO: ------新增用户------
[2018-02-09 18:11:10,819] - loggin.py] - INFO: ------绑定的员工工号为07312------
[2018-02-09 18:11:11,210] - loggin.py] - INFO: ------查询用户------
[2018-02-09 18:11:14,609] - loggin.py] - INFO: ------页面有1条信息------
[2018-02-09 18:11:14,822] - loggin.py] - INFO: ------删除账户为：222的信息------
[2018-02-09 18:11:15,787] - loggin.py] - INFO: ------有10条信息,即将导出------
[2018-02-09 18:11:15,976] - loggin.py] - INFO: ------excel行数与列表数量一致------
[2018-02-09 18:11:35,385] - loggin.py] - INFO: ------输入登录用户名------
[2018-02-09 18:11:35,521] - loggin.py] - INFO: ------输入登录密码------
[2018-02-09 18:11:37,026] - loggin.py] - INFO: ------新增用户------
[2018-02-09 18:11:40,572] - loggin.py] - INFO: ------绑定的员工工号为07308------
[2018-02-09 18:11:41,068] - loggin.py] - INFO: ------查询用户------
[2018-02-09 18:11:44,434] - loggin.py] - INFO: ------页面有1条信息------
[2018-02-09 18:11:44,788] - loggin.py] - INFO: ------删除账户为：222的信息------
[2018-02-09 18:11:45,860] - loggin.py] - INFO: ------有10条信息,即将导出------
[2018-02-09 18:11:46,070] - loggin.py] - INFO: ------excel行数与列表数量一致------
[2018-02-09 18:22:10,995] - loggin.py] - INFO: ------输入登录用户名------
[2018-02-09 18:22:11,203] - loggin.py] - INFO: ------输入登录密码------
[2018-02-09 18:22:12,623] - loggin.py] - INFO: ------新增用户------
[2018-02-09 18:22:16,101] - loggin.py] - INFO: ------绑定的员工工号为07357------
[2018-02-09 18:22:16,474] - loggin.py] - INFO: ------查询用户------
[2018-02-09 18:22:19,854] - loggin.py] - INFO: ------页面有1条信息------
[2018-02-09 18:22:20,057] - loggin.py] - INFO: ------删除账户为：222的信息------
[2018-02-09 18:22:21,045] - loggin.py] - INFO: ------有10条信息,即将导出------
[2018-02-09 18:22:21,325] - loggin.py] - INFO: ------excel行数与列表数量一致------
[2018-02-09 18:22:52,182] - loggin.py] - INFO: ------输入登录用户名------
[2018-02-09 18:22:52,364] - loggin.py] - INFO: ------输入登录密码------
[2018-02-09 18:22:53,764] - loggin.py] - INFO: ------新增用户------
[2018-02-09 18:22:57,535] - loggin.py] - INFO: ------绑定的员工工号为07224------
[2018-02-09 18:22:57,963] - loggin.py] - INFO: ------查询用户------
[2018-02-09 18:23:01,410] - loggin.py] - INFO: ------页面有1条信息------
[2018-02-09 18:23:01,636] - loggin.py] - INFO: ------删除账户为：222的信息------
[2018-02-09 18:23:02,573] - loggin.py] - INFO: ------有10条信息,即将导出------
[2018-02-09 18:23:02,756] - loggin.py] - INFO: ------excel行数与列表数量一致------
[2018-02-09 18:23:40,354] - loggin.py] - INFO: ------输入登录用户名------
[2018-02-09 18:23:40,520] - loggin.py] - INFO: ------输入登录密码------
[2018-02-09 18:23:41,916] - loggin.py] - INFO: ------新增用户------
[2018-02-09 18:23:45,438] - loggin.py] - INFO: ------绑定的员工工号为07195------
[2018-02-09 18:23:45,793] - loggin.py] - INFO: ------查询用户------
[2018-02-09 18:23:49,232] - loggin.py] - INFO: ------页面有1条信息------
[2018-02-09 18:23:49,460] - loggin.py] - INFO: ------删除账户为：222的信息------
[2018-02-09 18:23:50,364] - loggin.py] - INFO: ------有10条信息,即将导出------
[2018-02-09 18:23:50,594] - loggin.py] - INFO: ------excel行数与列表数量一致------
[2018-02-09 18:25:48,724] - loggin.py] - INFO: ------输入登录用户名------
[2018-02-09 18:25:48,888] - loggin.py] - INFO: ------输入登录密码------
[2018-02-09 18:25:50,262] - loggin.py] - INFO: ------新增用户------
[2018-02-09 18:25:53,965] - loggin.py] - INFO: ------绑定的员工工号为07329------
[2018-02-09 18:25:54,372] - loggin.py] - INFO: ------查询用户------
[2018-02-09 18:25:57,873] - loggin.py] - INFO: ------页面有1条信息------
[2018-02-09 18:25:58,196] - loggin.py] - INFO: ------删除账户为：222的信息------
[2018-02-09 18:25:59,507] - loggin.py] - INFO: ------有10条信息,即将导出------
[2018-02-09 18:25:59,722] - loggin.py] - INFO: ------excel行数与列表数量一致------
[2018-02-09 18:26:49,161] - loggin.py] - INFO: ------输入登录用户名------
[2018-02-09 18:26:49,295] - loggin.py] - INFO: ------输入登录密码------
[2018-02-09 18:26:50,724] - loggin.py] - INFO: ------新增用户------
[2018-02-09 18:26:54,459] - loggin.py] - INFO: ------绑定的员工工号为07331------
[2018-02-09 18:26:54,822] - loggin.py] - INFO: ------查询用户------
[2018-02-09 18:26:58,268] - loggin.py] - INFO: ------页面有1条信息------
[2018-02-09 18:26:58,581] - loggin.py] - INFO: ------删除账户为：222的信息------
[2018-02-09 18:26:59,508] - loggin.py] - INFO: ------有10条信息,即将导出------
[2018-02-09 18:26:59,776] - loggin.py] - INFO: ------excel行数与列表数量一致------
[2018-02-09 18:27:02,110] - loggin.py] - INFO: ------excel行数与列表数量一致------
