[2018-02-14 09:03:15,193] - loggin.py] - INFO: ------用户信息管理模块测试用例------
[2018-02-14 09:03:21,269] - loggin.py] - INFO: ------进入网站------
[2018-02-14 09:03:21,271] - loggin.py] - INFO: ------输入登录用户名------
[2018-02-14 09:03:21,429] - loggin.py] - INFO: ------输入登录密码------
[2018-02-14 09:03:24,464] - loggin.py] - INFO: ------测试用户新增------
[2018-02-14 09:03:24,465] - loggin.py] - INFO: ------新增用户------
[2018-02-14 09:03:26,349] - loggin.py] - INFO: ------绑定的员工工号为07354------
[2018-02-14 09:03:26,697] - loggin.py] - INFO: -----测试查询用户------
[2018-02-14 09:03:28,698] - loggin.py] - INFO: ------查询用户为：2018-2-13------
[2018-02-14 09:03:30,431] - loggin.py] - INFO: ------删除账户为：2018-2-13的信息------
[2018-02-14 09:03:30,632] - loggin.py] - INFO: ------测试导出所选项，默认勾选第一页全部------
[2018-02-14 09:03:31,527] - loggin.py] - INFO: ------有10条信息,即将导出------
[2018-02-14 09:03:31,585] - loggin.py] - INFO: ------导出所选项excel行数与列表数量一致------
[2018-02-14 09:03:31,587] - loggin.py] - INFO: ------测试导出全部------
[2018-02-14 09:03:35,585] - loggin.py] - INFO: ------导出全部excel行数与列表数量一致------
[2018-02-14 09:03:38,785] - loggin.py] - INFO: ------测试用例结束------
[2018-02-14 09:03:38,786] - loggin.py] - INFO: ------清理下载的附件所有附件------
[2018-02-14 09:03:38,787] - loggin.py] - INFO: ------清理下载的附件d:\\GoogleFile\用户信息导出 (1).xls------
[2018-02-14 09:03:38,793] - loggin.py] - INFO: ------清理下载的附件d:\\GoogleFile\用户信息导出.xls------
[2018-02-14 09:04:03,525] - loggin.py] - INFO: ------角色管理模块测试用例------
[2018-02-14 09:04:09,415] - loggin.py] - INFO: ------进入网站------
[2018-02-14 09:04:09,418] - loggin.py] - INFO: ------输入登录用户名------
[2018-02-14 09:04:09,586] - loggin.py] - INFO: ------输入登录密码------
[2018-02-14 09:04:12,308] - loggin.py] - INFO: ------测试角色新增------
[2018-02-14 09:04:12,325] - loggin.py] - INFO: ------新增角色------
[2018-02-14 09:04:13,144] - loggin.py] - INFO: -----测试查询角色------
[2018-02-14 09:04:14,147] - loggin.py] - INFO: ------查询角色为：Diploma------
[2018-02-14 09:04:14,771] - loggin.py] - INFO: ------删除角色为：Diploma------
[2018-02-14 09:04:27,949] - loggin.py] - INFO: ------角色功能分配模块测试用例------
[2018-02-14 09:04:34,553] - loggin.py] - INFO: ------进入网站------
[2018-02-14 09:04:34,554] - loggin.py] - INFO: ------输入登录用户名------
[2018-02-14 09:04:34,701] - loggin.py] - INFO: ------输入登录密码------
[2018-02-14 09:04:37,071] - loggin.py] - INFO: ------测试角色功能分配------
[2018-02-14 09:04:38,143] - loggin.py] - INFO: ------搜索角色功能为：Diploma------
[2018-02-14 09:04:38,425] - loggin.py] - INFO: ------共搜索出2个角色名称------
[2018-02-14 09:04:39,667] - loggin.py] - WARNING: ------分配系统管理权限失败，已截图请检查------
[2018-02-14 09:04:39,853] - loggin.py] - WARNING: ------分配人事系统功能权限失败，已截图请检查------
[2018-02-14 09:06:21,235] - loggin.py] - INFO: ------输入登录用户名------
[2018-02-14 09:06:21,396] - loggin.py] - INFO: ------输入登录密码------
[2018-02-14 09:26:44,825] - loggin.py] - INFO: ------角色功能分配模块测试用例------
[2018-02-14 09:26:50,612] - loggin.py] - INFO: ------进入网站------
[2018-02-14 09:26:50,614] - loggin.py] - INFO: ------输入登录用户名------
[2018-02-14 09:26:50,758] - loggin.py] - INFO: ------输入登录密码------
[2018-02-14 09:26:53,368] - loggin.py] - INFO: ------测试角色功能分配------
[2018-02-14 09:26:54,397] - loggin.py] - INFO: ------搜索角色功能为：Diploma------
[2018-02-14 09:26:54,680] - loggin.py] - INFO: ------共搜索出2个角色名称------
[2018-02-14 09:26:56,351] - loggin.py] - WARNING: ------分配系统管理权限失败，已截图请检查------
[2018-02-14 09:26:56,593] - loggin.py] - WARNING: ------分配人事系统功能权限失败，已截图请检查------
[2018-02-14 09:31:29,075] - loggin.py] - INFO: ------角色功能分配模块测试用例------
[2018-02-14 09:31:35,211] - loggin.py] - INFO: ------进入网站------
[2018-02-14 09:31:35,212] - loggin.py] - INFO: ------输入登录用户名------
[2018-02-14 09:31:35,407] - loggin.py] - INFO: ------输入登录密码------
[2018-02-14 09:31:37,981] - loggin.py] - INFO: ------测试角色功能分配------
[2018-02-14 09:31:39,048] - loggin.py] - INFO: ------搜索角色功能为：Diploma------
[2018-02-14 09:31:39,336] - loggin.py] - INFO: ------共搜索出2个角色名称------
[2018-02-14 09:32:26,719] - loggin.py] - INFO: ------角色功能分配模块测试用例------
[2018-02-14 09:32:32,811] - loggin.py] - INFO: ------进入网站------
[2018-02-14 09:32:32,813] - loggin.py] - INFO: ------输入登录用户名------
[2018-02-14 09:32:32,939] - loggin.py] - INFO: ------输入登录密码------
[2018-02-14 09:32:35,466] - loggin.py] - INFO: ------测试角色功能分配------
[2018-02-14 09:32:36,546] - loggin.py] - INFO: ------搜索角色功能为：Diploma------
[2018-02-14 09:32:36,808] - loggin.py] - INFO: ------共搜索出2个角色名称------
[2018-02-14 09:32:38,192] - loggin.py] - WARNING: ------分配系统管理权限失败，已截图请检查------
[2018-02-14 09:32:38,554] - loggin.py] - WARNING: ------分配人事系统功能权限失败，已截图请检查------
[2018-02-14 09:38:31,095] - loggin.py] - INFO: ------角色功能分配模块测试用例------
[2018-02-14 09:38:39,571] - loggin.py] - INFO: ------进入网站------
[2018-02-14 09:38:39,573] - loggin.py] - INFO: ------输入登录用户名------
[2018-02-14 09:38:39,707] - loggin.py] - INFO: ------输入登录密码------
[2018-02-14 09:38:42,226] - loggin.py] - INFO: ------测试角色功能分配------
[2018-02-14 09:38:43,286] - loggin.py] - INFO: ------搜索角色功能为：Diploma------
[2018-02-14 09:38:43,582] - loggin.py] - INFO: ------共搜索出2个角色名称------
[2018-02-14 09:38:49,506] - loggin.py] - INFO: ------角色功能分配------
[2018-02-14 09:39:18,872] - loggin.py] - INFO: ------角色功能分配模块测试用例------
[2018-02-14 09:39:25,480] - loggin.py] - INFO: ------进入网站------
[2018-02-14 09:39:25,481] - loggin.py] - INFO: ------输入登录用户名------
[2018-02-14 09:39:25,822] - loggin.py] - INFO: ------输入登录密码------
[2018-02-14 09:39:28,936] - loggin.py] - INFO: ------测试角色功能分配------
[2018-02-14 09:39:30,032] - loggin.py] - INFO: ------搜索角色功能为：Diploma------
[2018-02-14 09:39:30,501] - loggin.py] - INFO: ------共搜索出2个角色名称------
[2018-02-14 09:39:36,529] - loggin.py] - INFO: ------角色功能分配成功------
[2018-02-14 11:19:08,370] - loggin.py] - INFO: ------用户数据权限分配模块测试用例------
[2018-02-14 11:19:13,876] - loggin.py] - INFO: ------进入网站------
[2018-02-14 11:19:13,877] - loggin.py] - INFO: ------输入登录用户名------
[2018-02-14 11:19:13,995] - loggin.py] - INFO: ------输入登录密码------
[2018-02-14 11:19:16,718] - loggin.py] - INFO: ------测试用户数据功能分配-查询------
[2018-02-14 11:19:17,787] - loggin.py] - INFO: ------搜索用户账户为：admin------
[2018-02-14 11:19:34,126] - loggin.py] - INFO: ------用户数据权限分配模块测试用例------
[2018-02-14 11:19:39,228] - loggin.py] - INFO: ------进入网站------
[2018-02-14 11:19:39,230] - loggin.py] - INFO: ------输入登录用户名------
[2018-02-14 11:19:39,343] - loggin.py] - INFO: ------输入登录密码------
[2018-02-14 11:19:42,288] - loggin.py] - INFO: ------测试用户数据功能分配-查询------
[2018-02-14 11:19:43,328] - loggin.py] - INFO: ------搜索用户账户为：admin------
[2018-02-14 11:21:26,188] - loggin.py] - INFO: ------用户数据权限分配模块测试用例------
[2018-02-14 11:21:31,452] - loggin.py] - INFO: ------进入网站------
[2018-02-14 11:21:31,454] - loggin.py] - INFO: ------输入登录用户名------
[2018-02-14 11:21:31,576] - loggin.py] - INFO: ------输入登录密码------
[2018-02-14 11:21:34,221] - loggin.py] - INFO: ------测试用户数据功能分配-查询------
[2018-02-14 11:21:35,249] - loggin.py] - INFO: ------搜索用户账户为：11------
[2018-02-14 11:22:42,541] - loggin.py] - INFO: ------用户数据权限分配模块测试用例------
[2018-02-14 11:22:47,746] - loggin.py] - INFO: ------进入网站------
[2018-02-14 11:22:47,749] - loggin.py] - INFO: ------输入登录用户名------
[2018-02-14 11:22:47,894] - loggin.py] - INFO: ------输入登录密码------
[2018-02-14 11:22:50,448] - loggin.py] - INFO: ------测试用户数据功能分配-查询------
[2018-02-14 11:22:51,474] - loggin.py] - INFO: ------搜索用户账户为：11------
[2018-02-14 11:23:53,896] - loggin.py] - INFO: ------用户数据权限分配模块测试用例------
[2018-02-14 11:24:00,008] - loggin.py] - INFO: ------进入网站------
[2018-02-14 11:24:00,010] - loggin.py] - INFO: ------输入登录用户名------
[2018-02-14 11:24:00,231] - loggin.py] - INFO: ------输入登录密码------
[2018-02-14 11:24:03,189] - loggin.py] - INFO: ------测试用户数据功能分配-查询------
[2018-02-14 11:24:04,217] - loggin.py] - INFO: ------搜索用户账户为：11------
[2018-02-14 11:24:05,101] - loggin.py] - INFO: ------搜索用户账户为：11,，共有1条数据------
[2018-02-14 11:24:52,928] - loggin.py] - INFO: ------用户数据权限分配模块测试用例------
[2018-02-14 11:24:58,227] - loggin.py] - INFO: ------进入网站------
[2018-02-14 11:24:58,228] - loggin.py] - INFO: ------输入登录用户名------
[2018-02-14 11:24:58,388] - loggin.py] - INFO: ------输入登录密码------
[2018-02-14 11:25:01,012] - loggin.py] - INFO: ------测试用户数据功能分配-查询------
[2018-02-14 11:25:02,045] - loggin.py] - INFO: ------搜索用户账户为：11------
[2018-02-14 11:25:02,916] - loggin.py] - INFO: ------搜索用户账户为：11,，共有1条数据------
[2018-02-14 11:25:39,481] - loggin.py] - INFO: ------用户数据权限分配模块测试用例------
[2018-02-14 11:25:45,944] - loggin.py] - INFO: ------进入网站------
[2018-02-14 11:25:45,946] - loggin.py] - INFO: ------输入登录用户名------
[2018-02-14 11:25:46,192] - loggin.py] - INFO: ------输入登录密码------
[2018-02-14 11:25:49,280] - loggin.py] - INFO: ------测试用户数据功能分配-查询------
[2018-02-14 11:25:50,309] - loggin.py] - INFO: ------搜索用户账户为：11------
[2018-02-14 11:25:51,248] - loggin.py] - INFO: ------搜索用户账户为：11,，共有1条数据------
[2018-02-14 11:26:12,368] - loggin.py] - INFO: ------用户数据权限分配模块测试用例------
[2018-02-14 11:26:19,499] - loggin.py] - INFO: ------进入网站------
[2018-02-14 11:26:19,501] - loggin.py] - INFO: ------输入登录用户名------
[2018-02-14 11:26:19,903] - loggin.py] - INFO: ------输入登录密码------
[2018-02-14 11:26:23,411] - loggin.py] - INFO: ------测试用户数据功能分配-查询------
[2018-02-14 11:26:24,461] - loggin.py] - INFO: ------搜索用户账户为：11------
[2018-02-14 11:26:26,123] - loggin.py] - INFO: ------搜索用户账户为：11,，共有1条数据------
[2018-02-14 11:28:02,846] - loggin.py] - INFO: ------用户数据权限分配模块测试用例------
[2018-02-14 11:28:08,706] - loggin.py] - INFO: ------进入网站------
[2018-02-14 11:28:08,709] - loggin.py] - INFO: ------输入登录用户名------
[2018-02-14 11:28:08,859] - loggin.py] - INFO: ------输入登录密码------
[2018-02-14 11:28:11,616] - loggin.py] - INFO: ------测试用户数据功能分配-查询------
[2018-02-14 11:28:12,638] - loggin.py] - INFO: ------搜索用户账户为：11------
[2018-02-14 11:28:13,540] - loggin.py] - INFO: ------搜索用户账户为：11,，共有1条数据------
[2018-02-14 11:29:56,585] - loggin.py] - INFO: ------用户数据权限分配模块测试用例------
[2018-02-14 11:30:02,215] - loggin.py] - INFO: ------进入网站------
[2018-02-14 11:30:02,224] - loggin.py] - INFO: ------输入登录用户名------
[2018-02-14 11:30:02,347] - loggin.py] - INFO: ------输入登录密码------
[2018-02-14 11:30:05,057] - loggin.py] - INFO: ------测试用户数据功能分配-查询------
[2018-02-14 11:30:06,082] - loggin.py] - INFO: ------搜索用户账户为：11------
[2018-02-14 11:30:07,183] - loggin.py] - INFO: ------搜索用户账户为：11,，共有5条数据------
[2018-02-14 11:32:36,165] - loggin.py] - INFO: ------用户数据权限分配模块测试用例------
[2018-02-14 11:32:41,881] - loggin.py] - INFO: ------进入网站------
[2018-02-14 11:32:41,884] - loggin.py] - INFO: ------输入登录用户名------
[2018-02-14 11:32:42,091] - loggin.py] - INFO: ------输入登录密码------
[2018-02-14 11:32:44,853] - loggin.py] - INFO: ------测试用户数据功能分配-查询------
[2018-02-14 11:32:45,896] - loggin.py] - INFO: ------搜索用户账户为：11------
[2018-02-14 11:32:46,833] - loggin.py] - INFO: ------搜索用户账户为：11,，共有5条数据------
[2018-02-14 11:33:06,576] - loggin.py] - INFO: ------用户数据权限分配模块测试用例------
[2018-02-14 11:33:12,059] - loggin.py] - INFO: ------进入网站------
[2018-02-14 11:33:12,061] - loggin.py] - INFO: ------输入登录用户名------
[2018-02-14 11:33:12,292] - loggin.py] - INFO: ------输入登录密码------
[2018-02-14 11:33:15,126] - loggin.py] - INFO: ------测试用户数据功能分配-查询------
[2018-02-14 11:33:16,162] - loggin.py] - INFO: ------搜索用户账户为：11------
[2018-02-14 11:33:17,069] - loggin.py] - INFO: ------搜索用户账户为：11,，共有5条数据------
[2018-02-14 11:36:22,525] - loggin.py] - INFO: ------用户数据权限分配模块测试用例------
[2018-02-14 11:36:27,946] - loggin.py] - INFO: ------进入网站------
[2018-02-14 11:36:27,948] - loggin.py] - INFO: ------输入登录用户名------
[2018-02-14 11:36:28,096] - loggin.py] - INFO: ------输入登录密码------
[2018-02-14 11:36:30,790] - loggin.py] - INFO: ------测试用户数据功能分配-查询------
[2018-02-14 11:36:31,847] - loggin.py] - INFO: ------搜索用户账户为：11------
[2018-02-14 11:36:32,801] - loggin.py] - INFO: ------搜索用户账户为：11,，共有5条数据------
[2018-02-14 11:39:32,281] - loggin.py] - INFO: ------用户数据权限分配模块测试用例------
[2018-02-14 11:39:37,458] - loggin.py] - INFO: ------进入网站------
[2018-02-14 11:39:37,460] - loggin.py] - INFO: ------输入登录用户名------
[2018-02-14 11:39:37,631] - loggin.py] - INFO: ------输入登录密码------
[2018-02-14 11:39:40,311] - loggin.py] - INFO: ------测试用户数据功能分配-查询------
[2018-02-14 11:39:41,341] - loggin.py] - INFO: ------搜索用户账户为：11------
[2018-02-14 11:39:42,225] - loggin.py] - INFO: ------搜索用户账户为：11,，共有5条数据------
[2018-02-14 11:56:29,141] - loggin.py] - INFO: ------用户数据权限分配模块测试用例------
[2018-02-14 11:56:34,352] - loggin.py] - INFO: ------进入网站------
[2018-02-14 11:56:34,353] - loggin.py] - INFO: ------输入登录用户名------
[2018-02-14 11:56:34,503] - loggin.py] - INFO: ------输入登录密码------
[2018-02-14 11:56:37,150] - loggin.py] - INFO: ------测试用户数据功能分配-查询------
[2018-02-14 11:56:38,184] - loggin.py] - INFO: ------搜索用户账户为：11------
[2018-02-14 11:56:39,059] - loggin.py] - INFO: ------搜索用户账户为：11,，共有5条数据------
[2018-02-14 11:56:39,398] - loggin.py] - INFO: ------测试用户数据功能分配-分配------
[2018-02-14 15:03:56,577] - loggin.py] - INFO: ------用户数据权限分配模块测试用例------
[2018-02-14 15:04:08,455] - loggin.py] - INFO: ------进入网站------
[2018-02-14 15:04:08,456] - loggin.py] - INFO: ------输入登录用户名------
[2018-02-14 15:04:08,575] - loggin.py] - INFO: ------输入登录密码------
[2018-02-14 15:04:11,660] - loggin.py] - INFO: ------测试用户数据功能分配-查询------
[2018-02-14 15:04:12,675] - loggin.py] - INFO: ------搜索用户账户为：11------
[2018-02-14 15:04:13,546] - loggin.py] - INFO: ------搜索用户账户为：11,，共有5条数据------
[2018-02-14 15:04:13,919] - loggin.py] - INFO: ------测试用户数据功能分配-分配------
[2018-02-14 15:05:03,823] - loggin.py] - INFO: ------用户数据权限分配模块测试用例------
[2018-02-14 15:05:09,343] - loggin.py] - INFO: ------用户数据权限分配模块测试用例------
[2018-02-14 15:05:14,611] - loggin.py] - INFO: ------进入网站------
[2018-02-14 15:05:14,613] - loggin.py] - INFO: ------输入登录用户名------
[2018-02-14 15:05:14,794] - loggin.py] - INFO: ------输入登录密码------
[2018-02-14 15:05:17,543] - loggin.py] - INFO: ------测试用户数据功能分配-分配------
[2018-02-14 15:05:49,451] - loggin.py] - INFO: ------用户数据权限分配模块测试用例------
[2018-02-14 15:05:55,088] - loggin.py] - INFO: ------进入网站------
[2018-02-14 15:05:55,092] - loggin.py] - INFO: ------输入登录用户名------
[2018-02-14 15:05:55,217] - loggin.py] - INFO: ------输入登录密码------
[2018-02-14 15:05:58,052] - loggin.py] - INFO: ------测试用户数据功能分配-查询------
[2018-02-14 15:05:59,076] - loggin.py] - INFO: ------搜索用户账户为：11------
[2018-02-14 15:05:59,940] - loggin.py] - INFO: ------搜索用户账户为：11,，共有5条数据------
[2018-02-14 15:06:11,672] - loggin.py] - INFO: ------测试用户数据功能分配-分配------
[2018-02-14 15:09:03,986] - loggin.py] - INFO: ------用户数据权限分配模块测试用例------
[2018-02-14 15:09:08,683] - loggin.py] - INFO: ------用户数据权限分配模块测试用例------
[2018-02-14 15:09:15,273] - loggin.py] - INFO: ------进入网站------
[2018-02-14 15:09:15,275] - loggin.py] - INFO: ------输入登录用户名------
[2018-02-14 15:09:15,458] - loggin.py] - INFO: ------输入登录密码------
[2018-02-14 15:09:18,123] - loggin.py] - INFO: ------测试用户数据功能分配-查询------
[2018-02-14 15:09:19,146] - loggin.py] - INFO: ------搜索用户账户为：11------
[2018-02-14 15:09:20,053] - loggin.py] - INFO: ------搜索用户账户为：11,，共有5条数据------
[2018-02-14 15:09:20,405] - loggin.py] - INFO: ------测试用户数据功能分配-分配------
[2018-02-14 15:10:44,355] - loggin.py] - INFO: ------用户数据权限分配模块测试用例------
[2018-02-14 15:10:49,515] - loggin.py] - INFO: ------进入网站------
[2018-02-14 15:10:49,516] - loggin.py] - INFO: ------输入登录用户名------
[2018-02-14 15:10:49,641] - loggin.py] - INFO: ------输入登录密码------
[2018-02-14 15:10:52,227] - loggin.py] - INFO: ------测试用户数据功能分配-查询------
[2018-02-14 15:10:53,248] - loggin.py] - INFO: ------搜索用户账户为：11------
[2018-02-14 15:10:54,127] - loggin.py] - INFO: ------搜索用户账户为：11,，共有5条数据------
[2018-02-14 15:10:54,467] - loggin.py] - INFO: ------测试用户数据功能分配-分配------
[2018-02-14 15:12:45,823] - loggin.py] - INFO: ------用户数据权限分配模块测试用例------
[2018-02-14 15:12:52,068] - loggin.py] - INFO: ------进入网站------
[2018-02-14 15:12:52,072] - loggin.py] - INFO: ------输入登录用户名------
[2018-02-14 15:12:52,500] - loggin.py] - INFO: ------输入登录密码------
[2018-02-14 15:12:56,087] - loggin.py] - INFO: ------测试用户数据功能分配-查询------
[2018-02-14 15:12:57,103] - loggin.py] - INFO: ------搜索用户账户为：11------
[2018-02-14 15:12:57,972] - loggin.py] - INFO: ------搜索用户账户为：11,，共有5条数据------
[2018-02-14 15:12:58,511] - loggin.py] - INFO: ------测试用户数据功能分配-分配------
[2018-02-14 15:16:23,536] - loggin.py] - INFO: ------用户数据权限分配模块测试用例------
[2018-02-14 15:16:28,820] - loggin.py] - INFO: ------进入网站------
[2018-02-14 15:16:28,821] - loggin.py] - INFO: ------输入登录用户名------
[2018-02-14 15:16:28,952] - loggin.py] - INFO: ------输入登录密码------
[2018-02-14 15:16:31,596] - loggin.py] - INFO: ------测试用户数据功能分配-查询------
[2018-02-14 15:16:32,635] - loggin.py] - INFO: ------搜索用户账户为：11------
[2018-02-14 15:16:33,464] - loggin.py] - INFO: ------搜索用户账户为：11,，共有5条数据------
[2018-02-14 15:16:33,829] - loggin.py] - INFO: ------测试用户数据功能分配-分配------
[2018-02-14 15:19:01,136] - loggin.py] - INFO: ------用户数据权限分配模块测试用例------
[2018-02-14 15:19:06,727] - loggin.py] - INFO: ------进入网站------
[2018-02-14 15:19:06,728] - loggin.py] - INFO: ------输入登录用户名------
[2018-02-14 15:19:06,932] - loggin.py] - INFO: ------输入登录密码------
[2018-02-14 15:19:09,743] - loggin.py] - INFO: ------测试用户数据功能分配-查询------
[2018-02-14 15:19:10,744] - loggin.py] - INFO: ------搜索用户账户为：11------
[2018-02-14 15:19:11,649] - loggin.py] - INFO: ------搜索用户账户为：11,，共有5条数据------
[2018-02-14 15:19:12,015] - loggin.py] - INFO: ------测试用户数据功能分配-分配------
[2018-02-14 15:19:57,956] - loggin.py] - INFO: ------用户数据权限分配模块测试用例------
[2018-02-14 15:20:03,494] - loggin.py] - INFO: ------进入网站------
[2018-02-14 15:20:03,500] - loggin.py] - INFO: ------输入登录用户名------
[2018-02-14 15:20:03,633] - loggin.py] - INFO: ------输入登录密码------
[2018-02-14 15:20:06,548] - loggin.py] - INFO: ------测试用户数据功能分配-查询------
[2018-02-14 15:20:07,549] - loggin.py] - INFO: ------搜索用户账户为：11------
[2018-02-14 15:20:08,410] - loggin.py] - INFO: ------搜索用户账户为：11,，共有5条数据------
[2018-02-14 15:20:08,753] - loggin.py] - INFO: ------测试用户数据功能分配-分配------
[2018-02-14 15:21:41,327] - loggin.py] - INFO: ------用户数据权限分配模块测试用例------
[2018-02-14 15:21:47,173] - loggin.py] - INFO: ------进入网站------
[2018-02-14 15:21:47,176] - loggin.py] - INFO: ------输入登录用户名------
[2018-02-14 15:21:47,323] - loggin.py] - INFO: ------输入登录密码------
[2018-02-14 15:21:50,447] - loggin.py] - INFO: ------测试用户数据功能分配-查询------
[2018-02-14 15:21:51,448] - loggin.py] - INFO: ------搜索用户账户为：11------
[2018-02-14 15:21:52,770] - loggin.py] - INFO: ------搜索用户账户为：11，共有5条数据------
[2018-02-14 15:21:53,588] - loggin.py] - INFO: ------测试用户数据功能分配-分配------
[2018-02-14 15:22:19,963] - loggin.py] - INFO: ------用户数据权限分配模块测试用例------
[2018-02-14 15:22:25,226] - loggin.py] - INFO: ------进入网站------
[2018-02-14 15:22:25,227] - loggin.py] - INFO: ------输入登录用户名------
[2018-02-14 15:22:25,412] - loggin.py] - INFO: ------输入登录密码------
[2018-02-14 15:22:28,280] - loggin.py] - INFO: ------测试用户数据功能分配-查询------
[2018-02-14 15:22:29,281] - loggin.py] - INFO: ------搜索用户账户为：11------
[2018-02-14 15:22:30,140] - loggin.py] - INFO: ------搜索用户账户为：11，共有5条数据------
[2018-02-14 15:22:30,526] - loggin.py] - INFO: ------测试用户数据功能分配-分配------
[2018-02-14 15:26:21,840] - loggin.py] - INFO: ------用户数据权限分配模块测试用例------
[2018-02-14 15:26:27,849] - loggin.py] - INFO: ------进入网站------
[2018-02-14 15:26:27,850] - loggin.py] - INFO: ------输入登录用户名------
[2018-02-14 15:26:27,969] - loggin.py] - INFO: ------输入登录密码------
[2018-02-14 15:26:30,894] - loggin.py] - INFO: ------测试用户数据功能分配-查询------
[2018-02-14 15:26:31,895] - loggin.py] - INFO: ------搜索用户账户为：11------
[2018-02-14 15:26:32,737] - loggin.py] - INFO: ------搜索用户账户为：11，共有5条数据------
[2018-02-14 15:26:33,104] - loggin.py] - INFO: ------测试用户数据功能分配-分配------
[2018-02-14 15:28:23,906] - loggin.py] - INFO: ------用户数据权限分配模块测试用例------
[2018-02-14 15:28:30,527] - loggin.py] - INFO: ------进入网站------
[2018-02-14 15:28:30,528] - loggin.py] - INFO: ------输入登录用户名------
[2018-02-14 15:28:30,706] - loggin.py] - INFO: ------输入登录密码------
[2018-02-14 15:28:33,430] - loggin.py] - INFO: ------测试用户数据功能分配-查询------
[2018-02-14 15:28:34,431] - loggin.py] - INFO: ------搜索用户账户为：11------
[2018-02-14 15:28:35,316] - loggin.py] - INFO: ------搜索用户账户为：11，共有5条数据------
[2018-02-14 15:28:35,705] - loggin.py] - INFO: ------测试用户数据功能分配-分配------
[2018-02-14 15:28:52,688] - loggin.py] - INFO: ------用户数据权限分配模块测试用例------
[2018-02-14 15:28:58,990] - loggin.py] - INFO: ------进入网站------
[2018-02-14 15:28:58,991] - loggin.py] - INFO: ------输入登录用户名------
[2018-02-14 15:28:59,161] - loggin.py] - INFO: ------输入登录密码------
[2018-02-14 15:29:01,790] - loggin.py] - INFO: ------测试用户数据功能分配-查询------
[2018-02-14 15:29:02,792] - loggin.py] - INFO: ------搜索用户账户为：11------
[2018-02-14 15:29:03,714] - loggin.py] - INFO: ------搜索用户账户为：11，共有5条数据------
[2018-02-14 15:29:04,043] - loggin.py] - INFO: ------测试用户数据功能分配-分配------
[2018-02-14 15:30:23,651] - loggin.py] - INFO: ------用户数据权限分配模块测试用例------
[2018-02-14 15:30:29,609] - loggin.py] - INFO: ------进入网站------
[2018-02-14 15:30:29,611] - loggin.py] - INFO: ------输入登录用户名------
[2018-02-14 15:30:29,731] - loggin.py] - INFO: ------输入登录密码------
[2018-02-14 15:30:32,589] - loggin.py] - INFO: ------测试用户数据功能分配-查询------
[2018-02-14 15:30:33,593] - loggin.py] - INFO: ------搜索用户账户为：11------
[2018-02-14 15:30:34,476] - loggin.py] - INFO: ------搜索用户账户为：11，共有5条数据------
[2018-02-14 15:30:34,970] - loggin.py] - INFO: ------测试用户数据功能分配-分配------
[2018-02-14 15:31:17,879] - loggin.py] - INFO: ------用户数据权限分配模块测试用例------
[2018-02-14 15:31:24,359] - loggin.py] - INFO: ------进入网站------
[2018-02-14 15:31:24,361] - loggin.py] - INFO: ------输入登录用户名------
[2018-02-14 15:31:24,523] - loggin.py] - INFO: ------输入登录密码------
[2018-02-14 15:31:27,598] - loggin.py] - INFO: ------测试用户数据功能分配-查询------
[2018-02-14 15:31:28,599] - loggin.py] - INFO: ------搜索用户账户为：11------
[2018-02-14 15:31:29,495] - loggin.py] - INFO: ------搜索用户账户为：11，共有5条数据------
[2018-02-14 15:31:29,898] - loggin.py] - INFO: ------测试用户数据功能分配-分配------
[2018-02-14 15:32:12,211] - loggin.py] - INFO: ------用户数据权限分配模块测试用例------
[2018-02-14 15:32:17,642] - loggin.py] - INFO: ------进入网站------
[2018-02-14 15:32:17,643] - loggin.py] - INFO: ------输入登录用户名------
[2018-02-14 15:32:17,761] - loggin.py] - INFO: ------输入登录密码------
[2018-02-14 15:32:20,356] - loggin.py] - INFO: ------测试用户数据功能分配-查询------
[2018-02-14 15:32:21,357] - loggin.py] - INFO: ------搜索用户账户为：11------
[2018-02-14 15:32:22,280] - loggin.py] - INFO: ------搜索用户账户为：11，共有5条数据------
[2018-02-14 15:32:22,698] - loggin.py] - INFO: ------测试用户数据功能分配-分配------
[2018-02-14 15:33:53,227] - loggin.py] - INFO: ------用户数据权限分配模块测试用例------
[2018-02-14 15:33:58,648] - loggin.py] - INFO: ------进入网站------
[2018-02-14 15:33:58,659] - loggin.py] - INFO: ------输入登录用户名------
[2018-02-14 15:33:58,786] - loggin.py] - INFO: ------输入登录密码------
[2018-02-14 15:34:01,415] - loggin.py] - INFO: ------测试用户数据功能分配-查询------
[2018-02-14 15:34:02,415] - loggin.py] - INFO: ------搜索用户账户为：11------
[2018-02-14 15:34:03,263] - loggin.py] - INFO: ------搜索用户账户为：11，共有5条数据------
[2018-02-14 15:34:03,646] - loggin.py] - INFO: ------测试用户数据功能分配-分配------
[2018-02-14 15:53:38,314] - loggin.py] - INFO: ------用户数据权限分配模块测试用例------
[2018-02-14 15:53:44,903] - loggin.py] - INFO: ------进入网站------
[2018-02-14 15:53:44,905] - loggin.py] - INFO: ------输入登录用户名------
[2018-02-14 15:53:45,087] - loggin.py] - INFO: ------输入登录密码------
[2018-02-14 15:53:47,788] - loggin.py] - INFO: ------测试用户数据功能分配-查询------
[2018-02-14 15:53:48,789] - loggin.py] - INFO: ------搜索用户账户为：11------
[2018-02-14 15:53:49,645] - loggin.py] - INFO: ------搜索用户账户为：11，共有5条数据------
[2018-02-14 15:53:49,990] - loggin.py] - INFO: ------测试用户数据功能分配-分配------
[2018-02-14 15:53:58,447] - loggin.py] - INFO: ------用户数据权限分配模块测试用例------
[2018-02-14 15:54:04,536] - loggin.py] - INFO: ------进入网站------
[2018-02-14 15:54:04,538] - loggin.py] - INFO: ------输入登录用户名------
[2018-02-14 15:54:04,724] - loggin.py] - INFO: ------输入登录密码------
[2018-02-14 15:54:07,499] - loggin.py] - INFO: ------测试用户数据功能分配-查询------
[2018-02-14 15:54:08,501] - loggin.py] - INFO: ------搜索用户账户为：11------
[2018-02-14 15:54:09,345] - loggin.py] - INFO: ------搜索用户账户为：11，共有5条数据------
[2018-02-14 15:54:09,742] - loggin.py] - INFO: ------测试用户数据功能分配-分配------
