[2018-02-13 09:40:24,181] - loggin.py] - INFO: ------用户信息管理模块测试用例------
[2018-02-13 09:40:31,782] - loggin.py] - INFO: ------进入网站------
[2018-02-13 09:40:31,786] - loggin.py] - INFO: ------输入登录用户名------
[2018-02-13 09:40:31,982] - loggin.py] - INFO: ------输入登录密码------
[2018-02-13 09:40:35,029] - loggin.py] - INFO: -----测试查询用户------
[2018-02-13 09:40:37,031] - loggin.py] - INFO: ------查询用户为：111------
[2018-02-13 09:42:58,193] - loggin.py] - INFO: ------用户信息管理模块测试用例------
[2018-02-13 09:43:04,402] - loggin.py] - INFO: ------进入网站------
[2018-02-13 09:43:04,405] - loggin.py] - INFO: ------输入登录用户名------
[2018-02-13 09:43:04,588] - loggin.py] - INFO: ------输入登录密码------
[2018-02-13 09:43:07,527] - loggin.py] - INFO: -----测试查询用户------
[2018-02-13 09:43:09,528] - loggin.py] - INFO: ------查询用户为：1111111111------
[2018-02-13 09:44:45,783] - loggin.py] - INFO: ------查询得出页面有1条信息------
[2018-02-13 09:50:17,973] - loggin.py] - INFO: ------用户信息管理模块测试用例------
[2018-02-13 09:50:23,513] - loggin.py] - INFO: ------进入网站------
[2018-02-13 09:50:23,516] - loggin.py] - INFO: ------输入登录用户名------
[2018-02-13 09:50:23,676] - loggin.py] - INFO: ------输入登录密码------
[2018-02-13 09:50:26,607] - loggin.py] - INFO: -----测试查询用户------
[2018-02-13 09:50:28,609] - loggin.py] - INFO: ------查询用户为：1111111111------
[2018-02-13 10:04:45,931] - loggin.py] - INFO: ------用户信息管理模块测试用例------
[2018-02-13 10:04:51,219] - loggin.py] - INFO: ------进入网站------
[2018-02-13 10:04:51,221] - loggin.py] - INFO: ------输入登录用户名------
[2018-02-13 10:04:51,384] - loggin.py] - INFO: ------输入登录密码------
[2018-02-13 10:04:54,261] - loggin.py] - INFO: -----测试查询用户------
[2018-02-13 10:04:56,262] - loggin.py] - INFO: ------查询用户为：1111111111------
[2018-02-13 10:05:00,947] - loggin.py] - INFO: ------测试用例结束------
[2018-02-13 10:05:00,948] - loggin.py] - INFO: ------清理下载的附件所有附件------
[2018-02-13 10:08:07,382] - loggin.py] - INFO: ------用户信息管理模块测试用例------
[2018-02-13 10:08:12,702] - loggin.py] - INFO: ------进入网站------
[2018-02-13 10:08:12,706] - loggin.py] - INFO: ------输入登录用户名------
[2018-02-13 10:08:12,857] - loggin.py] - INFO: ------输入登录密码------
[2018-02-13 10:08:15,884] - loggin.py] - INFO: -----测试查询用户------
[2018-02-13 10:08:17,886] - loggin.py] - INFO: ------查询用户为：21------
[2018-02-13 10:09:05,053] - loggin.py] - INFO: ------测试用例结束------
[2018-02-13 10:09:05,055] - loggin.py] - INFO: ------清理下载的附件所有附件------
[2018-02-13 10:09:27,638] - loggin.py] - INFO: ------用户信息管理模块测试用例------
[2018-02-13 10:09:32,898] - loggin.py] - INFO: ------进入网站------
[2018-02-13 10:09:32,900] - loggin.py] - INFO: ------输入登录用户名------
[2018-02-13 10:09:33,022] - loggin.py] - INFO: ------输入登录密码------
[2018-02-13 10:09:36,395] - loggin.py] - INFO: -----测试查询用户------
[2018-02-13 10:09:38,396] - loggin.py] - INFO: ------查询用户为：21------
[2018-02-13 13:39:27,448] - loggin.py] - INFO: ------用户信息管理模块测试用例------
[2018-02-13 13:39:34,786] - loggin.py] - INFO: ------进入网站------
[2018-02-13 13:39:34,789] - loggin.py] - INFO: ------输入登录用户名------
[2018-02-13 13:39:35,034] - loggin.py] - INFO: ------输入登录密码------
[2018-02-13 13:39:38,719] - loggin.py] - INFO: -----测试查询用户------
[2018-02-13 13:39:40,720] - loggin.py] - INFO: ------查询用户为：21------
[2018-02-13 13:41:07,505] - loggin.py] - WARNING: ------无法定位到删除按钮，请检查截图------
[2018-02-13 13:45:27,317] - loggin.py] - INFO: ------测试用例结束------
[2018-02-13 13:45:30,088] - loggin.py] - INFO: ------清理下载的附件所有附件------
[2018-02-13 14:24:26,654] - loggin.py] - INFO: ------输入登录用户名------
[2018-02-13 14:24:26,879] - loggin.py] - INFO: ------输入登录密码------
[2018-02-13 14:25:46,007] - loggin.py] - INFO: ------输入登录用户名------
[2018-02-13 14:25:46,157] - loggin.py] - INFO: ------输入登录密码------
[2018-02-13 14:26:16,988] - loggin.py] - INFO: ------输入登录用户名------
[2018-02-13 14:26:17,153] - loggin.py] - INFO: ------输入登录密码------
[2018-02-13 14:26:19,476] - loggin.py] - INFO: ------新增角色------
[2018-02-13 14:26:21,323] - loggin.py] - INFO: ------查询角色为：学士证------
[2018-02-13 14:29:41,924] - loggin.py] - INFO: ------用户信息管理模块测试用例------
[2018-02-13 14:29:47,621] - loggin.py] - INFO: ------进入网站------
[2018-02-13 14:29:47,626] - loggin.py] - INFO: ------输入登录用户名------
[2018-02-13 14:29:47,801] - loggin.py] - INFO: ------输入登录密码------
[2018-02-13 14:29:50,697] - loggin.py] - INFO: ------测试用户新增------
[2018-02-13 14:29:57,223] - loggin.py] - INFO: ------角色管理模块测试用例------
[2018-02-13 14:29:58,267] - loggin.py] - INFO: ------测试用例结束------
[2018-02-13 14:29:58,268] - loggin.py] - INFO: ------清理下载的附件所有附件------
[2018-02-13 14:30:04,036] - loggin.py] - INFO: ------进入网站------
[2018-02-13 14:30:04,037] - loggin.py] - INFO: ------输入登录用户名------
[2018-02-13 14:30:04,342] - loggin.py] - INFO: ------输入登录密码------
[2018-02-13 14:30:07,462] - loggin.py] - INFO: ------测试用户新增------
[2018-02-13 14:30:11,991] - loggin.py] - INFO: -----测试查询用户------
[2018-02-13 14:30:13,993] - loggin.py] - INFO: ------查询用户为：21------
[2018-02-13 14:30:18,016] - loggin.py] - INFO: ------测试导出所选项，默认勾选第一页全部------
[2018-02-13 14:30:18,944] - loggin.py] - INFO: ------输入登录用户名------
[2018-02-13 14:30:19,097] - loggin.py] - INFO: ------输入登录密码------
[2018-02-13 14:30:21,396] - loggin.py] - INFO: ------新增角色------
[2018-02-13 14:30:22,073] - loggin.py] - INFO: ------测试导出全部------
[2018-02-13 14:30:29,109] - loggin.py] - INFO: ------测试用例结束------
[2018-02-13 14:30:29,109] - loggin.py] - INFO: ------清理下载的附件所有附件------
[2018-02-13 14:30:50,600] - loggin.py] - INFO: ------角色管理模块测试用例------
[2018-02-13 14:30:55,954] - loggin.py] - INFO: ------进入网站------
[2018-02-13 14:30:55,955] - loggin.py] - INFO: ------输入登录用户名------
[2018-02-13 14:30:56,174] - loggin.py] - INFO: ------输入登录密码------
[2018-02-13 14:32:44,330] - loggin.py] - INFO: ------角色管理模块测试用例------
[2018-02-13 14:32:50,657] - loggin.py] - INFO: ------进入网站------
[2018-02-13 14:32:50,659] - loggin.py] - INFO: ------输入登录用户名------
[2018-02-13 14:32:50,819] - loggin.py] - INFO: ------输入登录密码------
[2018-02-13 14:32:54,025] - loggin.py] - INFO: ------测试用户新增------
[2018-02-13 14:59:44,881] - loggin.py] - INFO: ------用户信息管理模块测试用例------
[2018-02-13 14:59:50,870] - loggin.py] - INFO: ------进入网站------
[2018-02-13 14:59:50,871] - loggin.py] - INFO: ------输入登录用户名------
[2018-02-13 14:59:51,039] - loggin.py] - INFO: ------输入登录密码------
[2018-02-13 14:59:53,946] - loggin.py] - INFO: -----测试查询用户------
[2018-02-13 14:59:55,948] - loggin.py] - INFO: ------查询用户为：21------
[2018-02-13 14:59:59,714] - loggin.py] - INFO: ------用户信息管理模块测试用例------
[2018-02-13 15:00:04,214] - loggin.py] - INFO: ------用户信息管理模块测试用例------
[2018-02-13 15:00:09,726] - loggin.py] - INFO: ------进入网站------
[2018-02-13 15:00:09,728] - loggin.py] - INFO: ------输入登录用户名------
[2018-02-13 15:00:09,923] - loggin.py] - INFO: ------输入登录密码------
[2018-02-13 15:02:10,702] - loggin.py] - INFO: ------角色管理模块测试用例------
[2018-02-13 15:02:16,165] - loggin.py] - INFO: ------进入网站------
[2018-02-13 15:02:16,166] - loggin.py] - INFO: ------输入登录用户名------
[2018-02-13 15:02:16,320] - loggin.py] - INFO: ------输入登录密码------
[2018-02-13 15:28:23,261] - loggin.py] - INFO: ------角色管理模块测试用例------
[2018-02-13 15:28:43,677] - loggin.py] - INFO: ------角色管理模块测试用例------
[2018-02-13 15:28:48,943] - loggin.py] - INFO: ------进入网站------
[2018-02-13 15:28:48,944] - loggin.py] - INFO: ------输入登录用户名------
[2018-02-13 15:28:49,229] - loggin.py] - INFO: ------输入登录密码------
[2018-02-13 15:29:22,675] - loggin.py] - INFO: ------角色管理模块测试用例------
[2018-02-13 15:29:28,631] - loggin.py] - INFO: ------进入网站------
[2018-02-13 15:29:28,632] - loggin.py] - INFO: ------输入登录用户名------
[2018-02-13 15:29:28,785] - loggin.py] - INFO: ------输入登录密码------
[2018-02-13 15:29:31,534] - loggin.py] - INFO: ------测试角色新增------
[2018-02-13 15:29:34,663] - loggin.py] - INFO: ------测试用例结束------
[2018-02-13 15:29:34,663] - loggin.py] - INFO: ------清理下载的附件所有附件------
[2018-02-13 15:29:56,670] - loggin.py] - INFO: ------角色管理模块测试用例------
[2018-02-13 15:30:01,668] - loggin.py] - INFO: ------进入网站------
[2018-02-13 15:30:01,669] - loggin.py] - INFO: ------输入登录用户名------
[2018-02-13 15:30:01,796] - loggin.py] - INFO: ------输入登录密码------
[2018-02-13 15:30:04,613] - loggin.py] - INFO: ------测试角色新增------
[2018-02-13 15:30:04,649] - loggin.py] - INFO: ------新增角色------
[2018-02-13 15:30:08,585] - loggin.py] - INFO: ------测试用例结束------
[2018-02-13 15:30:08,587] - loggin.py] - INFO: ------清理下载的附件所有附件------
[2018-02-13 15:54:32,544] - loggin.py] - INFO: ------角色管理模块测试用例------
[2018-02-13 15:54:38,654] - loggin.py] - INFO: ------进入网站------
[2018-02-13 15:54:38,655] - loggin.py] - INFO: ------输入登录用户名------
[2018-02-13 15:54:38,782] - loggin.py] - INFO: ------输入登录密码------
[2018-02-13 15:54:41,558] - loggin.py] - INFO: ------测试角色新增------
[2018-02-13 15:54:41,590] - loggin.py] - INFO: ------新增角色------
[2018-02-13 15:54:42,388] - loggin.py] - INFO: -----测试查询角色------
[2018-02-13 15:54:43,389] - loggin.py] - INFO: ------查询角色为：Diploma------
[2018-02-13 15:55:16,987] - loggin.py] - INFO: ------角色管理模块测试用例------
[2018-02-13 15:55:22,550] - loggin.py] - INFO: ------进入网站------
[2018-02-13 15:55:22,552] - loggin.py] - INFO: ------输入登录用户名------
[2018-02-13 15:55:22,729] - loggin.py] - INFO: ------输入登录密码------
[2018-02-13 15:55:25,503] - loggin.py] - INFO: ------测试角色新增------
[2018-02-13 15:55:25,533] - loggin.py] - INFO: ------新增角色------
[2018-02-13 15:55:26,349] - loggin.py] - INFO: -----测试查询角色------
[2018-02-13 15:55:27,352] - loggin.py] - INFO: ------查询角色为：Diploma------
[2018-02-13 15:55:38,207] - loggin.py] - WARNING: ------删除异常，请检查截图------
[2018-02-13 15:59:25,244] - loggin.py] - INFO: ------角色管理模块测试用例------
[2018-02-13 15:59:30,486] - loggin.py] - INFO: ------进入网站------
[2018-02-13 15:59:30,487] - loggin.py] - INFO: ------输入登录用户名------
[2018-02-13 15:59:30,689] - loggin.py] - INFO: ------输入登录密码------
[2018-02-13 15:59:33,862] - loggin.py] - INFO: ------测试角色新增------
[2018-02-13 15:59:33,921] - loggin.py] - INFO: ------新增角色------
[2018-02-13 15:59:34,715] - loggin.py] - INFO: -----测试查询角色------
[2018-02-13 15:59:35,718] - loggin.py] - INFO: ------查询角色为：Diploma------
[2018-02-13 15:59:46,968] - loggin.py] - WARNING: ------删除异常，请检查截图------
[2018-02-13 16:00:10,306] - loggin.py] - INFO: ------角色管理模块测试用例------
[2018-02-13 16:00:15,503] - loggin.py] - INFO: ------进入网站------
[2018-02-13 16:00:15,505] - loggin.py] - INFO: ------输入登录用户名------
[2018-02-13 16:00:15,670] - loggin.py] - INFO: ------输入登录密码------
[2018-02-13 16:00:24,148] - loggin.py] - INFO: ------角色管理模块测试用例------
[2018-02-13 16:00:30,134] - loggin.py] - INFO: ------进入网站------
[2018-02-13 16:00:30,136] - loggin.py] - INFO: ------输入登录用户名------
[2018-02-13 16:00:30,619] - loggin.py] - INFO: ------输入登录密码------
[2018-02-13 16:00:33,965] - loggin.py] - INFO: ------测试角色新增------
[2018-02-13 16:00:34,014] - loggin.py] - INFO: ------新增角色------
[2018-02-13 16:00:35,267] - loggin.py] - INFO: -----测试查询角色------
[2018-02-13 16:00:36,269] - loggin.py] - INFO: ------查询角色为：Diploma------
[2018-02-13 16:02:03,675] - loggin.py] - INFO: ------角色管理模块测试用例------
[2018-02-13 16:02:09,637] - loggin.py] - INFO: ------进入网站------
[2018-02-13 16:02:09,639] - loggin.py] - INFO: ------输入登录用户名------
[2018-02-13 16:02:09,774] - loggin.py] - INFO: ------输入登录密码------
[2018-02-13 16:02:12,562] - loggin.py] - INFO: ------测试角色新增------
[2018-02-13 16:02:12,594] - loggin.py] - INFO: ------新增角色------
[2018-02-13 16:02:13,951] - loggin.py] - INFO: -----测试查询角色------
[2018-02-13 16:02:14,952] - loggin.py] - INFO: ------查询角色为：Diploma------
[2018-02-13 16:03:49,457] - loggin.py] - INFO: ------角色管理模块测试用例------
[2018-02-13 16:03:54,918] - loggin.py] - INFO: ------进入网站------
[2018-02-13 16:03:54,921] - loggin.py] - INFO: ------输入登录用户名------
[2018-02-13 16:03:55,089] - loggin.py] - INFO: ------输入登录密码------
[2018-02-13 16:03:58,243] - loggin.py] - INFO: ------测试角色新增------
[2018-02-13 16:03:58,270] - loggin.py] - INFO: ------新增角色------
[2018-02-13 16:03:59,144] - loggin.py] - INFO: -----测试查询角色------
[2018-02-13 16:04:00,145] - loggin.py] - INFO: ------查询角色为：Diploma------
[2018-02-13 16:04:00,735] - loggin.py] - INFO: ------删除角色为：Diploma------
[2018-02-13 16:13:09,823] - loggin.py] - INFO: ------用户信息管理模块测试用例------
[2018-02-13 16:13:15,875] - loggin.py] - INFO: ------进入网站------
[2018-02-13 16:13:15,876] - loggin.py] - INFO: ------输入登录用户名------
[2018-02-13 16:13:15,992] - loggin.py] - INFO: ------输入登录密码------
[2018-02-13 16:13:19,139] - loggin.py] - INFO: ------测试用户新增------
[2018-02-13 16:13:29,546] - loggin.py] - INFO: -----测试查询用户------
[2018-02-13 16:13:31,548] - loggin.py] - INFO: ------查询用户为：21------
[2018-02-13 16:13:43,458] - loggin.py] - WARNING: ------无法定位到删除按钮，请检查截图------
[2018-02-13 16:13:43,681] - loggin.py] - INFO: ------测试导出所选项，默认勾选第一页全部------
[2018-02-13 16:13:44,530] - loggin.py] - INFO: ------有10条信息,即将导出------
[2018-02-13 16:13:44,534] - loggin.py] - INFO: ------导出所选项excel行数与列表数量一致------
[2018-02-13 16:13:44,535] - loggin.py] - INFO: ------测试导出全部------
[2018-02-13 16:13:48,690] - loggin.py] - INFO: ------导出全部excel行数与列表数量一致------
[2018-02-13 16:13:51,753] - loggin.py] - INFO: ------测试用例结束------
[2018-02-13 16:13:51,754] - loggin.py] - INFO: ------清理下载的附件所有附件------
[2018-02-13 16:13:51,755] - loggin.py] - INFO: ------清理下载的附件d:\\GoogleFile\用户信息导出 (1).xls------
[2018-02-13 16:13:51,836] - loggin.py] - INFO: ------清理下载的附件d:\\GoogleFile\用户信息导出.xls------
[2018-02-13 16:16:16,988] - loggin.py] - INFO: ------用户信息管理模块测试用例------
[2018-02-13 16:16:22,713] - loggin.py] - INFO: ------进入网站------
[2018-02-13 16:16:22,714] - loggin.py] - INFO: ------输入登录用户名------
[2018-02-13 16:16:22,892] - loggin.py] - INFO: ------输入登录密码------
[2018-02-13 16:16:25,995] - loggin.py] - INFO: ------测试用户新增------
[2018-02-13 16:16:26,040] - loggin.py] - INFO: ------新增用户------
[2018-02-13 16:16:28,289] - loggin.py] - INFO: ------绑定的员工工号为07392------
[2018-02-13 16:16:28,666] - loggin.py] - INFO: -----测试查询用户------
[2018-02-13 16:16:30,668] - loggin.py] - INFO: ------查询用户为：21------
[2018-02-13 16:16:30,980] - loggin.py] - INFO: ------测试导出所选项，默认勾选第一页全部------
[2018-02-13 16:16:31,080] - loggin.py] - INFO: ------测试导出全部------
[2018-02-13 16:16:34,269] - loggin.py] - INFO: ------测试用例结束------
[2018-02-13 16:16:34,270] - loggin.py] - INFO: ------清理下载的附件所有附件------
[2018-02-13 16:17:10,399] - loggin.py] - INFO: ------用户信息管理模块测试用例------
[2018-02-13 16:17:16,446] - loggin.py] - INFO: ------进入网站------
[2018-02-13 16:17:16,451] - loggin.py] - INFO: ------输入登录用户名------
[2018-02-13 16:17:16,674] - loggin.py] - INFO: ------输入登录密码------
[2018-02-13 16:17:47,348] - loggin.py] - INFO: ------测试用户新增------
[2018-02-13 16:17:47,350] - loggin.py] - INFO: ------新增用户------
[2018-02-13 16:17:49,381] - loggin.py] - INFO: ------绑定的员工工号为07223------
[2018-02-13 16:17:49,760] - loggin.py] - INFO: -----测试查询用户------
[2018-02-13 16:17:51,764] - loggin.py] - INFO: ------查询用户为：21------
[2018-02-13 16:17:52,215] - loggin.py] - INFO: ------测试导出所选项，默认勾选第一页全部------
[2018-02-13 16:17:52,326] - loggin.py] - INFO: ------测试导出全部------
[2018-02-13 16:17:55,662] - loggin.py] - INFO: ------测试用例结束------
[2018-02-13 16:17:55,665] - loggin.py] - INFO: ------清理下载的附件所有附件------
[2018-02-13 17:07:35,202] - loggin.py] - INFO: ------输入登录用户名------
[2018-02-13 17:07:35,352] - loggin.py] - INFO: ------输入登录密码------
[2018-02-13 17:08:07,151] - loggin.py] - INFO: ------角色管理模块测试用例------
[2018-02-13 17:08:14,044] - loggin.py] - INFO: ------进入网站------
[2018-02-13 17:08:14,045] - loggin.py] - INFO: ------输入登录用户名------
[2018-02-13 17:08:14,212] - loggin.py] - INFO: ------输入登录密码------
[2018-02-13 17:08:19,855] - loggin.py] - INFO: ------测试角色新增------
[2018-02-13 17:08:20,574] - loggin.py] - INFO: ------新增角色------
[2018-02-13 17:08:21,381] - loggin.py] - INFO: -----测试查询角色------
[2018-02-13 17:08:22,458] - loggin.py] - INFO: ------查询角色为：Diploma------
[2018-02-13 17:08:23,275] - loggin.py] - INFO: ------删除角色为：Diploma------
[2018-02-13 17:08:34,806] - loggin.py] - INFO: ------角色管理模块测试用例------
[2018-02-13 17:08:40,728] - loggin.py] - INFO: ------进入网站------
[2018-02-13 17:08:40,729] - loggin.py] - INFO: ------输入登录用户名------
[2018-02-13 17:08:40,972] - loggin.py] - INFO: ------输入登录密码------
[2018-02-13 17:10:17,073] - loggin.py] - INFO: ------输入登录用户名------
[2018-02-13 17:10:17,229] - loggin.py] - INFO: ------输入登录密码------
[2018-02-13 17:10:34,709] - loggin.py] - INFO: ------输入登录用户名------
[2018-02-13 17:10:34,864] - loggin.py] - INFO: ------输入登录密码------
[2018-02-13 17:10:37,791] - loggin.py] - INFO: ------搜索角色功能为：来宾------
[2018-02-13 17:10:38,070] - loggin.py] - INFO: ------共搜索出4个角色名称------
[2018-02-13 17:11:44,908] - loggin.py] - INFO: ------输入登录用户名------
[2018-02-13 17:11:45,116] - loggin.py] - INFO: ------输入登录密码------
[2018-02-13 17:11:48,298] - loggin.py] - INFO: ------搜索角色功能为：来宾------
[2018-02-13 17:11:48,594] - loggin.py] - INFO: ------共搜索出4个角色名称------
[2018-02-13 17:14:00,624] - loggin.py] - INFO: ------输入登录用户名------
[2018-02-13 17:14:00,779] - loggin.py] - INFO: ------输入登录密码------
[2018-02-13 17:14:03,762] - loggin.py] - INFO: ------搜索角色功能为：来宾------
[2018-02-13 17:14:04,068] - loggin.py] - INFO: ------共搜索出4个角色名称------
[2018-02-13 17:30:13,513] - loggin.py] - INFO: ------输入登录用户名------
[2018-02-13 17:30:13,666] - loggin.py] - INFO: ------输入登录密码------
[2018-02-13 17:30:16,481] - loggin.py] - INFO: ------搜索角色功能为：来宾------
[2018-02-13 17:30:16,771] - loggin.py] - INFO: ------共搜索出4个角色名称------
[2018-02-13 17:32:36,085] - loggin.py] - INFO: ------输入登录用户名------
[2018-02-13 17:32:36,243] - loggin.py] - INFO: ------输入登录密码------
[2018-02-13 17:32:39,067] - loggin.py] - INFO: ------搜索角色功能为：来宾------
[2018-02-13 17:32:39,372] - loggin.py] - INFO: ------共搜索出4个角色名称------
[2018-02-13 17:42:17,343] - loggin.py] - INFO: ------输入登录用户名------
[2018-02-13 17:42:17,497] - loggin.py] - INFO: ------输入登录密码------
[2018-02-13 17:42:20,497] - loggin.py] - INFO: ------搜索角色功能为：来宾------
[2018-02-13 17:42:20,816] - loggin.py] - INFO: ------共搜索出4个角色名称------
[2018-02-13 17:43:19,350] - loggin.py] - INFO: ------输入登录用户名------
[2018-02-13 17:43:19,497] - loggin.py] - INFO: ------输入登录密码------
[2018-02-13 17:43:22,401] - loggin.py] - INFO: ------搜索角色功能为：Diploma------
[2018-02-13 17:43:22,701] - loggin.py] - INFO: ------共搜索出1个角色名称------
[2018-02-13 17:43:57,866] - loggin.py] - INFO: ------输入登录用户名------
[2018-02-13 17:43:58,016] - loggin.py] - INFO: ------输入登录密码------
[2018-02-13 17:44:01,058] - loggin.py] - INFO: ------搜索角色功能为：Diploma------
[2018-02-13 17:44:01,367] - loggin.py] - INFO: ------共搜索出1个角色名称------
[2018-02-13 17:44:44,381] - loggin.py] - INFO: ------输入登录用户名------
[2018-02-13 17:44:44,532] - loggin.py] - INFO: ------输入登录密码------
[2018-02-13 17:44:47,384] - loggin.py] - INFO: ------搜索角色功能为：Diploma------
[2018-02-13 17:44:47,665] - loggin.py] - INFO: ------共搜索出1个角色名称------
[2018-02-13 17:49:04,412] - loggin.py] - INFO: ------输入登录用户名------
[2018-02-13 17:49:04,556] - loggin.py] - INFO: ------输入登录密码------
[2018-02-13 17:49:07,381] - loggin.py] - INFO: ------搜索角色功能为：Diploma------
[2018-02-13 17:49:07,653] - loggin.py] - INFO: ------共搜索出1个角色名称------
[2018-02-13 17:50:08,211] - loggin.py] - INFO: ------输入登录用户名------
[2018-02-13 17:50:08,362] - loggin.py] - INFO: ------输入登录密码------
[2018-02-13 17:50:11,154] - loggin.py] - INFO: ------搜索角色功能为：Diploma------
[2018-02-13 17:50:11,437] - loggin.py] - INFO: ------共搜索出1个角色名称------
[2018-02-13 17:52:07,884] - loggin.py] - INFO: ------输入登录用户名------
[2018-02-13 17:52:08,040] - loggin.py] - INFO: ------输入登录密码------
[2018-02-13 17:52:11,080] - loggin.py] - INFO: ------搜索角色功能为：Diploma------
[2018-02-13 17:52:11,354] - loggin.py] - INFO: ------共搜索出1个角色名称------
[2018-02-13 17:52:59,078] - loggin.py] - INFO: ------输入登录用户名------
[2018-02-13 17:52:59,199] - loggin.py] - INFO: ------输入登录密码------
[2018-02-13 17:53:02,116] - loggin.py] - INFO: ------搜索角色功能为：Diploma------
[2018-02-13 17:53:02,398] - loggin.py] - INFO: ------共搜索出1个角色名称------
[2018-02-13 17:54:05,583] - loggin.py] - INFO: ------输入登录用户名------
[2018-02-13 17:54:05,762] - loggin.py] - INFO: ------输入登录密码------
[2018-02-13 17:54:08,739] - loggin.py] - INFO: ------搜索角色功能为：Diploma------
[2018-02-13 17:54:09,056] - loggin.py] - INFO: ------共搜索出1个角色名称------
[2018-02-13 17:54:50,311] - loggin.py] - INFO: ------输入登录用户名------
[2018-02-13 17:54:50,426] - loggin.py] - INFO: ------输入登录密码------
[2018-02-13 17:54:53,293] - loggin.py] - INFO: ------搜索角色功能为：Diploma------
[2018-02-13 17:54:53,622] - loggin.py] - INFO: ------共搜索出1个角色名称------
[2018-02-13 18:29:39,284] - loggin.py] - INFO: ------角色管理模块测试用例------
[2018-02-13 18:29:58,466] - loggin.py] - INFO: ------角色功能分配模块测试用例------
[2018-02-13 18:30:04,067] - loggin.py] - INFO: ------进入网站------
[2018-02-13 18:30:04,067] - loggin.py] - INFO: ------输入登录用户名------
[2018-02-13 18:30:04,247] - loggin.py] - INFO: ------输入登录密码------
[2018-02-13 18:30:06,763] - loggin.py] - INFO: ------测试角色功能分配------
[2018-02-13 18:30:07,869] - loggin.py] - INFO: ------搜索角色功能为：Diploma------
[2018-02-13 18:30:08,155] - loggin.py] - INFO: ------共搜索出1个角色名称------
[2018-02-13 18:39:15,781] - loggin.py] - INFO: ------角色功能分配模块测试用例------
[2018-02-13 18:39:21,366] - loggin.py] - INFO: ------进入网站------
[2018-02-13 18:39:21,367] - loggin.py] - INFO: ------输入登录用户名------
[2018-02-13 18:39:21,494] - loggin.py] - INFO: ------输入登录密码------
[2018-02-13 18:39:24,087] - loggin.py] - INFO: ------测试角色功能分配------
[2018-02-13 18:39:25,139] - loggin.py] - INFO: ------搜索角色功能为：Diploma------
[2018-02-13 18:39:25,401] - loggin.py] - INFO: ------共搜索出1个角色名称------
[2018-02-13 18:45:01,178] - loggin.py] - INFO: ------角色功能分配模块测试用例------
[2018-02-13 18:45:06,856] - loggin.py] - INFO: ------进入网站------
[2018-02-13 18:45:06,857] - loggin.py] - INFO: ------输入登录用户名------
[2018-02-13 18:45:07,125] - loggin.py] - INFO: ------输入登录密码------
[2018-02-13 18:45:09,739] - loggin.py] - INFO: ------测试角色功能分配------
[2018-02-13 18:45:10,803] - loggin.py] - INFO: ------搜索角色功能为：Diploma------
[2018-02-13 18:45:11,082] - loggin.py] - INFO: ------共搜索出1个角色名称------
[2018-02-13 18:45:11,635] - loggin.py] - WARNING: ------分配系统管理权限失败，已截图请检查------
[2018-02-13 18:45:11,843] - loggin.py] - WARNING: ------分配人事系统功能权限失败，已截图请检查------
[2018-02-13 18:46:48,650] - loggin.py] - INFO: ------角色功能分配模块测试用例------
[2018-02-13 18:46:53,986] - loggin.py] - INFO: ------进入网站------
[2018-02-13 18:46:53,988] - loggin.py] - INFO: ------输入登录用户名------
[2018-02-13 18:46:54,158] - loggin.py] - INFO: ------输入登录密码------
[2018-02-13 18:46:56,661] - loggin.py] - INFO: ------测试角色功能分配------
[2018-02-13 18:46:57,722] - loggin.py] - INFO: ------搜索角色功能为：Diploma------
[2018-02-13 18:46:58,017] - loggin.py] - INFO: ------共搜索出1个角色名称------
[2018-02-13 18:51:27,384] - loggin.py] - INFO: ------角色功能分配模块测试用例------
[2018-02-13 18:51:33,250] - loggin.py] - INFO: ------进入网站------
[2018-02-13 18:51:33,252] - loggin.py] - INFO: ------输入登录用户名------
[2018-02-13 18:51:33,415] - loggin.py] - INFO: ------输入登录密码------
[2018-02-13 18:51:36,590] - loggin.py] - INFO: ------测试角色功能分配------
[2018-02-13 18:51:37,656] - loggin.py] - INFO: ------搜索角色功能为：Diploma------
[2018-02-13 18:51:37,935] - loggin.py] - INFO: ------共搜索出1个角色名称------
[2018-02-13 18:52:58,245] - loggin.py] - INFO: ------角色功能分配模块测试用例------
[2018-02-13 18:53:03,707] - loggin.py] - INFO: ------进入网站------
[2018-02-13 18:53:03,710] - loggin.py] - INFO: ------输入登录用户名------
[2018-02-13 18:53:03,916] - loggin.py] - INFO: ------输入登录密码------
[2018-02-13 18:53:06,200] - loggin.py] - INFO: ------测试角色功能分配------
[2018-02-13 18:53:07,457] - loggin.py] - INFO: ------搜索角色功能为：Diploma------
[2018-02-13 18:53:07,782] - loggin.py] - INFO: ------共搜索出1个角色名称------
[2018-02-13 18:53:17,833] - loggin.py] - WARNING: ------分配系统管理权限失败，已截图请检查------
[2018-02-13 18:53:18,036] - loggin.py] - WARNING: ------分配人事系统功能权限失败，已截图请检查------
[2018-02-13 18:53:36,556] - loggin.py] - INFO: ------角色功能分配模块测试用例------
[2018-02-13 18:53:42,288] - loggin.py] - INFO: ------进入网站------
[2018-02-13 18:53:42,289] - loggin.py] - INFO: ------输入登录用户名------
[2018-02-13 18:53:42,441] - loggin.py] - INFO: ------输入登录密码------
[2018-02-13 18:53:45,188] - loggin.py] - INFO: ------测试角色功能分配------
[2018-02-13 18:53:46,257] - loggin.py] - INFO: ------搜索角色功能为：Diploma------
[2018-02-13 18:53:46,558] - loggin.py] - INFO: ------共搜索出1个角色名称------
[2018-02-13 19:01:17,565] - loggin.py] - INFO: ------角色功能分配模块测试用例------
[2018-02-13 19:01:23,422] - loggin.py] - INFO: ------进入网站------
[2018-02-13 19:01:23,424] - loggin.py] - INFO: ------输入登录用户名------
[2018-02-13 19:01:23,588] - loggin.py] - INFO: ------输入登录密码------
[2018-02-13 19:01:26,089] - loggin.py] - INFO: ------测试角色功能分配------
[2018-02-13 19:01:27,164] - loggin.py] - INFO: ------搜索角色功能为：Diploma------
[2018-02-13 19:01:27,460] - loggin.py] - INFO: ------共搜索出1个角色名称------
[2018-02-13 19:03:27,906] - loggin.py] - INFO: ------角色功能分配模块测试用例------
[2018-02-13 19:03:33,435] - loggin.py] - INFO: ------进入网站------
[2018-02-13 19:03:33,438] - loggin.py] - INFO: ------输入登录用户名------
[2018-02-13 19:03:33,597] - loggin.py] - INFO: ------输入登录密码------
[2018-02-13 19:03:36,400] - loggin.py] - INFO: ------测试角色功能分配------
[2018-02-13 19:03:37,486] - loggin.py] - INFO: ------搜索角色功能为：Diploma------
[2018-02-13 19:03:37,804] - loggin.py] - INFO: ------共搜索出1个角色名称------
[2018-02-13 19:04:28,801] - loggin.py] - INFO: ------角色功能分配模块测试用例------
[2018-02-13 19:04:35,347] - loggin.py] - INFO: ------进入网站------
[2018-02-13 19:04:35,350] - loggin.py] - INFO: ------输入登录用户名------
[2018-02-13 19:04:35,547] - loggin.py] - INFO: ------输入登录密码------
[2018-02-13 19:04:38,674] - loggin.py] - INFO: ------测试角色功能分配------
[2018-02-13 19:04:39,729] - loggin.py] - INFO: ------搜索角色功能为：Diploma------
[2018-02-13 19:04:40,111] - loggin.py] - INFO: ------共搜索出1个角色名称------
