[2018-02-11 15:50:54,951] - loggin.py] - INFO: ------输入登录用户名------
[2018-02-11 15:50:55,149] - loggin.py] - INFO: ------输入登录密码------
[2018-02-11 15:51:59,855] - loggin.py] - INFO: ------输入登录用户名------
[2018-02-11 15:52:00,019] - loggin.py] - INFO: ------输入登录密码------
[2018-02-11 15:52:03,574] - loggin.py] - INFO: ------新增用户------
[2018-02-11 15:52:05,794] - loggin.py] - INFO: ------绑定的员工工号为WT0307------
[2018-02-11 15:52:06,216] - loggin.py] - INFO: ------查询用户------
[2018-02-11 15:52:09,630] - loggin.py] - INFO: ------查询出页面有1条信息------
[2018-02-11 15:52:09,855] - loggin.py] - INFO: ------删除账户为：222的信息------
[2018-02-11 15:52:10,839] - loggin.py] - INFO: ------有10条信息,即将导出------
[2018-02-11 15:52:11,178] - loggin.py] - INFO: ------导出所选项excel行数与列表数量一致------
[2018-02-11 15:53:00,276] - loggin.py] - INFO: ------输入登录用户名------
[2018-02-11 15:53:00,413] - loggin.py] - INFO: ------输入登录密码------
[2018-02-11 15:53:03,991] - loggin.py] - INFO: ------新增用户------
[2018-02-11 15:53:06,365] - loggin.py] - INFO: ------绑定的员工工号为02883------
[2018-02-11 15:53:06,698] - loggin.py] - INFO: ------查询用户------
[2018-02-11 15:53:10,141] - loggin.py] - INFO: ------查询出页面有1条信息------
[2018-02-11 15:53:10,337] - loggin.py] - INFO: ------删除账户为：222的信息------
[2018-02-11 15:53:11,271] - loggin.py] - INFO: ------有10条信息,即将导出------
[2018-02-11 15:53:11,455] - loggin.py] - INFO: ------导出所选项excel行数与列表数量一致------
[2018-02-11 15:53:14,530] - loggin.py] - INFO: ------导出全部excel行数与列表数量一致------
