[2018-02-06 13:58:45,927] - loggin.py] - INFO: ------输入登录用户名------
[2018-02-06 13:58:46,254] - loggin.py] - INFO: ------输入登录密码------
[2018-02-06 14:13:59,880] - loggin.py] - INFO: ------输入登录用户名------
[2018-02-06 14:14:00,135] - loggin.py] - INFO: ------输入登录密码------
[2018-02-06 14:15:34,013] - loggin.py] - INFO: ------输入登录用户名------
[2018-02-06 14:15:34,155] - loggin.py] - INFO: ------输入登录密码------
[2018-02-06 15:03:08,156] - loggin.py] - INFO: ------输入登录用户名------
[2018-02-06 15:03:08,371] - loggin.py] - INFO: ------输入登录密码------
[2018-02-06 15:03:38,281] - loggin.py] - INFO: ------输入登录用户名------
[2018-02-06 15:03:38,458] - loggin.py] - INFO: ------输入登录密码------
[2018-02-06 15:10:34,753] - loggin.py] - INFO: ------输入登录用户名------
[2018-02-06 15:10:35,007] - loggin.py] - INFO: ------输入登录密码------
[2018-02-06 15:12:44,758] - loggin.py] - INFO: ------输入登录用户名------
[2018-02-06 15:12:44,964] - loggin.py] - INFO: ------输入登录密码------
[2018-02-06 15:16:40,611] - loggin.py] - INFO: ------输入登录用户名------
[2018-02-06 15:16:40,771] - loggin.py] - INFO: ------输入登录密码------
[2018-02-06 15:45:16,947] - loggin.py] - INFO: ------输入登录用户名------
[2018-02-06 15:45:17,106] - loggin.py] - INFO: ------输入登录密码------
[2018-02-06 15:45:36,206] - loggin.py] - INFO: ------输入登录用户名------
[2018-02-06 15:45:36,378] - loggin.py] - INFO: ------输入登录密码------
[2018-02-06 15:46:03,534] - loggin.py] - INFO: ------输入登录用户名------
[2018-02-06 15:46:03,698] - loggin.py] - INFO: ------输入登录密码------
[2018-02-06 15:51:46,043] - loggin.py] - INFO: ------输入登录用户名------
[2018-02-06 15:51:46,240] - loggin.py] - INFO: ------输入登录密码------
[2018-02-06 15:52:34,662] - loggin.py] - INFO: ------输入登录用户名------
[2018-02-06 15:52:34,807] - loggin.py] - INFO: ------输入登录密码------
[2018-02-06 15:54:54,372] - loggin.py] - INFO: ------输入登录用户名------
[2018-02-06 15:54:54,545] - loggin.py] - INFO: ------输入登录密码------
[2018-02-06 15:55:35,394] - loggin.py] - INFO: ------输入登录用户名------
[2018-02-06 15:55:35,607] - loggin.py] - INFO: ------输入登录密码------
[2018-02-06 15:55:53,785] - loggin.py] - INFO: ------输入登录用户名------
[2018-02-06 15:55:53,940] - loggin.py] - INFO: ------输入登录密码------
[2018-02-06 15:57:34,260] - loggin.py] - INFO: ------输入登录用户名------
[2018-02-06 15:57:34,439] - loggin.py] - INFO: ------输入登录密码------
[2018-02-06 15:57:52,134] - loggin.py] - INFO: ------输入登录用户名------
[2018-02-06 15:57:52,279] - loggin.py] - INFO: ------输入登录密码------
[2018-02-06 15:58:27,609] - loggin.py] - INFO: ------输入登录用户名------
[2018-02-06 15:58:27,775] - loggin.py] - INFO: ------输入登录密码------
[2018-02-06 15:58:45,436] - loggin.py] - INFO: ------输入登录用户名------
[2018-02-06 15:58:45,622] - loggin.py] - INFO: ------输入登录密码------
[2018-02-06 15:59:46,956] - loggin.py] - INFO: ------输入登录用户名------
[2018-02-06 15:59:47,159] - loggin.py] - INFO: ------输入登录密码------
[2018-02-06 16:00:37,238] - loggin.py] - INFO: ------输入登录用户名------
[2018-02-06 16:00:37,408] - loggin.py] - INFO: ------输入登录密码------
[2018-02-06 16:02:13,763] - loggin.py] - INFO: ------输入登录用户名------
[2018-02-06 16:02:29,108] - loggin.py] - INFO: ------输入登录用户名------
[2018-02-06 16:02:29,423] - loggin.py] - INFO: ------输入登录密码------
[2018-02-06 16:02:52,859] - loggin.py] - INFO: ------输入登录用户名------
[2018-02-06 16:02:53,070] - loggin.py] - INFO: ------输入登录密码------
[2018-02-06 16:07:08,837] - loggin.py] - INFO: ------输入登录用户名------
[2018-02-06 16:07:09,030] - loggin.py] - INFO: ------输入登录密码------
[2018-02-06 16:10:46,954] - loggin.py] - INFO: ------输入登录用户名------
[2018-02-06 16:10:47,136] - loggin.py] - INFO: ------输入登录密码------
[2018-02-06 16:12:03,852] - loggin.py] - INFO: ------输入登录用户名------
[2018-02-06 16:12:04,066] - loggin.py] - INFO: ------输入登录密码------
[2018-02-06 16:13:21,177] - loggin.py] - INFO: ------输入登录用户名------
[2018-02-06 16:13:21,331] - loggin.py] - INFO: ------输入登录密码------
[2018-02-06 16:15:19,947] - loggin.py] - INFO: ------输入登录用户名------
[2018-02-06 16:15:20,111] - loggin.py] - INFO: ------输入登录密码------
[2018-02-06 16:16:28,026] - loggin.py] - INFO: ------输入登录用户名------
[2018-02-06 16:16:28,192] - loggin.py] - INFO: ------输入登录密码------
[2018-02-06 16:17:03,014] - loggin.py] - INFO: ------输入登录用户名------
[2018-02-06 16:17:03,186] - loggin.py] - INFO: ------输入登录密码------
[2018-02-06 16:22:33,082] - loggin.py] - INFO: ------输入登录用户名------
[2018-02-06 16:22:33,295] - loggin.py] - INFO: ------输入登录密码------
[2018-02-06 16:24:14,137] - loggin.py] - INFO: ------输入登录用户名------
[2018-02-06 16:24:14,321] - loggin.py] - INFO: ------输入登录密码------
[2018-02-06 16:25:13,370] - loggin.py] - INFO: ------输入登录用户名------
[2018-02-06 16:25:13,567] - loggin.py] - INFO: ------输入登录密码------
[2018-02-06 16:27:55,990] - loggin.py] - INFO: ------输入登录用户名------
[2018-02-06 16:27:56,233] - loggin.py] - INFO: ------输入登录密码------
[2018-02-06 16:28:30,464] - loggin.py] - INFO: ------输入登录用户名------
[2018-02-06 16:28:30,738] - loggin.py] - INFO: ------输入登录密码------
[2018-02-06 16:33:05,604] - loggin.py] - INFO: ------输入登录用户名------
[2018-02-06 16:33:05,771] - loggin.py] - INFO: ------输入登录密码------
[2018-02-06 16:33:06,021] - loggin.py] - INFO: ------开始填写用户新增数据------
[2018-02-06 16:33:45,507] - loggin.py] - INFO: ------输入登录用户名------
[2018-02-06 16:33:45,739] - loggin.py] - INFO: ------输入登录密码------
[2018-02-06 16:33:45,994] - loggin.py] - INFO: ------开始填写用户新增数据------
[2018-02-06 16:35:17,533] - loggin.py] - INFO: ------输入登录用户名------
[2018-02-06 16:35:17,683] - loggin.py] - INFO: ------输入登录密码------
[2018-02-06 16:35:17,939] - loggin.py] - INFO: ------开始填写用户新增数据------
[2018-02-06 16:35:53,105] - loggin.py] - INFO: ------输入登录用户名------
[2018-02-06 16:35:53,288] - loggin.py] - INFO: ------输入登录密码------
[2018-02-06 16:35:53,524] - loggin.py] - INFO: ------开始填写用户新增数据------
[2018-02-06 16:35:57,632] - loggin.py] - INFO: ------选择的员工工号<selenium.webdriver.remote.webelement.WebElement (session="d8b3d4fdc42d9b6324682651f597234a", element="0.36738018828925734-156")>------
[2018-02-06 16:38:11,689] - loggin.py] - INFO: ------输入登录用户名------
[2018-02-06 16:38:11,889] - loggin.py] - INFO: ------输入登录密码------
[2018-02-06 16:38:12,136] - loggin.py] - INFO: ------开始填写用户新增数据------
[2018-02-06 16:38:17,403] - loggin.py] - INFO: ------选择的员工工号07300------
[2018-02-06 16:42:37,324] - loggin.py] - INFO: ------输入登录用户名------
[2018-02-06 16:42:37,459] - loggin.py] - INFO: ------输入登录密码------
[2018-02-06 16:42:37,790] - loggin.py] - INFO: ------填写用户新增数据------
[2018-02-06 16:42:43,587] - loggin.py] - INFO: ------绑定的员工工号为06930------
[2018-02-06 16:43:57,619] - loggin.py] - INFO: ------输入登录用户名------
[2018-02-06 16:43:57,792] - loggin.py] - INFO: ------输入登录密码------
[2018-02-06 16:43:58,040] - loggin.py] - INFO: ------填写用户新增数据------
[2018-02-06 16:44:02,647] - loggin.py] - INFO: ------绑定的员工工号为07214------
[2018-02-06 16:44:02,858] - loggin.py] - INFO: ------新增完成------
[2018-02-06 16:48:08,486] - loggin.py] - INFO: ------输入登录用户名------
[2018-02-06 16:48:08,689] - loggin.py] - INFO: ------输入登录密码------
[2018-02-06 16:53:49,420] - loggin.py] - INFO: ------输入登录用户名------
[2018-02-06 16:53:49,636] - loggin.py] - INFO: ------输入登录密码------
[2018-02-06 16:53:49,940] - loggin.py] - INFO: ------新增用户------
[2018-02-06 16:53:56,272] - loggin.py] - INFO: ------绑定的员工工号为07307------
[2018-02-06 16:55:40,640] - loggin.py] - INFO: ------输入登录用户名------
[2018-02-06 16:55:40,815] - loggin.py] - INFO: ------输入登录密码------
[2018-02-06 16:55:41,143] - loggin.py] - INFO: ------新增用户------
[2018-02-06 16:57:42,692] - loggin.py] - INFO: ------输入登录用户名------
[2018-02-06 16:57:42,908] - loggin.py] - INFO: ------输入登录密码------
[2018-02-06 16:57:43,237] - loggin.py] - INFO: ------新增用户------
[2018-02-06 16:57:47,927] - loggin.py] - INFO: ------绑定的员工工号为07344------
[2018-02-06 17:03:16,888] - loggin.py] - INFO: ------输入登录用户名------
[2018-02-06 17:03:17,113] - loggin.py] - INFO: ------输入登录密码------
[2018-02-06 17:03:17,335] - loggin.py] - INFO: ------新增用户------
[2018-02-06 17:03:22,369] - loggin.py] - INFO: ------绑定的员工工号为05027------
[2018-02-06 17:03:54,905] - loggin.py] - INFO: ------输入登录用户名------
[2018-02-06 17:03:55,094] - loggin.py] - INFO: ------输入登录密码------
[2018-02-06 17:04:52,316] - loggin.py] - INFO: ------输入登录用户名------
[2018-02-06 17:04:52,533] - loggin.py] - INFO: ------输入登录密码------
[2018-02-06 17:05:29,014] - loggin.py] - INFO: ------输入登录用户名------
[2018-02-06 17:05:29,245] - loggin.py] - INFO: ------输入登录密码------
[2018-02-06 17:05:29,608] - loggin.py] - INFO: ------新增用户------
[2018-02-06 17:05:34,555] - loggin.py] - INFO: ------绑定的员工工号为07335------
[2018-02-06 17:05:35,017] - loggin.py] - INFO: ------查询用户------
[2018-02-06 17:12:05,755] - loggin.py] - INFO: ------输入登录用户名------
[2018-02-06 17:12:05,932] - loggin.py] - INFO: ------输入登录密码------
[2018-02-06 17:12:06,179] - loggin.py] - INFO: ------新增用户------
[2018-02-06 17:12:11,285] - loggin.py] - INFO: ------绑定的员工工号为07229------
[2018-02-06 17:12:11,752] - loggin.py] - INFO: ------查询用户------
[2018-02-06 17:13:50,932] - loggin.py] - INFO: ------输入登录用户名------
[2018-02-06 17:13:51,135] - loggin.py] - INFO: ------输入登录密码------
[2018-02-06 17:13:51,404] - loggin.py] - INFO: ------新增用户------
[2018-02-06 17:13:56,419] - loggin.py] - INFO: ------绑定的员工工号为07384------
[2018-02-06 17:13:56,939] - loggin.py] - INFO: ------查询用户------
[2018-02-06 17:17:49,390] - loggin.py] - INFO: ------输入登录用户名------
[2018-02-06 17:17:49,590] - loggin.py] - INFO: ------输入登录密码------
[2018-02-06 17:17:49,824] - loggin.py] - INFO: ------新增用户------
[2018-02-06 17:17:54,196] - loggin.py] - INFO: ------绑定的员工工号为07190------
[2018-02-06 17:17:54,635] - loggin.py] - INFO: ------查询用户------
[2018-02-06 17:19:23,086] - loggin.py] - INFO: ------输入登录用户名------
[2018-02-06 17:19:23,275] - loggin.py] - INFO: ------输入登录密码------
[2018-02-06 17:19:23,508] - loggin.py] - INFO: ------新增用户------
[2018-02-06 17:19:27,875] - loggin.py] - INFO: ------绑定的员工工号为07317------
[2018-02-06 17:19:28,293] - loggin.py] - INFO: ------查询用户------
[2018-02-06 17:20:15,648] - loggin.py] - INFO: ------输入登录用户名------
[2018-02-06 17:20:15,846] - loggin.py] - INFO: ------输入登录密码------
[2018-02-06 17:20:16,093] - loggin.py] - INFO: ------新增用户------
[2018-02-06 17:20:20,629] - loggin.py] - INFO: ------绑定的员工工号为07331------
[2018-02-06 17:20:21,036] - loggin.py] - INFO: ------查询用户------
[2018-02-06 17:35:46,216] - loggin.py] - INFO: ------输入登录用户名------
[2018-02-06 17:35:46,413] - loggin.py] - INFO: ------输入登录密码------
[2018-02-06 17:35:46,707] - loggin.py] - INFO: ------新增用户------
[2018-02-06 17:35:51,828] - loggin.py] - INFO: ------绑定的员工工号为06930------
[2018-02-06 17:35:52,244] - loggin.py] - INFO: ------查询用户------
[2018-02-06 17:36:35,427] - loggin.py] - INFO: ------输入登录用户名------
[2018-02-06 17:36:35,610] - loggin.py] - INFO: ------输入登录密码------
[2018-02-06 17:36:35,841] - loggin.py] - INFO: ------新增用户------
[2018-02-06 17:36:40,803] - loggin.py] - INFO: ------绑定的员工工号为07390------
[2018-02-06 17:36:41,303] - loggin.py] - INFO: ------查询用户------
[2018-02-06 17:37:52,962] - loggin.py] - INFO: ------输入登录用户名------
[2018-02-06 17:37:53,196] - loggin.py] - INFO: ------输入登录密码------
[2018-02-06 17:37:53,775] - loggin.py] - INFO: ------新增用户------
[2018-02-06 17:37:58,824] - loggin.py] - INFO: ------绑定的员工工号为07382------
[2018-02-06 17:37:59,368] - loggin.py] - INFO: ------查询用户------
[2018-02-06 17:38:40,643] - loggin.py] - INFO: ------输入登录用户名------
[2018-02-06 17:38:40,832] - loggin.py] - INFO: ------输入登录密码------
[2018-02-06 17:38:41,118] - loggin.py] - INFO: ------新增用户------
[2018-02-06 17:38:45,794] - loggin.py] - INFO: ------绑定的员工工号为07249------
[2018-02-06 17:38:46,333] - loggin.py] - INFO: ------查询用户------
[2018-02-06 17:46:25,518] - loggin.py] - INFO: ------输入登录用户名------
[2018-02-06 17:46:25,693] - loggin.py] - INFO: ------输入登录密码------
[2018-02-06 17:46:25,940] - loggin.py] - INFO: ------新增用户------
[2018-02-06 17:46:31,006] - loggin.py] - INFO: ------绑定的员工工号为07339------
[2018-02-06 17:46:31,429] - loggin.py] - INFO: ------查询用户------
[2018-02-06 18:06:21,091] - loggin.py] - INFO: ------输入登录用户名------
[2018-02-06 18:06:21,307] - loggin.py] - INFO: ------输入登录密码------
[2018-02-06 18:06:22,790] - loggin.py] - INFO: ------新增用户------
[2018-02-06 18:06:26,762] - loggin.py] - INFO: ------绑定的员工工号为07328------
[2018-02-06 18:06:27,249] - loggin.py] - INFO: ------查询用户------
[2018-02-06 18:07:20,262] - loggin.py] - INFO: ------输入登录用户名------
[2018-02-06 18:07:20,459] - loggin.py] - INFO: ------输入登录密码------
[2018-02-06 18:07:21,900] - loggin.py] - INFO: ------新增用户------
