[2018-03-02 19:09:53,621] - loggin.py] - INFO: ------用户数据权限分配模块测试用例------
[2018-03-02 19:10:43,231] - loggin.py] - INFO: ------输入登录用户名------
[2018-03-02 19:15:30,057] - loggin.py] - INFO: ------用户数据权限分配模块测试用例------
[2018-03-02 19:15:37,428] - loggin.py] - INFO: ------进入网站------
[2018-03-02 19:15:37,429] - loggin.py] - INFO: ------输入登录用户名------
[2018-03-02 19:15:37,588] - loggin.py] - INFO: ------输入登录密码------
[2018-03-02 19:15:40,661] - loggin.py] - INFO: ------测试用户数据功能分配-查询------
[2018-03-02 19:15:41,685] - loggin.py] - INFO: ------搜索用户账户为：11------
[2018-03-02 19:15:42,692] - loggin.py] - INFO: ------搜索用户账户为：11，共有5条数据------
[2018-03-02 19:15:43,040] - loggin.py] - INFO: ------测试用户数据功能分配-分配------
[2018-03-02 19:20:03,605] - loggin.py] - INFO: ------用户数据权限分配模块测试用例------
[2018-03-02 19:20:11,190] - loggin.py] - INFO: ------进入网站------
[2018-03-02 19:20:11,191] - loggin.py] - INFO: ------输入登录用户名------
[2018-03-02 19:20:11,304] - loggin.py] - INFO: ------输入登录密码------
[2018-03-02 19:20:14,489] - loggin.py] - INFO: ------测试用户数据功能分配-查询------
[2018-03-02 19:20:15,490] - loggin.py] - INFO: ------搜索用户账户为：11------
[2018-03-02 19:20:16,347] - loggin.py] - INFO: ------搜索用户账户为：11，共有5条数据------
[2018-03-02 19:20:16,755] - loggin.py] - INFO: ------测试用户数据功能分配-分配------
[2018-03-02 19:21:56,889] - loggin.py] - INFO: ------用户数据权限分配模块测试用例------
[2018-03-02 19:22:03,791] - loggin.py] - INFO: ------用户数据权限分配模块测试用例------
[2018-03-02 19:22:07,930] - loggin.py] - INFO: ------用户数据权限分配模块测试用例------
[2018-03-02 19:22:15,578] - loggin.py] - INFO: ------进入网站------
[2018-03-02 19:22:15,579] - loggin.py] - INFO: ------输入登录用户名------
[2018-03-02 19:22:15,705] - loggin.py] - INFO: ------输入登录密码------
[2018-03-02 19:22:19,294] - loggin.py] - INFO: ------测试用户数据功能分配-查询------
[2018-03-02 19:22:20,295] - loggin.py] - INFO: ------搜索用户账户为：11------
[2018-03-02 19:22:21,218] - loggin.py] - INFO: ------搜索用户账户为：11，共有5条数据------
[2018-03-02 19:22:21,684] - loggin.py] - INFO: ------测试用户数据功能分配-分配------
[2018-03-02 19:31:40,059] - loggin.py] - INFO: ------用户数据权限分配模块测试用例------
[2018-03-02 19:31:47,430] - loggin.py] - INFO: ------进入网站------
[2018-03-02 19:31:47,431] - loggin.py] - INFO: ------输入登录用户名------
[2018-03-02 19:31:47,565] - loggin.py] - INFO: ------输入登录密码------
[2018-03-02 19:31:50,502] - loggin.py] - INFO: ------测试用户数据功能分配-查询------
[2018-03-02 19:31:51,504] - loggin.py] - INFO: ------搜索用户账户为：11------
[2018-03-02 19:31:52,563] - loggin.py] - INFO: ------搜索用户账户为：11，共有5条数据------
[2018-03-02 19:31:53,042] - loggin.py] - INFO: ------测试用户数据功能分配-分配------
[2018-03-02 19:32:28,823] - loggin.py] - INFO: ------用户数据权限分配模块测试用例------
[2018-03-02 19:32:35,565] - loggin.py] - INFO: ------进入网站------
[2018-03-02 19:32:35,568] - loggin.py] - INFO: ------输入登录用户名------
[2018-03-02 19:32:35,762] - loggin.py] - INFO: ------输入登录密码------
[2018-03-02 19:32:38,560] - loggin.py] - INFO: ------测试用户数据功能分配-查询------
[2018-03-02 19:32:39,562] - loggin.py] - INFO: ------搜索用户账户为：11------
[2018-03-02 19:32:40,425] - loggin.py] - INFO: ------搜索用户账户为：11，共有5条数据------
[2018-03-02 19:32:40,809] - loggin.py] - INFO: ------测试用户数据功能分配-分配------
[2018-03-02 19:33:04,459] - loggin.py] - INFO: ------用户数据权限分配模块测试用例------
[2018-03-02 19:33:11,131] - loggin.py] - INFO: ------进入网站------
[2018-03-02 19:33:11,134] - loggin.py] - INFO: ------输入登录用户名------
[2018-03-02 19:33:11,280] - loggin.py] - INFO: ------输入登录密码------
[2018-03-02 19:33:14,075] - loggin.py] - INFO: ------测试用户数据功能分配-查询------
[2018-03-02 19:33:15,077] - loggin.py] - INFO: ------搜索用户账户为：11------
[2018-03-02 19:33:15,920] - loggin.py] - INFO: ------搜索用户账户为：11，共有5条数据------
[2018-03-02 19:33:16,335] - loggin.py] - INFO: ------测试用户数据功能分配-分配------
[2018-03-02 19:36:30,962] - loggin.py] - INFO: ------用户数据权限分配模块测试用例------
[2018-03-02 19:36:37,477] - loggin.py] - INFO: ------进入网站------
[2018-03-02 19:36:37,480] - loggin.py] - INFO: ------输入登录用户名------
[2018-03-02 19:36:37,671] - loggin.py] - INFO: ------输入登录密码------
[2018-03-02 19:36:40,513] - loggin.py] - INFO: ------测试用户数据功能分配-查询------
[2018-03-02 19:36:41,514] - loggin.py] - INFO: ------搜索用户账户为：11------
[2018-03-02 19:36:42,464] - loggin.py] - INFO: ------搜索用户账户为：11，共有5条数据------
[2018-03-02 19:36:42,878] - loggin.py] - INFO: ------测试用户数据功能分配-分配------
[2018-03-02 19:37:57,810] - loggin.py] - INFO: ------用户数据权限分配模块测试用例------
[2018-03-02 19:38:10,666] - loggin.py] - INFO: ------用户数据权限分配模块测试用例------
[2018-03-02 19:38:16,849] - loggin.py] - INFO: ------进入网站------
[2018-03-02 19:38:16,853] - loggin.py] - INFO: ------输入登录用户名------
[2018-03-02 19:38:17,003] - loggin.py] - INFO: ------输入登录密码------
[2018-03-02 19:38:19,651] - loggin.py] - INFO: ------测试用户数据功能分配-查询------
[2018-03-02 19:38:20,654] - loggin.py] - INFO: ------搜索用户账户为：11------
[2018-03-02 19:38:21,542] - loggin.py] - INFO: ------搜索用户账户为：11，共有5条数据------
[2018-03-02 19:38:21,923] - loggin.py] - INFO: ------测试用户数据功能分配-分配------
[2018-03-02 19:39:01,360] - loggin.py] - INFO: ------用户数据权限分配模块测试用例------
[2018-03-02 19:39:06,916] - loggin.py] - INFO: ------进入网站------
[2018-03-02 19:39:06,920] - loggin.py] - INFO: ------输入登录用户名------
[2018-03-02 19:39:07,049] - loggin.py] - INFO: ------输入登录密码------
[2018-03-02 19:39:09,860] - loggin.py] - INFO: ------测试用户数据功能分配-查询------
[2018-03-02 19:39:10,862] - loggin.py] - INFO: ------搜索用户账户为：11------
[2018-03-02 19:39:11,740] - loggin.py] - INFO: ------搜索用户账户为：11，共有5条数据------
[2018-03-02 19:39:12,195] - loggin.py] - INFO: ------测试用户数据功能分配-分配------
[2018-03-02 19:40:18,354] - loggin.py] - INFO: ------用户数据权限分配模块测试用例------
[2018-03-02 19:40:24,073] - loggin.py] - INFO: ------进入网站------
[2018-03-02 19:40:24,075] - loggin.py] - INFO: ------输入登录用户名------
[2018-03-02 19:40:24,194] - loggin.py] - INFO: ------输入登录密码------
[2018-03-02 19:40:27,056] - loggin.py] - INFO: ------测试用户数据功能分配-查询------
[2018-03-02 19:40:28,058] - loggin.py] - INFO: ------搜索用户账户为：11------
[2018-03-02 19:40:28,987] - loggin.py] - INFO: ------搜索用户账户为：11，共有5条数据------
[2018-03-02 19:40:29,445] - loggin.py] - INFO: ------测试用户数据功能分配-分配------
[2018-03-02 19:46:23,256] - loggin.py] - INFO: ------用户数据权限分配模块测试用例------
[2018-03-02 19:46:30,040] - loggin.py] - INFO: ------进入网站------
[2018-03-02 19:46:30,042] - loggin.py] - INFO: ------输入登录用户名------
[2018-03-02 19:46:30,195] - loggin.py] - INFO: ------输入登录密码------
[2018-03-02 19:46:33,448] - loggin.py] - INFO: ------测试用户数据功能分配-查询------
[2018-03-02 19:46:34,450] - loggin.py] - INFO: ------搜索用户账户为：11------
[2018-03-02 19:46:35,450] - loggin.py] - INFO: ------搜索用户账户为：11，共有5条数据------
[2018-03-02 19:46:35,796] - loggin.py] - INFO: ------测试用户数据功能分配-分配------
[2018-03-02 19:46:48,992] - loggin.py] - INFO: ------用户数据权限分配模块测试用例------
[2018-03-02 19:46:55,954] - loggin.py] - INFO: ------进入网站------
[2018-03-02 19:46:55,958] - loggin.py] - INFO: ------输入登录用户名------
[2018-03-02 19:46:56,106] - loggin.py] - INFO: ------输入登录密码------
[2018-03-02 19:46:59,110] - loggin.py] - INFO: ------测试用户数据功能分配-查询------
[2018-03-02 19:47:00,112] - loggin.py] - INFO: ------搜索用户账户为：11------
[2018-03-02 19:47:01,058] - loggin.py] - INFO: ------搜索用户账户为：11，共有5条数据------
[2018-03-02 19:47:01,435] - loggin.py] - INFO: ------测试用户数据功能分配-分配------
[2018-03-02 19:50:12,986] - loggin.py] - INFO: ------用户数据权限分配模块测试用例------
[2018-03-02 19:50:19,527] - loggin.py] - INFO: ------进入网站------
[2018-03-02 19:50:19,529] - loggin.py] - INFO: ------输入登录用户名------
[2018-03-02 19:50:19,679] - loggin.py] - INFO: ------输入登录密码------
[2018-03-02 19:50:22,471] - loggin.py] - INFO: ------测试用户数据功能分配-查询------
[2018-03-02 19:50:23,473] - loggin.py] - INFO: ------搜索用户账户为：11------
[2018-03-02 19:50:24,409] - loggin.py] - INFO: ------搜索用户账户为：11，共有5条数据------
[2018-03-02 19:50:24,798] - loggin.py] - INFO: ------测试用户数据功能分配-分配------
[2018-03-02 19:51:12,741] - loggin.py] - INFO: ------用户数据权限分配模块测试用例------
[2018-03-02 19:51:19,544] - loggin.py] - INFO: ------进入网站------
[2018-03-02 19:51:19,547] - loggin.py] - INFO: ------输入登录用户名------
[2018-03-02 19:51:19,712] - loggin.py] - INFO: ------输入登录密码------
[2018-03-02 19:51:22,728] - loggin.py] - INFO: ------测试用户数据功能分配-查询------
[2018-03-02 19:51:23,731] - loggin.py] - INFO: ------搜索用户账户为：11------
[2018-03-02 19:51:24,675] - loggin.py] - INFO: ------搜索用户账户为：11，共有5条数据------
[2018-03-02 19:51:25,199] - loggin.py] - INFO: ------测试用户数据功能分配-分配------
[2018-03-02 20:08:39,553] - loggin.py] - INFO: ------用户数据权限分配模块测试用例------
[2018-03-02 20:08:46,241] - loggin.py] - INFO: ------进入网站------
[2018-03-02 20:08:46,244] - loggin.py] - INFO: ------输入登录用户名------
[2018-03-02 20:08:46,414] - loggin.py] - INFO: ------输入登录密码------
[2018-03-02 20:08:49,420] - loggin.py] - INFO: ------测试用户数据功能分配-查询------
[2018-03-02 20:08:50,423] - loggin.py] - INFO: ------搜索用户账户为：11------
[2018-03-02 20:08:51,307] - loggin.py] - INFO: ------搜索用户账户为：11，共有5条数据------
[2018-03-02 20:08:51,744] - loggin.py] - INFO: ------测试用户数据功能分配-分配------
[2018-03-02 20:11:23,019] - loggin.py] - INFO: ------用户数据权限分配模块测试用例------
[2018-03-02 20:11:28,839] - loggin.py] - INFO: ------进入网站------
[2018-03-02 20:11:28,841] - loggin.py] - INFO: ------输入登录用户名------
[2018-03-02 20:11:29,003] - loggin.py] - INFO: ------输入登录密码------
[2018-03-02 20:11:31,625] - loggin.py] - INFO: ------测试用户数据功能分配-查询------
[2018-03-02 20:11:32,627] - loggin.py] - INFO: ------搜索用户账户为：11------
[2018-03-02 20:11:33,511] - loggin.py] - INFO: ------搜索用户账户为：11，共有5条数据------
[2018-03-02 20:11:33,920] - loggin.py] - INFO: ------测试用户数据功能分配-分配------
